C51 COMPILER V9.59.0.0   MAIN                                                              04/01/2023 18:13:48 PAGE 1   


C51 COMPILER V9.59.0.0, COMPILATION OF MODULE MAIN
OBJECT MODULE PLACED IN .\Objects\main.obj
COMPILER INVOKED BY: C:\Keil_v5\C51\BIN\C51.EXE main.c OPTIMIZE(8,SPEED) BROWSE DEBUG OBJECTEXTEND PRINT(.\Listings\main
                    -.lst) TABS(2) OBJECT(.\Objects\main.obj)

line level    source

   1          #include "reg52.h"
   2          #include "iic.h"
   3          
   4          #define uchar unsigned char 
   5          #define uint unsigned int
   6            
   7          sbit TX = P1^0;
   8          sbit RX = P1^1;
   9          sbit L8 = P0^7;
  10          
  11          uchar code type1[] = {0xc0,0xf9,0xa4,0xb0,0x99,0x92,0x82,0xf8,0x80,0x90,0xff,0xc1,0xc7,0x8c,0x88};
  12          uchar code type2[] = {0x01,0x02,0x04,0x08,0x10,0x20,0x40,0x80};
  13          
  14          uchar num1,num2,num3,num4,num5,num6,num7,num8;
  15          bit f_2ms;
  16          uint t_2ms,tt_2ms;
  17          uchar GN;
  18          uint VRB2,Vmax = 450,Vmin = 50;
  19          uchar model;
  20          uchar distance;
  21          bit f_S5;
  22          bit shanshuo;
  23          bit f_cs;
  24          uchar L_stat;
  25          bit f_100ms;
  26          
  27          void Display_Smg(uchar n1,uchar n2,uchar n3,uchar n4,uchar n5,uchar n6,uchar n7,uchar n8)
  28          {
  29   1        uchar i;
  30   1        P0 = 0xff;
  31   1        P2 = (P2 & 0x1f) | 0xc0;
  32   1        P0 = type2[i];
  33   1        P2 &= 0x1f;
  34   1        P0 = 0xff;
  35   1        switch(i)
  36   1        {
  37   2          case 0:P2 = (P2 & 0x1f) | 0xe0;P0 = type1[n1];P2 &= 0x1f;break;
  38   2          case 1:P2 = (P2 & 0x1f) | 0xe0;P0 = type1[n2];P2 &= 0x1f;break;
  39   2          case 2:P2 = (P2 & 0x1f) | 0xe0;P0 = type1[n3];P2 &= 0x1f;break;
  40   2          case 3:P2 = (P2 & 0x1f) | 0xe0;
  41   2                                if(model == 2)
  42   2                                {
  43   3                                  P0 = type1[n4]&0x7f;
  44   3                                }
  45   2                                else
  46   2                                  P0 = type1[n4];
  47   2                                                        P2 &= 0x1f;break;
  48   2          case 4:P2 = (P2 & 0x1f) | 0xe0;P0 = type1[n5];P2 &= 0x1f;break;
  49   2          case 5:P2 = (P2 & 0x1f) | 0xe0;
  50   2                                if(model == 0)
  51   2                                {
  52   3                                  P0 = type1[n6]&0x7f;
  53   3                                }
  54   2                                else
C51 COMPILER V9.59.0.0   MAIN                                                              04/01/2023 18:13:48 PAGE 2   

  55   2                                  P0 = type1[n6];
  56   2                                                        P2 &= 0x1f;break;
  57   2          case 6:P2 = (P2 & 0x1f) | 0xe0;
  58   2                                if(model == 2)
  59   2                                {
  60   3                                  P0 = type1[n7]&0x7f;
  61   3                                }
  62   2                                else
  63   2                                  P0 = type1[n7];
  64   2                                                        P2 &= 0x1f;break;
  65   2          case 7:P2 = (P2 & 0x1f) | 0xe0;P0 = type1[n8];P2 &= 0x1f;break;
  66   2        }
  67   1        if(++i == 8)
  68   1          i = 0;
  69   1      }
  70          void Delay_Keys(uint t)
  71          {
  72   1        while(t--);
  73   1      }
  74          uchar Scan_Keys()
  75          {
  76   1        uchar d;
  77   1        d = (~P3) & 0x0f;
  78   1        if(d == 0) return 0;
  79   1        Delay_Keys(100);
  80   1        d = (~P3) & 0x0f;
  81   1        if(d == 0) return 0;
  82   1        return d;
  83   1      }
  84          void Change_Keys()
  85          {
  86   1        switch(Scan_Keys())
  87   1        {
  88   2          case 8:GN = 1;break;//S4
  89   2          case 4:GN = 2;break;
  90   2          case 2:GN = 3;break;
  91   2          case 1:GN = 4;break;
  92   2          case 0:GN = 0;break;
  93   2        }
  94   1      }
  95          uint Du_ADc()
  96          {
  97   1        uchar d;
  98   1        I2CStart();
  99   1        I2CSendByte(0x90);
 100   1        I2CWaitAck();
 101   1        I2CSendByte(0x03);
 102   1        I2CWaitAck();
 103   1        I2CStop();
 104   1        
 105   1        Delay_Keys(500);
 106   1        I2CStart();
 107   1        I2CSendByte(0x91);
 108   1        I2CWaitAck();
 109   1        d = I2CReceiveByte();
 110   1        I2CSendAck(1);
 111   1        I2CStop();
 112   1        if(d > 250)
 113   1          d = 250;
 114   1        return d*2;
 115   1      }
 116          void Xie_DAc(uchar dat)
C51 COMPILER V9.59.0.0   MAIN                                                              04/01/2023 18:13:48 PAGE 3   

 117          {
 118   1        I2CStart();
 119   1        I2CSendByte(0x90);
 120   1        I2CWaitAck();
 121   1        I2CSendByte(0x40);
 122   1        I2CWaitAck();
 123   1        I2CSendByte(dat);
 124   1        I2CWaitAck();
 125   1        I2CStop();
 126   1      }
 127          uchar Get_Distance()
 128          {
 129   1        uchar d = 16;
 130   1        TX = 0;
 131   1        TR0 = 1;
 132   1        while(d--)
 133   1        {
 134   2          while(!TF0);
 135   2          TX ^= 1;
 136   2          TH0 = (65536 - 12) / 256;
 137   2          TL0 = (65536 - 12) % 256;
 138   2          TF0 = 0;
 139   2        }
 140   1        TR0 = 0;
 141   1        TH0 = 0;
 142   1        TL0 = 0;
 143   1        TR0 = 1;
 144   1        while(RX && !TF0);
 145   1        TR0 = 0;
 146   1        
 147   1        if(TF0 == 1)
 148   1        {
 149   2          TF0 = 0;
 150   2          return 999;
 151   2        }
 152   1        else
 153   1          return ((TH0<<8)+TL0)*0.017;
 154   1      }
 155          
 156          void Led_Control()
 157          {
 158   1        P0 = 0xff;
 159   1        if(model == 0)
 160   1        {
 161   2          P2 = (P2 & 0x1f) | 0x80;
 162   2          P0 = P0 & 0xfe;//L1亮
 163   2          P2 &= 0x1f;
 164   2        }
 165   1        else
 166   1        {
 167   2          
 168   2          P2 = (P2 & 0x1f) | 0x80;
 169   2          P0 = P0 | 0x01;////L1灭
 170   2          P2 &= 0x1f;
 171   2        }
 172   1        if(model == 1)
 173   1        {
 174   2          P2 = (P2 & 0x1f) | 0x80;
 175   2          P0 = P0 & 0xfd;//L2亮
 176   2          P2 &= 0x1f;
 177   2        }
 178   1        else
C51 COMPILER V9.59.0.0   MAIN                                                              04/01/2023 18:13:48 PAGE 4   

 179   1        {
 180   2          P2 = (P2 & 0x1f) | 0x80;
 181   2          P0 = P0 | 0x02;////L2灭
 182   2          P2 &= 0x1f;
 183   2        }
 184   1        if(model == 2)
 185   1        {
 186   2          P2 = (P2 & 0x1f) | 0x80;
 187   2          P0 = P0 & 0xfb;//L3亮
 188   2          P2 &= 0x1f;
 189   2        }
 190   1        else
 191   1        {
 192   2          P2 = (P2 & 0x1f) | 0x80;
 193   2          P0 = P0 | 0x04;//L3灭
 194   2          P2 &= 0x1f;
 195   2        }
 196   1        if(f_100ms == 1)
 197   1        {
 198   2          P2 = (P2 & 0x1f) | 0x80;
 199   2          P0 = P0 & 0x7f;
 200   2          P2 &= 0x1f;
 201   2        }
 202   1        else
 203   1        {
 204   2          P2 = (P2 & 0x1f) | 0x80;
 205   2          P0 = P0 | 0x80;
 206   2          P2 &= 0x1f;
 207   2        }
 208   1        L_stat = P0;
 209   1      }
 210          
 211          void Init_T0()
 212          {
 213   1        TMOD = (TMOD & 0xf0) | 0x01;
 214   1        TH0 = (65536 - 12) / 256;
 215   1        TL0 = (65536 - 12) % 256;
 216   1      }
 217          void Init_T1()
 218          {
 219   1        TMOD = (TMOD & 0x0f) | 0x10;
 220   1        TH1 = (65536 - 2000) / 256;
 221   1        TL1 = (65536 - 2000) % 256;
 222   1        
 223   1        EA = 1;
 224   1        ET1 = 1;
 225   1        TR1 =1;
 226   1      }
 227          void Init_Sys()
 228          {
 229   1        P2 = (P2 & 0x1f) | 0x80;
 230   1        P0 = 0xff;
 231   1        P2 &= 0x1f;
 232   1        P2 = (P2 & 0x1f) | 0xa0;
 233   1        P0 = 0x00;
 234   1        P2 &= 0x1f;
 235   1        P2 = (P2 & 0x1f) | 0xc0;
 236   1        P0 = 0xff;
 237   1        P2 &= 0x1f;
 238   1        P2 = (P2 & 0x1f) | 0xe0;
 239   1        P0 = 0xff;
 240   1        P2 &= 0x1f;
C51 COMPILER V9.59.0.0   MAIN                                                              04/01/2023 18:13:48 PAGE 5   

 241   1      }
 242          void main()
 243          {
 244   1        Init_Sys();
 245   1        Init_T1();
 246   1        Init_T0();
 247   1        while(1)
 248   1        {
 249   2          if(f_2ms == 1)
 250   2          {
 251   3            f_2ms = 0;
 252   3            Change_Keys();
 253   3            VRB2 = Du_ADc();
 254   3            if(GN == 1)
 255   3            {
 256   4              f_S5 = 0;
 257   4              f_cs = 0;
 258   4              model++;
 259   4              if(model > 2)
 260   4                model = 0;
 261   4              while(Scan_Keys());
 262   4            }
 263   3            if(GN == 2)//S5
 264   3            {
 265   4              f_S5=~f_S5;
 266   4              while(Scan_Keys());
 267   4            }
 268   3            switch(model)
 269   3            {
 270   4              case 0://电压界面
 271   4                num1 = 11;
 272   4                num2=num3=num4=num5=10;
 273   4                num6=VRB2/100;num7=VRB2/10%10;num8=VRB2%10;
 274   4              break;
 275   4              
 276   4              case 1://测量距离
 277   4                num1 = 12;
 278   4                num2=num3=num4=num5=10;
 279   4                if( (VRB2 < Vmax) && (VRB2 > Vmin))
 280   4                {
 281   5                  f_cs = 1;
 282   5                  distance = Get_Distance();
 283   5                  if(distance >= 100)
 284   5                  {
 285   6                    num6=distance/100;num7=distance/10%10;num8=distance%10;
 286   6                  }
 287   5                  else if(distance >= 10)
 288   5                  {
 289   6                    num6=10;num7=distance/10;num8=distance%10;
 290   6                  }
 291   5                  else
 292   5                  {
 293   6                    num6=10;num7=10;num8=distance;
 294   6                  } 
 295   5                  if(distance < 20)
 296   5                    Xie_DAc(51);
 297   5                  else if(distance > 80)
 298   5                    Xie_DAc(255);
 299   5                  else
 300   5                  {
 301   6                    Xie_DAc(51*distance*4/60-51/3);
 302   6                  }
C51 COMPILER V9.59.0.0   MAIN                                                              04/01/2023 18:13:48 PAGE 6   

 303   5                }
 304   4                else
 305   4                {
 306   5                  f_cs = 0;
 307   5                  num6=num7=num8=14;
 308   5                }
 309   4              break;
 310   4              
 311   4              case 2://参数设置界面
 312   4                if(f_S5 == 0)
 313   4                {
 314   5                  if(GN == 3)
 315   5                  {
 316   6                    Vmax +=50;
 317   6                    if(Vmax > 500)
 318   6                      Vmax = 50;
 319   6                    while(Scan_Keys());
 320   6                  }
 321   5                  if(GN == 4)
 322   5                  {
 323   6                    Vmax -=50;
 324   6                    if(Vmax < 50)
 325   6                      Vmax = 500;
 326   6                    while(Scan_Keys());
 327   6                  }
 328   5                  
 329   5                  if(++tt_2ms == 400)
 330   5                  {
 331   6                    tt_2ms = 0;
 332   6                    shanshuo = ~shanshuo;
 333   6                  }
 334   5                  if(shanshuo == 0)
 335   5                  {
 336   6                    num4=Vmax/100;num5=Vmax/10%10;
 337   6                  }
 338   5                  else
 339   5                  {
 340   6                    num4=10;num5=10;
 341   6                  }
 342   5                  num7=Vmin/100;num8=Vmin/10%10;
 343   5                }
 344   4                else
 345   4                {
 346   5                  if(GN == 3)
 347   5                  {
 348   6                    Vmin +=50;
 349   6                    if(Vmin > 500)
 350   6                      Vmin = 50;
 351   6                    while(Scan_Keys());
 352   6                  }
 353   5                  if(GN == 4)
 354   5                  {
 355   6                    Vmin -=50;
 356   6                    if(Vmin < 50)
 357   6                      Vmin = 500;
 358   6                    while(Scan_Keys());
 359   6                  }
 360   5                  if(++tt_2ms == 400)
 361   5                  {
 362   6                    tt_2ms = 0;
 363   6                    shanshuo = ~shanshuo;
 364   6                  }
C51 COMPILER V9.59.0.0   MAIN                                                              04/01/2023 18:13:48 PAGE 7   

 365   5                  if(shanshuo == 0)
 366   5                  {
 367   6                    num7=Vmin/100;num8=Vmin/10%10;
 368   6                  }
 369   5                  else
 370   5                  {
 371   6                    num7=10;num8=10;
 372   6                  }
 373   5                  num4=Vmax/100;num5=Vmax/10%10;
 374   5                }
 375   4                num1 = 13;
 376   4                num2=num3=num6=10;
 377   4              break;
 378   4            }
 379   3            Led_Control();
 380   3          }
 381   2        }
 382   1      }
 383          void Service_T1() interrupt 3
 384          {
 385   1        TH1 = (65536 - 2000) / 256;
 386   1        TL1 = (65536 - 2000) % 256;
 387   1        
 388   1        f_2ms = 1;
 389   1        Display_Smg(num1,num2,num3,num4,num5,num6,num7,num8);
 390   1        if(f_cs == 1)
 391   1        { 
 392   2          t_2ms++;
 393   2        }
 394   1        else
 395   1        {
 396   2          P2 = (P2 & 0x1f) | 0x80;
 397   2          P0 = L_stat | 0x80;
 398   2          P2 &= 0x1f;
 399   2        }
 400   1        if(t_2ms == 50)
 401   1        {
 402   2          t_2ms = 0;
 403   2          f_100ms = ~f_100ms;
 404   2        }
 405   1      }


MODULE INFORMATION:   STATIC OVERLAYABLE
   CODE SIZE        =   1599    ----
   CONSTANT SIZE    =     23    ----
   XDATA SIZE       =   ----    ----
   PDATA SIZE       =   ----    ----
   DATA SIZE        =     22      11
   IDATA SIZE       =   ----    ----
   BIT SIZE         =      5    ----
END OF MODULE INFORMATION.


C51 COMPILATION COMPLETE.  0 WARNING(S),  0 ERROR(S)
