C51 COMPILER V9.55   MAIN                                                                  03/18/2022 19:23:59 PAGE 1   


C51 COMPILER V9.55, COMPILATION OF MODULE MAIN
OBJECT MODULE PLACED IN .\Objects\main.obj
COMPILER INVOKED BY: D:\keilc\pack_file\C51\BIN\C51.EXE main.c OPTIMIZE(8,SPEED) BROWSE DEBUG OBJECTEXTEND PRINT(.\Listi
                    -ngs\main.lst) TABS(2) OBJECT(.\Objects\main.obj)

line level    source

   1          #include <STC15F2K60S2.h>
   2          #include <onewire.h>
   3          #include <ds1302.h>
   4          #include <intrins.h>
   5          #define uchar unsigned char 
   6          #define uint unsigned int 
   7          
   8          uchar code type1[]={0xc0,0xf9,0xa4,0xb0,0x99,0x92,0x82,0xf8,0x80,0x90,0xff,0xbf};
   9          uchar code type2[]={0x01,0x02,0x04,0x08,0x10,0x20,0x40,0x80};
  10          uchar type3[]={0xff,0xff,0xff,0xff,0xff,0xff,0xff,0xff,0xff,0xff};
  11          uchar num1,num2,num3,num4,num5,num6,num7,num8;
  12          uchar GN;
  13          uchar hour,minute,second;
  14          uchar f_2ms;
  15          uint t_2ms;
  16          uint tt_2ms,ttt_2ms;
  17          uchar t_1s,t_led;
  18          uchar temper,temper_1=0;
  19          uchar time_gap;
  20          uchar f_time;
  21          uchar over;
  22          bit model;
  23          bit shanshuo;
  24          bit f_led;
  25          uchar f_flag;
  26          uchar a,b,c,p;
  27          
  28          
  29          void Delay10ms()    //@11.0592MHz
  30          {
  31   1        unsigned char i, j;
  32   1      
  33   1        i = 108;
  34   1        j = 145;
  35   1        do
  36   1        {
  37   2          while (--j);
  38   2        } while (--i);
  39   1      }
  40          
  41          void smg_display(uchar n1,uchar n2,uchar n3,uchar n4,uchar n5,uchar n6,uchar n7,uchar n8)
  42          {
  43   1        uchar i;
  44   1        P2=(P2&0x1f)|0xc0;
  45   1        P0=type2[i];
  46   1        P2=(P2&0x1f);
  47   1        switch(i)
  48   1        {
  49   2          case 0:P2=(P2&0x1f)|0xe0;P0=type1[n1];P2=(P2&0x1f);break;
  50   2          case 1:P2=(P2&0x1f)|0xe0;P0=type1[n2];P2=(P2&0x1f);break;   
  51   2          case 2:P2=(P2&0x1f)|0xe0;P0=type1[n3];P2=(P2&0x1f);break;   
  52   2          case 3:P2=(P2&0x1f)|0xe0;P0=type1[n4];P2=(P2&0x1f);break;   
  53   2          case 4:P2=(P2&0x1f)|0xe0;P0=type1[n5];P2=(P2&0x1f);break;   
  54   2          case 5:P2=(P2&0x1f)|0xe0;P0=type1[n6];P2=(P2&0x1f);break;
C51 COMPILER V9.55   MAIN                                                                  03/18/2022 19:23:59 PAGE 2   

  55   2          case 6:P2=(P2&0x1f)|0xe0;P0=type1[n7];P2=(P2&0x1f);break;
  56   2          case 7:P2=(P2&0x1f)|0xe0;P0=type1[n8];P2=(P2&0x1f);break;   
  57   2        }
  58   1        i++;
  59   1        if(i==8)
  60   1          i=0;  
  61   1      }
  62          
  63          ///////////////////////////////////////°´¼ü
  64          uchar key_scan()
  65          {
  66   1        uchar temp;
  67   1        temp=(~P3)&0x0f;
  68   1        if(temp==0) return 0;
  69   1        Delay10ms();
  70   1        temp=(~P3)&0x0f;
  71   1        if(temp==0) return 0; 
  72   1        
  73   1        return temp;  
  74   1      }
  75          
  76          void key_change()
  77          {
  78   1        uchar D;
  79   1        D=key_scan();
  80   1        switch(D)
  81   1        {
  82   2          case 8:GN=1;break;
  83   2          case 4:GN=2;break;
  84   2          case 2:GN=3;break;
  85   2          case 1:GN=4;break;
  86   2          case 0:GN=0;break;    
  87   2        }
  88   1      }
  89          ///////////////////////////////1302
  90          void xie_ds1302()
  91          {
  92   1        Write_Ds1302_Byte( 0x8e,0x00 );
  93   1        Write_Ds1302_Byte( 0x84,0x23 ); 
  94   1        Write_Ds1302_Byte( 0x82,0x59 ); 
  95   1        Write_Ds1302_Byte( 0x80,0x50 ); 
  96   1      }
  97          void du_ds1302()
  98          {
  99   1        hour=Read_Ds1302_Byte( 0x85 );   hour=((hour>>4)*10+(hour&0x0f));
 100   1        minute=Read_Ds1302_Byte( 0x83 ); minute=((minute>>4)*10+(minute&0x0f));
 101   1        second=Read_Ds1302_Byte( 0x81 ); second=((second>>4)*10+(second&0x0f)); 
 102   1      }
 103          
 104          ///////////////////////////////////led
 105          void led()
 106          {
 107   1        if(b==1)
 108   1        {
 109   2          if(++t_led==25)
 110   2          {
 111   3            t_led=0;
 112   3            f_led=~f_led;
 113   3          
 114   3          if(f_led==0)
 115   3          {
 116   4            EA=0;
C51 COMPILER V9.55   MAIN                                                                  03/18/2022 19:23:59 PAGE 3   

 117   4            P0=0xff;
 118   4            P2=(P2&0x1f)|0x80;
 119   4            P0=0xfe;
 120   4            P2=(P2&0x1f); 
 121   4            EA=1;     
 122   4          }
 123   3          else if(f_led==1)
 124   3          {
 125   4            EA=0;
 126   4            P0=0xff;
 127   4            P2=(P2&0x1f)|0x80;
 128   4            P0=0xff;
 129   4            P2=(P2&0x1f);
 130   4            EA=1;
 131   4          }
 132   3          }
 133   2          }
 134   1          if(b==0)
 135   1          {
 136   2            EA=0;
 137   2            P0=0xff;
 138   2            P2=(P2&0x1f)|0x80;
 139   2            P0=0xff;
 140   2            P2=(P2&0x1f); 
 141   2            EA=1;       
 142   2            
 143   2          } 
 144   1      }
 145          
 146          void time1_int1()
 147          {
 148   1        EA=1;
 149   1        ET1=1;
 150   1        TR1=1;
 151   1        TMOD=(TMOD&0x0f)|0x10;
 152   1        TH1=(65536-2000/(120000/110592))/256;
 153   1        TL1=(65536-2000/(120000/110592))%256; 
 154   1      }
 155          
 156          
 157          void main()
 158          {
 159   1        
 160   1        P2=(P2&0x1f)|0xa0;
 161   1        P0=0x0;
 162   1        P2=(P2&0x1f); 
 163   1        time1_int1();
 164   1        initial_ds18b20();
 165   1        c=rd_temperature( );
 166   1        while(1)
 167   1        {
 168   2          if(f_2ms==1)
 169   2          {
 170   3            f_2ms=0;
 171   3            
 172   3            key_change();
 173   3            
 174   3            if(GN==1 && model==0)
 175   3            {
 176   4              f_time++;
 177   4              if(f_time==4)
 178   4                f_time=0;
C51 COMPILER V9.55   MAIN                                                                  03/18/2022 19:23:59 PAGE 4   

 179   4              while(key_scan());        
 180   4            }
 181   3            if(GN==2)
 182   3            {
 183   4              model=1;
 184   4              while(key_scan());  
 185   4            }
 186   3            if(GN==3 && f_flag==1)
 187   3            {
 188   4              over=1;
 189   4              while(key_scan());  
 190   4            }     
 191   3            
 192   3           
 193   3           if(model==0)
 194   3           {       
 195   4            switch(f_time)
 196   4            {
 197   5              case 0:
 198   5                     time_gap=1;
 199   5                     num1=num2=num3=num4=num5=10;
 200   5                     num6=11;
 201   5                     num7=time_gap/10;num8=time_gap%10;       
 202   5                     break;
 203   5              case 1:
 204   5                     time_gap=5;
 205   5                     num1=num2=num3=num4=num5=10;
 206   5                     num6=11;
 207   5                     num7=time_gap/10;num8=time_gap%10;       
 208   5                     break;         
 209   5              case 2:
 210   5                     time_gap=30;
 211   5                     num1=num2=num3=num4=num5=10;
 212   5                     num6=11;
 213   5                     num7=time_gap/10;num8=time_gap%10;       
 214   5                     break;                         
 215   5              case 3:
 216   5                     time_gap=60;
 217   5                     num1=num2=num3=num4=num5=10;
 218   5                     num6=11;
 219   5                     num7=time_gap/10;num8=time_gap%10;       
 220   5                     break;                   
 221   5               }
 222   4             }//model==0
 223   3           if(p==0)
 224   3           {
 225   4            if(model==1)
 226   4            {
 227   5              if(a==0)
 228   5              {
 229   6                xie_ds1302();
 230   6                a=1;
 231   6              }
 232   5              du_ds1302();
 233   5              num1=hour/10;num2=hour%10;
 234   5              t_2ms++;
 235   5              if(t_2ms==500)
 236   5              {
 237   6                t_2ms=0;
 238   6                shanshuo=~shanshuo;
 239   6              }
 240   5              if(shanshuo==0)
C51 COMPILER V9.55   MAIN                                                                  03/18/2022 19:23:59 PAGE 5   

 241   5                num3=num6=11;
 242   5              else if(shanshuo==1)
 243   5                num3=num6=10;
 244   5              num4=minute/10;num5=minute%10;        
 245   5              num7=second/10;num8=second%10;  
 246   5      
 247   5              switch(time_gap)
 248   5              {
 249   6                case 1:
 250   6                     if(f_flag==0)
 251   6                     {            
 252   7                       if(tt_2ms++==500)
 253   7                       {
 254   8                         tt_2ms=0;
 255   8      
 256   8                          type3[temper]=rd_temperature( );                     
 257   8                          temper++;
 258   8                         if(temper==10)
 259   8                         {
 260   9                          temper=0; 
 261   9                          f_flag=1; 
 262   9                          b=1;                     
 263   9                         }  
 264   8                        }
 265   7                     }
 266   6                       break;
 267   6                case 5:
 268   6                     if(f_flag==0)
 269   6                     {            
 270   7                       if(++tt_2ms==500)
 271   7                       {
 272   8                         tt_2ms=0;
 273   8                         t_1s++;
 274   8                         if(t_1s==5)
 275   8                         {
 276   9                           t_1s=0;
 277   9                            type3[temper]=rd_temperature( );   
 278   9                           temper++;
 279   9                           if(temper==10)
 280   9                           {
 281  10                            temper=0; 
 282  10                            f_flag=1; 
 283  10                            b=1;                       
 284  10                           }
 285   9                         }                     
 286   8                       }
 287   7                     } 
 288   6                       break;                
 289   6                case 30:
 290   6                     if(f_flag==0)
 291   6                     {            
 292   7                       if(++tt_2ms==500)
 293   7                       {
 294   8                         tt_2ms=0;
 295   8                         t_1s++;
 296   8                         if(t_1s==30)
 297   8                         {
 298   9                           t_1s=0;
 299   9      
 300   9                            type3[temper]=rd_temperature( );   
 301   9                          
 302   9                           temper++;
C51 COMPILER V9.55   MAIN                                                                  03/18/2022 19:23:59 PAGE 6   

 303   9                           if(temper==10)
 304   9                           {
 305  10                            temper=0; 
 306  10                            f_flag=1; 
 307  10                            b=1;                       
 308  10                           }
 309   9                         }                     
 310   8                       }
 311   7                     } 
 312   6                       break; 
 313   6                case 60:
 314   6                     if(f_flag==0)
 315   6                     {            
 316   7                       if(++tt_2ms==500)
 317   7                       {
 318   8                         tt_2ms=0;
 319   8                         t_1s++;
 320   8                         if(t_1s==60)
 321   8                         {
 322   9                           t_1s=0;
 323   9                           type3[temper]=rd_temperature( );                      
 324   9                           temper++;
 325   9                           if(temper==10)
 326   9                           {
 327  10                            temper=0; 
 328  10                            f_flag=1; 
 329  10                            b=1;                       
 330  10                           }
 331   9                         }                     
 332   8                       }
 333   7                      } 
 334   6                       break;         
 335   6              }//switch
 336   5      
 337   5            }//model==1
 338   4          } 
 339   3            led();  
 340   3            if(f_flag==1)
 341   3            {
 342   4              if(over==1)
 343   4              {
 344   5                b=0;p=1;
 345   5              if(++ttt_2ms > 500)
 346   5              {
 347   6                 ttt_2ms=0;
 348   6                 temper_1++;
 349   6                 if(temper_1==10)
 350   6                   temper_1=0;   
 351   6              }           
 352   5                num1=11;
 353   5                num2=0;
 354   5                num3=temper_1;
 355   5                num4=num5=10;
 356   5                num6=11;
 357   5                num7=type3[temper_1]/10;
 358   5                num8=type3[temper_1]%10;  
 359   5                      
 360   5                if(GN==4)
 361   5                {
 362   6                  model=0;
 363   6                  f_flag=0;
 364   6                  over=0;
C51 COMPILER V9.55   MAIN                                                                  03/18/2022 19:23:59 PAGE 7   

 365   6                  temper_1=0;p=0;
 366   6                }
 367   5                      
 368   5              }//over
 369   4            }             
 370   3          
 371   3          }//f_2ms
 372   2        }//while
 373   1      }
 374          
 375          
 376          void cl_time1_int1() interrupt 3
 377          {
 378   1        TH1=(65536-2000/(120000/110592))/256;
 379   1        TL1=(65536-2000/(120000/110592))%256;   
 380   1        
 381   1        smg_display(num1,num2,num3,num4,num5,num6,num7,num8);
 382   1        
 383   1        f_2ms=1;
 384   1      }
 385          
 386          
 387          
 388          
 389          
 390          
 391          
 392          
 393          
 394          
 395          
 396          


MODULE INFORMATION:   STATIC OVERLAYABLE
   CODE SIZE        =   1194    ----
   CONSTANT SIZE    =     20    ----
   XDATA SIZE       =   ----    ----
   PDATA SIZE       =   ----    ----
   DATA SIZE        =     41       9
   IDATA SIZE       =   ----    ----
   BIT SIZE         =      3    ----
END OF MODULE INFORMATION.


C51 COMPILATION COMPLETE.  0 WARNING(S),  0 ERROR(S)
