C51 COMPILER V9.60.7.0   IIC                                                               04/09/2024 22:50:15 PAGE 1   


C51 COMPILER V9.60.7.0, COMPILATION OF MODULE IIC
OBJECT MODULE PLACED IN .\Objects\iic.obj
COMPILER INVOKED BY: C:\Keil_v5\C51\BIN\C51.EXE iic.c OPTIMIZE(8,SPEED) BROWSE DEBUG OBJECTEXTEND PRINT(.\Listings\iic.l
                    -st) OBJECT(.\Objects\iic.obj)

line level    source

   1          /*      #   I2C代码片段说明
   2                  1.      本文件夹中提供的驱动代码供参赛选手完成程序设计参考。
   3                  2.      参赛选手可以自行编写相关代码或以该代码为基础，根据所选单片机类型、
             -行速度和试题
   4                          中对单片机时钟频率的要求，进行代码调试和修改。
   5          */
   6          #include "iic.h"
   7          
   8          #define DELAY_TIME      5
   9          
  10          //I2C总线内部延时函数
  11          static void I2C_Delay(unsigned char n)
  12          {
  13   1          do
  14   1          {
  15   2              _nop_();_nop_();_nop_();_nop_();_nop_();
  16   2              _nop_();_nop_();_nop_();_nop_();_nop_();
  17   2              _nop_();_nop_();_nop_();_nop_();_nop_();                
  18   2          }
  19   1          while(n--);         
  20   1      }
  21          
  22          //I2C总线启动信号
  23          void I2CStart(void)
  24          {
  25   1          sda = 1;
  26   1          scl = 1;
  27   1              I2C_Delay(DELAY_TIME);
  28   1          sda = 0;
  29   1              I2C_Delay(DELAY_TIME);
  30   1          scl = 0;    
  31   1      }
  32          
  33          //I2C总线停止信号
  34          void I2CStop(void)
  35          {
  36   1          sda = 0;
  37   1          scl = 1;
  38   1              I2C_Delay(DELAY_TIME);
  39   1          sda = 1;
  40   1              I2C_Delay(DELAY_TIME);
  41   1      }
  42          
  43          //I2C总线发送一个字节数据
  44          void I2CSendByte(unsigned char byt)
  45          {
  46   1          unsigned char i;
  47   1              
  48   1          for(i=0; i<8; i++){
  49   2              scl = 0;
  50   2                      I2C_Delay(DELAY_TIME);
  51   2              if(byt & 0x80){
  52   3                  sda = 1;
  53   3              }
C51 COMPILER V9.60.7.0   IIC                                                               04/09/2024 22:50:15 PAGE 2   

  54   2              else{
  55   3                  sda = 0;
  56   3              }
  57   2                      I2C_Delay(DELAY_TIME);
  58   2              scl = 1;
  59   2              byt <<= 1;
  60   2                      I2C_Delay(DELAY_TIME);
  61   2          }
  62   1              
  63   1          scl = 0;  
  64   1      }
  65          
  66          //I2C总线接收一个字节数据
  67          unsigned char I2CReceiveByte(void)
  68          {
  69   1              unsigned char da;
  70   1              unsigned char i;
  71   1              for(i=0;i<8;i++){   
  72   2                      scl = 1;
  73   2                      I2C_Delay(DELAY_TIME);
  74   2                      da <<= 1;
  75   2                      if(sda) 
  76   2                              da |= 0x01;
  77   2                      scl = 0;
  78   2                      I2C_Delay(DELAY_TIME);
  79   2              }
  80   1              return da;    
  81   1      }
  82          
  83          //等待应答
  84          unsigned char I2CWaitAck(void)
  85          {
  86   1              unsigned char ackbit;
  87   1              
  88   1          scl = 1;
  89   1              I2C_Delay(DELAY_TIME);
  90   1          ackbit = sda; 
  91   1          scl = 0;
  92   1              I2C_Delay(DELAY_TIME);
  93   1              
  94   1              return ackbit;
  95   1      }
  96          
  97          //发送应答或非应答信号
  98          void I2CSendAck(unsigned char ackbit)
  99          {
 100   1          scl = 0;
 101   1          sda = ackbit; 
 102   1              I2C_Delay(DELAY_TIME);
 103   1          scl = 1;
 104   1              I2C_Delay(DELAY_TIME);
 105   1          scl = 0; 
 106   1              sda = 1;
 107   1              I2C_Delay(DELAY_TIME);
 108   1      }
 109          


MODULE INFORMATION:   STATIC OVERLAYABLE
   CODE SIZE        =    168    ----
   CONSTANT SIZE    =   ----    ----
   XDATA SIZE       =   ----    ----
C51 COMPILER V9.60.7.0   IIC                                                               04/09/2024 22:50:15 PAGE 3   

   PDATA SIZE       =   ----    ----
   DATA SIZE        =   ----    ----
   IDATA SIZE       =   ----    ----
   BIT SIZE         =   ----    ----
END OF MODULE INFORMATION.


C51 COMPILATION COMPLETE.  0 WARNING(S),  0 ERROR(S)
