C51 COMPILER V9.55   MAIN                                                                  05/10/2022 20:46:53 PAGE 1   


C51 COMPILER V9.55, COMPILATION OF MODULE MAIN
OBJECT MODULE PLACED IN .\Objects\main.obj
COMPILER INVOKED BY: D:\keilc\pack_file\C51\BIN\C51.EXE main.c OPTIMIZE(8,SPEED) BROWSE DEBUG OBJECTEXTEND PRINT(.\Listi
                    -ngs\main.lst) TABS(2) OBJECT(.\Objects\main.obj)

line level    source

   1          #include <STC15F2K60S2.H>
   2          #include "iic.h"
   3          #include "ds1302.h"   
   4          #include <intrins.h>
   5          
   6          #define uchar unsigned char 
   7          #define uint unsigned int 
   8            
   9          uchar code type1[]={  0xC0,
  10                                0xF9,
  11                                0xA4,
  12                                0xB0,
  13                                0x99,
  14                                0x92,
  15                                0x82,
  16                                0xF8,
  17                                0x80,
  18                                0x90,0xff,0xbf};
  19          uchar code type2[]={0x01,0x02,0x04,0x08,0x10,0x20,0x40,0x80};
  20          uchar num1,num2,num3,num4,num5,num6,num7,num8;
  21          uchar GN;
  22          bit f_2ms;
  23          uchar t_2ms;
  24          uchar x_2ms;
  25          uint tt_2ms;
  26          bit flag;
  27          
  28          uchar hour,minute,second;
  29          uint temp_f;
  30          
  31          uchar model=0;
  32          bit f_time;
  33          uchar t_model;
  34          bit shanshuo;
  35          
  36          bit v_model,vf_model;
  37          uint v_temp;
  38          bit v_hl=1;
  39          uint V_h=2000,V_l=1000;
  40          char a;
  41          
  42          
  43          uchar f_model;
  44          bit f_FT;
  45          uint t_temp;
  46          
  47          
  48          bit chaxun;
  49          uchar type;
  50          bit f_chaxun;
  51          char b=0,c=0,d=0,e=0,n,m;
  52          
  53          void Delay10ms()    //@12.000MHz
  54          {
C51 COMPILER V9.55   MAIN                                                                  05/10/2022 20:46:53 PAGE 2   

  55   1        unsigned char i, j;
  56   1      
  57   1        i = 117;
  58   1        j = 184;
  59   1        do
  60   1        {
  61   2          while (--j);
  62   2        } while (--i);
  63   1      }
  64          
  65          void smg_display(char n1,char n2,char n3,char n4,char n5,char n6,char n7,char n8)
  66          {
  67   1        char i;
  68   1        P0=0xff;
  69   1        P2=(P2&0x1f)|0xc0;
  70   1        P0=type2[i];
  71   1        P2=(P2&0x1f);
  72   1        switch(i)
  73   1        {
  74   2          case 0:P2=(P2&0x1f)|0xe0;P0=type1[n1];P2=(P2&0x1f);break;
  75   2          case 1:P2=(P2&0x1f)|0xe0;P0=type1[n2];P2=(P2&0x1f);break;
  76   2          case 2:P2=(P2&0x1f)|0xe0;P0=type1[n3];P2=(P2&0x1f);break;
  77   2          case 3:P2=(P2&0x1f)|0xe0;P0=type1[n4];P2=(P2&0x1f);break;
  78   2          case 4:P2=(P2&0x1f)|0xe0;P0=type1[n5];P2=(P2&0x1f);break;
  79   2          case 5:P2=(P2&0x1f)|0xe0;P0=type1[n6];P2=(P2&0x1f);break;
  80   2          case 6:P2=(P2&0x1f)|0xe0;P0=type1[n7];P2=(P2&0x1f);break;
  81   2          case 7:P2=(P2&0x1f)|0xe0;P0=type1[n8];P2=(P2&0x1f);break;
  82   2        }
  83   1        if(++i==8)
  84   1          i=0;
  85   1      }
  86          //=======================================key
  87          uchar  key_scan()
  88          {
  89   1        uchar H,L;
  90   1        P3=0xdf;P44=0;P42=0;H=(~P3)&0x0f;
  91   1        if(H==0) return 0;
  92   1        Delay10ms();
  93   1        P3=0xff;P44=0;P42=0;H=(~P3)&0x0f;
  94   1        if(H==0) return 0;  
  95   1        P3=0xf0;P44=1;P42=1;L=(~P3)&0x20;
  96   1        if(P44==0) L|=0x80;
  97   1        if(P42==0) L|=0x40;
  98   1        
  99   1        return L+H; 
 100   1      }
 101          void key_change()
 102          {
 103   1        uchar D;
 104   1        D=key_scan();
 105   1        switch(D)
 106   1        {
 107   2          case 0x88:GN=4;break;
 108   2          case 0x84:GN=5;break;
 109   2          case 0x82:GN=6;break;
 110   2          case 0x81:GN=7;break;
 111   2          case 0x48:GN=8;break;
 112   2          case 0x44:GN=9;break;
 113   2          case 0x42:GN=10;break;
 114   2          case 0x41:GN=11;break;
 115   2          case 0 :GN=0;break;
 116   2        }
C51 COMPILER V9.55   MAIN                                                                  05/10/2022 20:46:53 PAGE 3   

 117   1      }
 118          
 119          //====================================pcf8591
 120          void initial_8591()
 121          {
 122   1        IIC_Start( );
 123   1        IIC_SendByte(0x90+0); 
 124   1        IIC_WaitAck( ); 
 125   1        IIC_SendByte(0x3);
 126   1        IIC_WaitAck( ); 
 127   1        IIC_Stop( );
 128   1      }
 129          uint du_adc()
 130          {
 131   1        uint D;
 132   1        IIC_Start( );
 133   1        IIC_SendByte(0x90+1); 
 134   1        IIC_WaitAck( );   
 135   1        D=IIC_RecByte( );
 136   1        IIC_SendAck(1); 
 137   1        IIC_Stop( );
 138   1        D=(D*5000.0)/255;
 139   1        return D; 
 140   1      }
 141          //=====================================24c02
 142          void xie_24c02(uchar addr,uchar dat)
 143          {
 144   1        IIC_Start( );
 145   1        IIC_SendByte(0xa0+0); 
 146   1        IIC_WaitAck( ); 
 147   1        IIC_SendByte(addr); 
 148   1        IIC_WaitAck( );
 149   1        IIC_SendByte(dat);
 150   1        IIC_WaitAck( );
 151   1        IIC_Stop( );
 152   1      }
 153          uchar du_24c02(uchar addr)
 154          {
 155   1        uchar D;
 156   1        IIC_Start( );
 157   1        IIC_SendByte(0xa0+0); 
 158   1        IIC_WaitAck( ); 
 159   1        IIC_SendByte(addr); 
 160   1        IIC_WaitAck( ); 
 161   1        
 162   1        IIC_Start( );
 163   1        IIC_SendByte(0xa0+1); 
 164   1        IIC_WaitAck( );   
 165   1        D=IIC_RecByte( );
 166   1        IIC_SendAck(1); 
 167   1        IIC_Stop( );
 168   1        
 169   1        return D;
 170   1      }
 171          //==================================1302
 172          void xie_1302()
 173          {
 174   1        Write_Ds1302_Byte( 0x8e,0x00 );
 175   1        Write_Ds1302_Byte( 0x84,0x23 );
 176   1        Write_Ds1302_Byte( 0x82,0x59 );
 177   1        Write_Ds1302_Byte( 0x80,0x55 );
 178   1      
C51 COMPILER V9.55   MAIN                                                                  05/10/2022 20:46:53 PAGE 4   

 179   1      }
 180          void du_1302()
 181          {
 182   1        hour=Read_Ds1302_Byte( 0x85 );   hour=(hour>>4)*10+(hour&0x0f);
 183   1        minute=Read_Ds1302_Byte( 0x83 ); minute=(minute>>4)*10+(minute&0x0f);
 184   1        second=Read_Ds1302_Byte( 0x81 ); second=(second>>4)*10+(second&0x0f);
 185   1      }
 186          uchar change_bcd(uchar D)
 187          {
 188   1        uchar dat1,dat2;
 189   1        dat1=D/10;
 190   1        dat2=D%10;
 191   1        dat2=dat1*16+dat2;  
 192   1        
 193   1        return dat2;
 194   1      }
 195          
 196          void time0()
 197          {
 198   1        TMOD=(TMOD&0xf0)|0x05;
 199   1        TH0=TL0=0;
 200   1      }
 201          void time1_int1()
 202          {
 203   1        EA=1;
 204   1        ET1=1;
 205   1        TR1=1;
 206   1        TMOD=(TMOD&0x0f)|0x10;
 207   1        TH1=(65536-2000)/256;
 208   1        TL1=(65536-2000)%256; 
 209   1      }
 210          void initial_all()
 211          {
 212   1        P2=(P2&0x1f)|0xa0;
 213   1        P0=0x00;
 214   1        P2=(P2&0x1f); 
 215   1        P2=(P2&0x1f)|0x80;
 216   1        P0=0xff;
 217   1        P2=(P2&0x1f); 
 218   1        P2=(P2&0x1f)|0xc0;
 219   1        P0=0xff;
 220   1        P2=(P2&0x1f); 
 221   1        P2=(P2&0x1f)|0xe0;
 222   1        P0=0xff;
 223   1        P2=(P2&0x1f); 
 224   1      }
 225          //////////////////////////////////////时钟模块
 226          void time_mk()
 227          {
 228   1          if(GN==7)
 229   1          {
 230   2           model=1;        v_model=0;f_model=0;chaxun=0;
 231   2           t_model=0; //为下次进入调节时间做准备
 232   2           f_time=1; //时分秒走起来
 233   2           while(key_scan());
 234   2          }     
 235   1           
 236   1          if(model==1)//时钟显示
 237   1          {
 238   2             if(GN==4)
 239   2             {
 240   3               f_time=0;
C51 COMPILER V9.55   MAIN                                                                  05/10/2022 20:46:53 PAGE 5   

 241   3               t_model++;
 242   3               if(t_model==4)
 243   3                 t_model=1; 
 244   3                while(key_scan());
 245   3             }
 246   2          
 247   2           if(f_time)
 248   2           {       
 249   3             du_1302();
 250   3             num1=hour/10;num2=hour%10;num3=11;
 251   3             num4=minute/10;num5=minute%10;num6=11;
 252   3             num7=second/10;num8=second%10;
 253   3           }
 254   2           else
 255   2           {
 256   3           
 257   3             switch(t_model)
 258   3             {
 259   4               case 1:
 260   4                             if(GN==11)
 261   4                             {
 262   5                               if(hour==23) hour=23; else hour++;
 263   5                                while(key_scan());
 264   5                             }
 265   4                             if(GN==10)
 266   4                             {
 267   5                                if(hour==0) hour=0; else hour--;   
 268   5                                 while(key_scan());
 269   5                             }           
 270   4                       Write_Ds1302_Byte( 0x84,change_bcd(hour) );//写入时间
 271   4                       if(shanshuo)
 272   4                       {
 273   5                         num1=hour/10;num2=hour%10;
 274   5                       }
 275   4                       else 
 276   4                       {
 277   5                          num1=10;num2=10;
 278   5                       }                   
 279   4                       num3=11;
 280   4                       num4=minute/10;num5=minute%10;num6=11;
 281   4                       num7=second/10;num8=second%10;          
 282   4                      break;
 283   4               case 2:
 284   4                             if(GN==11)
 285   4                             {
 286   5                               if(minute==59) minute=59; else minute++;  while(key_scan());
 287   5                             }
 288   4                             if(GN==10)
 289   4                             {
 290   5                                if(minute==0) minute=0; else minute--;    while(key_scan());
 291   5                             }           
 292   4                       Write_Ds1302_Byte( 0x82,change_bcd(minute) );//写入时间
 293   4                       if(shanshuo)
 294   4                       {
 295   5                         num4=minute/10;num5=minute%10;
 296   5                       }
 297   4                       else 
 298   4                       {
 299   5                          num4=10;num5=10;
 300   5                       }                   
 301   4                       num3=11;
 302   4                       num1=hour/10;num2=hour%10;num6=11;
C51 COMPILER V9.55   MAIN                                                                  05/10/2022 20:46:53 PAGE 6   

 303   4                       num7=second/10;num8=second%10;          
 304   4                      break;         
 305   4               case 3:
 306   4                             if(GN==11)
 307   4                             {
 308   5                               if(second==59) second=59; else second++;   while(key_scan());
 309   5                             }
 310   4                             if(GN==10)
 311   4                             {
 312   5                                if(second==0) second=0; else second--;     while(key_scan()); 
 313   5                             }           
 314   4                       Write_Ds1302_Byte( 0x80,change_bcd(second) );//写入时间
 315   4                       if(shanshuo)
 316   4                       {
 317   5                         num7=second/10;num8=second%10;
 318   5                       }
 319   4                       else 
 320   4                       {
 321   5                          num7=10;num8=10;
 322   5                       }                   
 323   4                       num3=11;
 324   4                       num1=hour/10;num2=hour%10;num6=11;
 325   4                       num4=minute/10;num5=minute%10;          
 326   4                      break;           
 327   4               
 328   4               
 329   4             }//switch
 330   3           }
 331   2      
 332   2          }   //shizhong  
 333   1      }
 334          void volt_mk() //////////电压模块
 335          {
 336   1          if(GN==6)
 337   1          {
 338   2            v_model=1;          model=0;f_model=0;chaxun=0;
 339   2            vf_model=0;//实时测量电压
 340   2            a=0;       //保存一次电压阈值
 341   2            while(key_scan());
 342   2          }     
 343   1                       if(a==0) //保存电压阈值
 344   1                       {
 345   2                         xie_24c02(4,V_h/100);
 346   2                         Delay10ms();
 347   2                         xie_24c02(5,V_l/100);
 348   2                         Delay10ms();
 349   2                         a=1;
 350   2                       }
 351   1      
 352   1           if(v_model==1)
 353   1           {
 354   2             if(GN==4)
 355   2             {
 356   3                vf_model=1;
 357   3                v_hl=~v_hl;
 358   3                while(key_scan());         
 359   3             }
 360   2            if(vf_model==0)
 361   2            {       
 362   3             if(++x_2ms==40)
 363   3             {
 364   4               x_2ms=0;
C51 COMPILER V9.55   MAIN                                                                  05/10/2022 20:46:53 PAGE 7   

 365   4               v_temp=du_adc();
 366   4             }
 367   3             num1=11;num2=1;num3=11;
 368   3             num4=10;
 369   3             num5=v_temp/1000;num6=v_temp%1000/100;num7=v_temp%100/10;num8=v_temp%10;
 370   3           } 
 371   2            else
 372   2            {
 373   3              if(v_hl==0)
 374   3              {
 375   4                             if(GN==11)
 376   4                             {
 377   5                               if(V_h>4999) V_h=5000; else V_h+=500;   while(key_scan());
 378   5                             }
 379   4                             if(GN==10)
 380   4                             {
 381   5                                if(V_h==0) V_h=0; else V_h-=500;    while(key_scan());
 382   5                             }  
 383   4                if(shanshuo)
 384   4                {           
 385   5                num1=V_h/1000;num2=V_h%1000/100;num3=V_h%100/10;num4=V_h%10;
 386   5                }
 387   4                else
 388   4                {
 389   5                  num1=num2=num3=num4=10;           
 390   5                }
 391   4                num5=V_l/1000;num6=V_l%1000/100;num7=V_l%100/10;num8=V_l%10;
 392   4              }
 393   3              else
 394   3              {
 395   4                             if(GN==11)
 396   4                             {
 397   5                               if(V_l>5000) V_l=5000; else V_l+=500;   while(key_scan());
 398   5                             }
 399   4                             if(GN==10)
 400   4                             {
 401   5                                if(V_l==0) V_l=0; else V_l-=500;     while(key_scan());
 402   5                             }  
 403   4                if(shanshuo)
 404   4                {           
 405   5                num5=V_l/1000;num6=V_l%1000/100;num7=V_l%100/10;num8=V_l%10;
 406   5                }
 407   4                else
 408   4                {
 409   5                  num5=num6=num7=num8=10;           
 410   5                }
 411   4                num1=V_h/1000;num2=V_h%1000/100;num3=V_h%100/10;num4=V_h%10;            
 412   4              }
 413   3            }       
 414   2           }  
 415   1      
 416   1      }
 417          //==========================================频率测量
 418          void f_mk()
 419          {
 420   1        if(GN==5)
 421   1        {
 422   2          f_model=1;          model=0;v_model=0;chaxun=0;
 423   2          while(key_scan());
 424   2        }
 425   1        
 426   1        if(f_model==1)
C51 COMPILER V9.55   MAIN                                                                  05/10/2022 20:46:53 PAGE 8   

 427   1        {
 428   2          if(GN==4)
 429   2          {
 430   3            f_FT=~f_FT;
 431   3            while(key_scan());
 432   3          }
 433   2          if(f_FT==0) //显示频率
 434   2          {
 435   3            num1=11;num2=2;num3=11;
 436   3            num4=temp_f/10000;num5=temp_f%10000/1000;num6=temp_f%1000/100;num7=temp_f%100/10;num8=temp_f%10;
 437   3          }
 438   2          else  //显示周期
 439   2          {
 440   3            num1=11;num2=2;num3=11;
 441   3            t_temp=1000000/temp_f;
 442   3            num4=t_temp/10000;num5=t_temp%10000/1000;num6=t_temp%1000/100;num7=t_temp%100/10;num8=t_temp%10;
 443   3          } 
 444   2        }
 445   1      }
 446          
 447          ///================================查询模式
 448          void chaxun_mk()
 449          {
 450   1          
 451   1        if(GN==9)
 452   1        {
 453   2          chaxun=1;           f_model=0;model=0;v_model=0;
 454   2          m=n=0;
 455   2          while(key_scan());
 456   2        }
 457   1        if(chaxun==1)
 458   1        {
 459   2          if(GN==4)
 460   2          {
 461   3            f_chaxun=~f_chaxun; n=m=0;  //为读写一次做准备，防止闪烁    
 462   3            while(key_scan());
 463   3          }
 464   2          if(f_chaxun==0) //查询事件标号
 465   2          {
 466   3            if(n==0)
 467   3            {
 468   4            num1=num2=num3=num4=num5=num6=10;
 469   4            num7=du_24c02(6)/10;
 470   4            num8=du_24c02(6)%10;
 471   4             n=1;
 472   4            }       
 473   3          }
 474   2         if(f_chaxun==1) //查询事件时间
 475   2          {
 476   3            if(m==0)
 477   3            {
 478   4            num1=du_24c02(7)/10;num2=du_24c02(7)%10;
 479   4            num3=11;
 480   4            num4=du_24c02(8)/10;num5=du_24c02(8)%10;
 481   4            num6=11;      
 482   4            num7=du_24c02(9)/10;num8=du_24c02(9)%10;
 483   4             m=1;
 484   4            }       
 485   3          } 
 486   2        }
 487   1        
 488   1        
C51 COMPILER V9.55   MAIN                                                                  05/10/2022 20:46:53 PAGE 9   

 489   1        if(b==0)
 490   1        {
 491   2          if(v_temp > V_h)   //高于阈值触发
 492   2          {
 493   3      //      d=0;
 494   3            b=1;//仅触发一次变量
 495   3            c=1;  //保存数据变量
 496   3          }
 497   2        }
 498   1        if(c==1)
 499   1        {
 500   2          type=1;
 501   2          xie_24c02(6,type);
 502   2          Delay10ms();
 503   2          xie_24c02(7,hour);
 504   2          Delay10ms();
 505   2          xie_24c02(8,minute);
 506   2          Delay10ms();    
 507   2          xie_24c02(9,second);
 508   2          Delay10ms();
 509   2          c=0; n=m=0;   
 510   2        }
 511   1      ///==============================
 512   1        if(d==0)      //低于阈值触发
 513   1        {
 514   2          if(v_temp < V_l)
 515   2          {
 516   3      //      b=0;
 517   3            d=1;e=1;
 518   3          }   
 519   2        }
 520   1      
 521   1        if(e==1)
 522   1        {
 523   2         type=0;  
 524   2          xie_24c02(6,type);
 525   2          Delay10ms();
 526   2          xie_24c02(7,hour);
 527   2          Delay10ms();
 528   2          xie_24c02(8,minute);
 529   2          Delay10ms();    
 530   2          xie_24c02(9,second);
 531   2          Delay10ms();  
 532   2          e=0;  n=m=0;  
 533   2        } 
 534   1        
 535   1        if(v_temp<V_h && v_temp > V_l)  //非触发条件变量清零
 536   1        {
 537   2          b=d=0;n=m=0;  
 538   2        }
 539   1      
 540   1      }
 541          
 542          void main()
 543          {
 544   1        initial_all();
 545   1        time0();
 546   1        time1_int1();
 547   1        initial_8591();
 548   1        
 549   1        xie_1302();
 550   1        V_h=du_24c02(4)*100;
C51 COMPILER V9.55   MAIN                                                                  05/10/2022 20:46:53 PAGE 10  

 551   1        V_l=du_24c02(5)*100;
 552   1        num1=num2=num3=num4=num5=num6=num7=num8=10;
 553   1        while(1)
 554   1        {
 555   2         if(f_2ms)
 556   2         {
 557   3          f_2ms=0;
 558   3         if(++tt_2ms > 500)
 559   3          {
 560   4           tt_2ms=0;
 561   4           shanshuo=~shanshuo;
 562   4          }
 563   3          key_change();//扫描按键
 564   3           
 565   3          time_mk(); //时间显示
 566   3          volt_mk(); //电压显示
 567   3          f_mk();    //频率显示
 568   3           
 569   3          chaxun_mk(); //查询显示
 570   3      
 571   3         }//f_2ms
 572   2        }
 573   1      }
 574          
 575          void cl_time1_int1() interrupt 3
 576          {
 577   1        TH1=(65536-2000)/256;
 578   1        TL1=(65536-2000)%256;   
 579   1        smg_display(num1,num2,num3,num4,num5,num6,num7,num8);
 580   1        
 581   1        f_2ms=1;
 582   1        
 583   1        if(++t_2ms==250)
 584   1        {
 585   2          t_2ms=0;
 586   2          flag=~flag;
 587   2          if(flag)
 588   2          {
 589   3            TH0=TL0=0;
 590   3            TR0=1;    
 591   3          }
 592   2          else
 593   2          {
 594   3            TR0=0;
 595   3            temp_f=((TH0<<8)+TL0)*2;
 596   3          }
 597   2        }
 598   1        
 599   1      }
 600          


MODULE INFORMATION:   STATIC OVERLAYABLE
   CODE SIZE        =   2792    ----
   CONSTANT SIZE    =     20    ----
   XDATA SIZE       =   ----    ----
   PDATA SIZE       =   ----    ----
   DATA SIZE        =     37      15
   IDATA SIZE       =   ----    ----
   BIT SIZE         =     10    ----
END OF MODULE INFORMATION.


C51 COMPILATION COMPLETE.  0 WARNING(S),  0 ERROR(S)
