C51 COMPILER V9.59.0.0   IO____                                                            03/04/2023 11:42:46 PAGE 1   


C51 COMPILER V9.59.0.0, COMPILATION OF MODULE IO____
OBJECT MODULE PLACED IN .\Objects\IOÀ©Õ¹.obj
COMPILER INVOKED BY: C:\Keil_v5\C51\BIN\C51.EXE IOÀ©Õ¹.c OPTIMIZE(8,SPEED) BROWSE DEBUG OBJECTEXTEND PRINT(.\Listings\IO
                    -À©Õ¹.lst) TABS(2) OBJECT(.\Objects\IOÀ©Õ¹.obj)

line level    source

   1          #include "reg52.h"
   2          
   3          
   4          void Delay(unsigned int t)
   5          {
   6   1        while(t--);
   7   1        while(t--);
   8   1      }
   9          
  10          void SelectHC573(unsigned char channel,unsigned int value)
  11          {
  12   1        P0 = value;
  13   1        switch(channel)
  14   1        {
  15   2          case 4:
  16   2            P2 = (P2 & 0x1f) | 0x80;
  17   2          break;
  18   2          case 5:
  19   2            P2 = (P2 & 0x1f) | 0xa0;
  20   2          break;
  21   2          case 6:
  22   2            P2 = (P2 & 0x1f) | 0xc0;
  23   2          break;
  24   2          case 7:
  25   2            P2 = (P2 & 0x1f) | 0xe0;
  26   2          break;
  27   2          case 0:
  28   2            P2 = (P2 & 0x1f) | 0x00;
  29   2          break;
  30   2        }
  31   1        P2 = (P2 & 0x1f) | 0x00;//¹Ø±Õ¼Ä´æÆ÷
  32   1      }
  33          
  34          void LEDRunning()
  35          {
  36   1        SelectHC573(4,0xf0);
  37   1        Delay(60000);
  38   1        Delay(60000);
  39   1        SelectHC573(4,0x0f);
  40   1        Delay(60000);
  41   1        Delay(60000);
  42   1        SelectHC573(4,0xff);
  43   1        Delay(60000);
  44   1        Delay(60000);
  45   1      }
  46          
  47          void SMGRunning()
  48          {
  49   1        unsigned char i;
  50   1        for(i = 0;i < 8 ;i++)
  51   1        {
  52   2          SelectHC573(6,0x01 << i);
  53   2          SelectHC573(7,0x00);
  54   2          Delay(60000);
C51 COMPILER V9.59.0.0   IO____                                                            03/04/2023 11:42:46 PAGE 2   

  55   2          Delay(60000);
  56   2        }
  57   1        SelectHC573(7,0xff);
  58   1        Delay(60000);
  59   1        Delay(60000);
  60   1      }
  61          
  62          void Init_Sys()
  63          {
  64   1        SelectHC573(0,0x00);
  65   1        SelectHC573(4,0xff);
  66   1        SelectHC573(5,0x00);
  67   1        SelectHC573(6,0xff);
  68   1        SelectHC573(7,0xff);
  69   1      }
  70          
  71          void main()
  72          {
  73   1        Init_Sys();
  74   1        while(1)
  75   1        {
  76   2          LEDRunning();
  77   2          SMGRunning();
  78   2        }
  79   1        
  80   1      }


MODULE INFORMATION:   STATIC OVERLAYABLE
   CODE SIZE        =    240    ----
   CONSTANT SIZE    =   ----    ----
   XDATA SIZE       =   ----    ----
   PDATA SIZE       =   ----    ----
   DATA SIZE        =   ----    ----
   IDATA SIZE       =   ----    ----
   BIT SIZE         =   ----    ----
END OF MODULE INFORMATION.


C51 COMPILATION COMPLETE.  0 WARNING(S),  0 ERROR(S)
