C51 COMPILER V9.55   MAIN                                                                  04/08/2022 11:44:14 PAGE 1   


C51 COMPILER V9.55, COMPILATION OF MODULE MAIN
OBJECT MODULE PLACED IN .\Objects\main.obj
COMPILER INVOKED BY: D:\keilc\pack_file\C51\BIN\C51.EXE main.c OPTIMIZE(8,SPEED) BROWSE DEBUG OBJECTEXTEND PRINT(.\Listi
                    -ngs\main.lst) TABS(2) OBJECT(.\Objects\main.obj)

line level    source

   1          #include <STC15F2K60S2.h>
   2          #include <iic.h>
   3          #include <onewire.h>
   4          #include <intrins.h>
   5          
   6          #define uchar unsigned char 
   7          #define uint unsigned int 
   8            
   9          uchar type1[]={   0xC0,
  10                            0xF9,
  11                            0xA4,
  12                            0xB0,
  13                            0x99,
  14                            0x92,
  15                            0x82,
  16                            0xF8,
  17                            0x80,
  18                            0x90,0xff,0xc6,0x8c,0x88};
  19          uchar type2[]={0x01,0x02,0x04,0x08,0x10,0x20,0x40,0x80};
  20          uchar num1,num2,num3,num4,num5,num6,num7,num8;
  21          uchar GN;
  22          uchar model=0;
  23          uchar f_2ms;
  24          uint t_2ms;
  25          
  26          uint temp,temp1;
  27          uint vary,vary1;
  28          uchar temp_can=25;
  29          bit dac_out=0;
  30          
  31          
  32          void Delay10ms()    //@12.000MHz
  33          {
  34   1        unsigned char i, j;
  35   1      
  36   1        i = 117;
  37   1        j = 184;
  38   1        do
  39   1        {
  40   2          while (--j);
  41   2        } while (--i);
  42   1      }
  43          
  44          void smg_display(uchar n1,uchar n2,uchar n3,uchar n4,uchar n5,uchar n6,uchar n7,uchar n8)
  45          {
  46   1        char i;
  47   1        P0=0xff;
  48   1        P2=(P2&0x1f)|0xc0;
  49   1        P0=type2[i];
  50   1        P2=(P2&0x1f);
  51   1        switch(i)
  52   1        {
  53   2          case 0:P2=(P2&0x1f)|0xe0;P0=type1[n1];P2=(P2&0x1f);break;
  54   2          case 1:P2=(P2&0x1f)|0xe0;P0=type1[n2];P2=(P2&0x1f);break;   
C51 COMPILER V9.55   MAIN                                                                  04/08/2022 11:44:14 PAGE 2   

  55   2          case 2:P2=(P2&0x1f)|0xe0;P0=type1[n3];P2=(P2&0x1f);break;   
  56   2          case 3:P2=(P2&0x1f)|0xe0;P0=type1[n4];P2=(P2&0x1f);break;   
  57   2          case 4:P2=(P2&0x1f)|0xe0;P0=type1[n5];P2=(P2&0x1f);break;   
  58   2          case 5:P2=(P2&0x1f)|0xe0;P0=type1[n6];P2=(P2&0x1f);break;   
  59   2          case 6:P2=(P2&0x1f)|0xe0;P0=type1[n7];P2=(P2&0x1f);break;   
  60   2          case 7:P2=(P2&0x1f)|0xe0;P0=type1[n8];P2=(P2&0x1f);break;     
  61   2        }
  62   1        if(++i==8)
  63   1          i=0;  
  64   1      }
  65          //////////////////
  66          uchar key_scan()
  67          {
  68   1       uchar H,L;
  69   1        P3=0xdf;P44=0;P42=0;H=(~P3)&0x0f;
  70   1        if(H==0) return 0;
  71   1        Delay10ms();
  72   1        P3=0xdf;P44=0;P42=0;H=(~P3)&0x0f;
  73   1        if(H==0) return 0;  
  74   1        P3=0xf0;P44=1;P42=1;L=(~P3)&0xf0; 
  75   1        if(P44==0)  L|=0x80;
  76   1        if(P42==0)  L|=0x40;  
  77   1        return H+L; 
  78   1      }
  79          void key_change()
  80          {
  81   1        uchar D;
  82   1        D=key_scan();
  83   1        switch(D)
  84   1        {
  85   2          case 0x88:GN=4;break;
  86   2          case 0x84:GN=5;break;   
  87   2          case 0x48:GN=8;break;   
  88   2          case 0x44:GN=9;break;   
  89   2          case 0:GN=0;break;    
  90   2        }
  91   1      }
  92          ///////////////////////////DA
  93          void xie_dac(uchar D)
  94          {
  95   1        IIC_Start( ); 
  96   1        IIC_SendByte(0x90+0);
  97   1        IIC_WaitAck( );
  98   1        IIC_SendByte(0x40);
  99   1        IIC_WaitAck( ); 
 100   1        IIC_SendByte(D);
 101   1        IIC_WaitAck( );
 102   1        IIC_Stop( );
 103   1      }
 104          void time1_int1()
 105          {
 106   1        EA=1;
 107   1        ET1=1;
 108   1        TR1=1;
 109   1        TMOD=(TMOD&0x0f)|0x10;
 110   1        TH1=(65536-2000)/256;
 111   1        TL1=(65536-2000)%256;
 112   1      }
 113          void initial_all()
 114          {
 115   1        P2=(P2&0x1f)|0xa0;
 116   1        P0=0x00;
C51 COMPILER V9.55   MAIN                                                                  04/08/2022 11:44:14 PAGE 3   

 117   1        P2=(P2&0x1f); 
 118   1        P2=(P2&0x1f)|0x80;
 119   1        P0=0xff;
 120   1        P2=(P2&0x1f);   
 121   1        P2=(P2&0x1f)|0xc0;
 122   1        P0=0x00;
 123   1        P2=(P2&0x1f);   
 124   1        P2=(P2&0x1f)|0xe0;
 125   1        P0=0xff;
 126   1        P2=(P2&0x1f);   
 127   1      }
 128          void main()
 129          {
 130   1        initial_all();
 131   1        time1_int1();
 132   1        initial_18b20();
 133   1        while(1)
 134   1        {
 135   2          if(f_2ms==1)
 136   2          {
 137   3            f_2ms=0;
 138   3            key_change();
 139   3            
 140   3            if(GN==4)
 141   3            {
 142   4              model++;
 143   4              if(model==3)
 144   4                model=0;
 145   4              while(key_scan());
 146   4            }
 147   3            if(GN==5)
 148   3            {
 149   4              dac_out=~dac_out;
 150   4              while(key_scan());
 151   4            }     
 152   3            switch(model)
 153   3            {
 154   4              case 0:
 155   4                     if(++t_2ms>100)
 156   4                     {
 157   5                       t_2ms=0;
 158   5                       temp=rd_temperature(); 
 159   5                     }
 160   4                     num1=11;
 161   4                     num2=num3=num4=10;
 162   4                     num5=temp/1000;num6=temp%1000/100;num7=temp%100/10;num8=temp%10;
 163   4                            P0=0xff;
 164   4                            P2=(P2&0x1f)|0x80;
 165   4                            P0=0xfd;
 166   4                            P2=(P2&0x1f);                  
 167   4                     break;
 168   4              case 1:
 169   4                    if(GN==8)
 170   4                    {
 171   5                      if(temp_can==0)
 172   5                        temp_can=0;
 173   5                      else
 174   5                        temp_can--;
 175   5                      while(key_scan());
 176   5                    }              
 177   4                    if(GN==9)
 178   4                    {
C51 COMPILER V9.55   MAIN                                                                  04/08/2022 11:44:14 PAGE 4   

 179   5                      if(temp_can==99)
 180   5                        temp_can=99;
 181   5                      else
 182   5                        temp_can++;
 183   5                      while(key_scan());
 184   5                    }       
 185   4                    num1=12;
 186   4                    num2=num3=num4=num5=num6=10;
 187   4                    num7=temp_can/10;num8=temp_can%10;
 188   4                            P0=0xff;
 189   4                            P2=(P2&0x1f)|0x80;
 190   4                            P0=0xfb;
 191   4                            P2=(P2&0x1f);                 
 192   4                    break;
 193   4              
 194   4              case 2:
 195   4                      if(++t_2ms>100)
 196   4                       {
 197   5                         t_2ms=0;
 198   5                         temp=rd_temperature(); 
 199   5                       }
 200   4                      temp1=temp/100;
 201   4                      if(dac_out==0)
 202   4                       {
 203   5                         if(temp1 < temp_can)
 204   5                         {
 205   6                           xie_dac(0);
 206   6                           vary1=0;                    
 207   6                         }                                           
 208   5                         else 
 209   5                         {
 210   6                          xie_dac(255); 
 211   6                          vary1=500;  
 212   6                         }
 213   5                            P0=0xff; 
 214   5                            P2=(P2&0x1f)|0x80;
 215   5                            P0=0xfe&0xf7;
 216   5                            P2=(P2&0x1f);                    
 217   5                       }                  
 218   4                      if(dac_out==1)
 219   4                      {
 220   5                        if(temp1 < 20)
 221   5                        {
 222   6                          xie_dac(51);vary1=100;
 223   6                        }
 224   5                        if(temp1 > 40)
 225   5                        {
 226   6                          xie_dac(204);vary1=400;
 227   6                        }
 228   5                        if((temp1 > 20 || temp1 == 20) && (temp1 < 40 || temp1 == 40) )
 229   5                         {
 230   6                          vary=(153*temp1)/20-102; 
 231   6                          xie_dac(vary);
 232   6                            vary1=vary;
 233   6                            vary1=vary1*500/255;                     
 234   6                         }  
 235   5                             
 236   5                            P2=(P2&0x1f)|0x80;
 237   5                            P0=0xff&0xf7;
 238   5                            P2=(P2&0x1f);                  
 239   5                      }
 240   4      
C51 COMPILER V9.55   MAIN                                                                  04/08/2022 11:44:14 PAGE 5   

 241   4                      num1=13;
 242   4                      num2=num3=num4=num5=10;
 243   4                      num6=vary1/100;num7=vary1%100/10;num8=vary1%10;
 244   4      //                      P0=0xff;
 245   4      //                      P2=(P2&0x1f)|0x80;
 246   4      //                      P0&=0xf7;
 247   4      //                      P2=(P2&0x1f);                   
 248   4                      break;  
 249   4        
 250   4            }//switch
 251   3            
 252   3            
 253   3            
 254   3            
 255   3            
 256   3            
 257   3      
 258   3            
 259   3            
 260   3            
 261   3            
 262   3            
 263   3        
 264   3        
 265   3          }//f_2ms
 266   2        }
 267   1      }
 268          void cl_time1_int1() interrupt 3
 269          {
 270   1        TH1=(65536-2000)/256;
 271   1        TL1=(65536-2000)%256; 
 272   1        smg_display(num1,num2,num3,num4,num5,num6,num7,num8);
 273   1        f_2ms=1;
 274   1      }
 275          
 276          
 277          
 278          
 279          
 280          
 281          
 282          
 283          
 284          
 285          
 286          


MODULE INFORMATION:   STATIC OVERLAYABLE
   CODE SIZE        =   1118    ----
   CONSTANT SIZE    =   ----    ----
   XDATA SIZE       =   ----    ----
   PDATA SIZE       =   ----    ----
   DATA SIZE        =     44      10
   IDATA SIZE       =   ----    ----
   BIT SIZE         =      1    ----
END OF MODULE INFORMATION.


C51 COMPILATION COMPLETE.  0 WARNING(S),  0 ERROR(S)
