C51 COMPILER V9.59.0.0   ______                                                            03/02/2023 16:07:09 PAGE 1   


C51 COMPILER V9.59.0.0, COMPILATION OF MODULE ______
OBJECT MODULE PLACED IN .\Objects\定时器.obj
COMPILER INVOKED BY: C:\Keil_v5\C51\BIN\C51.EXE 定时器.c OPTIMIZE(8,SPEED) BROWSE DEBUG OBJECTEXTEND PRINT(.\Listings\定
                    -时器.lst) TABS(2) OBJECT(.\Objects\定时器.obj)

line level    source

   1          #include "reg52.h"
   2          
   3          sbit L1 = P0^0;
   4          sbit L8 = P0^7;
   5          
   6          void SelectHC573(unsigned char channel);
   7          void Init_System();
   8          
   9          void SelectHC573(unsigned char channel)
  10          {
  11   1        switch(channel)
  12   1        {
  13   2          case 4:
  14   2            P2 = (P2 & 0x1f) | 0x80;
  15   2          break;
  16   2          case 5:
  17   2            P2 = (P2 & 0x1f) | 0xa0;
  18   2          break;
  19   2          case 6:
  20   2            P2 = (P2 & 0x1f) | 0xc0;
  21   2          break;
  22   2          case 7:
  23   2            P2 = (P2 & 0x1f) | 0xe0;
  24   2          break;
  25   2        }
  26   1      }
  27          
  28          void Init_System()
  29          {
  30   1        SelectHC573(4);
  31   1        P0 = 0xff;
  32   1        SelectHC573(5);
  33   1        P0 = 0x00;
  34   1      }
  35          
  36          //============================
  37          void Init_Timer0()
  38          {
  39   1        TMOD = 0x01;
  40   1        TH0 = (65535 - 50000) / 256;
  41   1        TL0 = (65535 - 50000) % 256;
  42   1        
  43   1        ET0 = 1;
  44   1        EA = 1;
  45   1        TR0 = 1;
  46   1      }
  47          
  48          unsigned char count = 0;
  49          void ServiceTimer0() interrupt 1
  50          {
  51   1        TH0 = (65535 - 50000) / 256;
  52   1        TL0 = (65535 - 50000) % 256;
  53   1        
  54   1        count++;
C51 COMPILER V9.59.0.0   ______                                                            03/02/2023 16:07:09 PAGE 2   

  55   1        if(count % 10 == 0)
  56   1        {
  57   2          SelectHC573(4);
  58   2          L1 = ~L1;
  59   2        }
  60   1        if(count % 100 == 0)
  61   1        {
  62   2          SelectHC573(4);
  63   2          L8 = ~L8;
  64   2          count = 0;
  65   2        }
  66   1      }
  67          //============================
  68          void main()
  69          {
  70   1        //Init_System();
  71   1        
  72   1        Init_Timer0();
  73   1        while(1)
  74   1        {
  75   2          
  76   2        }
  77   1      }


MODULE INFORMATION:   STATIC OVERLAYABLE
   CODE SIZE        =    153    ----
   CONSTANT SIZE    =   ----    ----
   XDATA SIZE       =   ----    ----
   PDATA SIZE       =   ----    ----
   DATA SIZE        =      1    ----
   IDATA SIZE       =   ----    ----
   BIT SIZE         =   ----    ----
END OF MODULE INFORMATION.


C51 COMPILATION COMPLETE.  0 WARNING(S),  0 ERROR(S)
