C51 COMPILER V9.59.0.0   SMG_CA                                                            03/05/2023 11:38:38 PAGE 1   


C51 COMPILER V9.59.0.0, COMPILATION OF MODULE SMG_CA
OBJECT MODULE PLACED IN .\Objects\smg_ca.obj
COMPILER INVOKED BY: C:\Keil_v5\C51\BIN\C51.EXE smg_ca.c OPTIMIZE(8,SPEED) BROWSE DEBUG OBJECTEXTEND PRINT(.\Listings\sm
                    -g_ca.lst) TABS(2) OBJECT(.\Objects\smg_ca.obj)

line level    source

   1          #include "reg52.h"
   2          #include "smg_ca.h"
   3          
   4          void SelectHC573(unsigned char channel)
   5          {
   6   1        switch(channel)
   7   1        {
   8   2          case 4:
   9   2            P2 = (P2 & 0x1f) | 0x80;
  10   2          break;
  11   2          case 5:
  12   2            P2 = (P2 & 0x1f) | 0xa0;
  13   2          break;
  14   2          case 6:
  15   2            P2 = (P2 & 0x1f) | 0xc0;
  16   2          break;
  17   2          case 7:
  18   2            P2 = (P2 & 0x1f) | 0xe0;
  19   2          break;
  20   2        }
  21   1      }
  22          
  23          void DelaySMG(unsigned int t)
  24          {
  25   1        while(t--);
  26   1      }
  27          
  28          void Display_SMG(unsigned int value,unsigned int pos)
  29          {
  30   1        SelectHC573(6);
  31   1        P0 = 0x01 << pos;
  32   1        SelectHC573(7);
  33   1        P0 = value;
  34   1      }


MODULE INFORMATION:   STATIC OVERLAYABLE
   CODE SIZE        =     94    ----
   CONSTANT SIZE    =   ----    ----
   XDATA SIZE       =   ----    ----
   PDATA SIZE       =   ----    ----
   DATA SIZE        =   ----    ----
   IDATA SIZE       =   ----    ----
   BIT SIZE         =   ----    ----
END OF MODULE INFORMATION.


C51 COMPILATION COMPLETE.  0 WARNING(S),  0 ERROR(S)
