C51 COMPILER V9.60.7.0   24C02________                                                     04/06/2024 15:21:21 PAGE 1   


C51 COMPILER V9.60.7.0, COMPILATION OF MODULE 24C02________
OBJECT MODULE PLACED IN .\Objects\24C02基本读写.obj
COMPILER INVOKED BY: C:\Keil_v5\C51\BIN\C51.EXE 24C02基本读写.c OPTIMIZE(8,SPEED) BROWSE DEBUG OBJECTEXTEND PRINT(.\List
                    -ings\24C02基本读写.lst) OBJECT(.\Objects\24C02基本读写.obj)

line level    source

   1          #include "reg52.h"
   2          #include "iic.h"
   3          
   4          sbit S6 = P3^1;
   5          sbit S5 = P3^2;
   6          sbit S4 = P3^3;
   7          
   8          
   9          unsigned char SMG_DIS[10] = {0xc0,0xf9,0xa4,0xb0,0x99,0x92,0x82,0xf8,0x80,0x90};        
  10          
  11          unsigned char dat1 = 0,dat2 = 0,dat3 = 0;
  12          
  13          void Display_SMG_All();
  14          
  15          void Display_SMG_Bit(unsigned char pos,unsigned char value)
  16          {
  17   1              P2 = (P2 & 0x1f) | 0xc0;
  18   1              P0 = 0x01 << pos;
  19   1              P2 &= 0x1f;
  20   1              
  21   1              P2 = (P2 & 0x1f) | 0xe0;
  22   1              P0 = value;
  23   1              P2 &= 0x1f;
  24   1      }
  25          
  26          void Delay_Smg(unsigned int t)
  27          {
  28   1              while(t--);
  29   1      }
  30          
  31          void Delay(unsigned int t)
  32          {
  33   1              while(t--)
  34   1              {
  35   2                      Display_SMG_All();
  36   2              }
  37   1      }
  38          
  39          void Scan_Keys()
  40          {
  41   1              if(S6 == 0)
  42   1              {
  43   2                      Delay_Smg(100);
  44   2                      if(S6 == 0)
  45   2                      {
  46   3                              dat1++;
  47   3                              if(dat1 > 13)
  48   3                              {
  49   4                                      dat1 = 0;
  50   4                              }
  51   3      //                      Write_24C02(0x00,dat1);
  52   3                              while(S6 == 0)
  53   3                              {
  54   4                                      Display_SMG_All();
C51 COMPILER V9.60.7.0   24C02________                                                     04/06/2024 15:21:21 PAGE 2   

  55   4                              }
  56   3                      }
  57   2              }
  58   1              
  59   1              if(S5 == 0)
  60   1              {
  61   2                      Delay_Smg(100);
  62   2                      if(S5 == 0)
  63   2                      {
  64   3                              dat2++;
  65   3                              if(dat2 > 13)
  66   3                              {
  67   4                                      dat2 = 0;
  68   4                              }
  69   3      //                      Write_24C02(0x01,dat2);
  70   3                              while(S5 == 0)
  71   3                              {
  72   4                                      Display_SMG_All();
  73   4                              }
  74   3                      }
  75   2              }
  76   1              
  77   1              if(S4 == 0)
  78   1              {
  79   2                      Delay_Smg(100);
  80   2                      if(S4 == 0)
  81   2                      {
  82   3                              dat3++;
  83   3                              if(dat3 > 13)
  84   3                              {
  85   4                                      dat3 = 0;
  86   4                              }
  87   3      //                      Write_24C02(0x02,dat3);
  88   3                              while(S4 == 0)
  89   3                              {
  90   4                                      Display_SMG_All();
  91   4                              }
  92   3                      }
  93   2              }
  94   1      }
  95          
  96          void Display_SMG_All()
  97          {
  98   1              Display_SMG_Bit(0,SMG_DIS[dat1 / 10]);
  99   1              Delay_Smg(500);
 100   1              Display_SMG_Bit(1,SMG_DIS[dat1 % 10]);
 101   1              Delay_Smg(500);
 102   1              
 103   1              Display_SMG_Bit(2,0xbf);
 104   1              Delay_Smg(500);
 105   1              
 106   1              Display_SMG_Bit(3,SMG_DIS[dat2 / 10]);
 107   1              Delay_Smg(500);
 108   1              Display_SMG_Bit(4,SMG_DIS[dat2 % 10]);
 109   1              Delay_Smg(500);
 110   1              
 111   1              Display_SMG_Bit(5,0xbf);
 112   1              Delay_Smg(500);
 113   1              
 114   1              Display_SMG_Bit(6,SMG_DIS[dat3 / 10]);
 115   1              Delay_Smg(500);
 116   1              Display_SMG_Bit(7,SMG_DIS[dat3 % 10]);
C51 COMPILER V9.60.7.0   24C02________                                                     04/06/2024 15:21:21 PAGE 3   

 117   1              Delay_Smg(500);
 118   1      }
 119          
 120          void Write_24C02(unsigned char addr,unsigned char dat)
 121          {
 122   1              IIC_Start();
 123   1              IIC_SendByte(0xa0);
 124   1              IIC_WaitAck();
 125   1              IIC_SendByte(addr);
 126   1              IIC_WaitAck();
 127   1              IIC_SendByte(dat);
 128   1              IIC_WaitAck();
 129   1              IIC_Stop(); 
 130   1      }
 131          
 132          unsigned char Read_24C02(unsigned char addr)
 133          {
 134   1              unsigned char tmp;
 135   1              IIC_Start();
 136   1              IIC_SendByte(0xa0);
 137   1              IIC_WaitAck();
 138   1              IIC_SendByte(addr);
 139   1              IIC_WaitAck();
 140   1              
 141   1              IIC_Start();
 142   1              IIC_SendByte(0xa1);
 143   1              IIC_WaitAck();
 144   1              tmp = IIC_RecByte(); 
 145   1              IIC_SendAck(1);
 146   1              IIC_Stop();
 147   1              
 148   1              return tmp;
 149   1      }
 150          
 151          void Init_Sys()
 152          {
 153   1              P2 = (P2 & 0x1f) | 0x80;
 154   1              P0 = 0xff;
 155   1              P2 &= 0x1f;
 156   1              
 157   1              P2 = (P2 & 0x1f) | 0xa0;
 158   1              P0 = 0x00;
 159   1              P2 &= 0x1f;
 160   1      }
 161          
 162          
 163          void main()
 164          {
 165   1              Init_Sys();
 166   1              dat1 = Read_24C02(0x01);
 167   1              dat2 = Read_24C02(0x03);
 168   1              dat3 = Read_24C02(0x05);
 169   1              
 170   1              
 171   1      //      Write_24C02(0x03,11);
 172   1      //      
 173   1      //      dat2 = Read_24C02(0x01);
 174   1              while(1)
 175   1              {
 176   2                      Scan_Keys();
 177   2      
 178   2                      Display_SMG_All();
C51 COMPILER V9.60.7.0   24C02________                                                     04/06/2024 15:21:21 PAGE 4   

 179   2                      
 180   2              }
 181   1      }


MODULE INFORMATION:   STATIC OVERLAYABLE
   CODE SIZE        =    434    ----
   CONSTANT SIZE    =   ----    ----
   XDATA SIZE       =   ----    ----
   PDATA SIZE       =   ----    ----
   DATA SIZE        =     13       6
   IDATA SIZE       =   ----    ----
   BIT SIZE         =   ----    ----
END OF MODULE INFORMATION.


C51 COMPILATION COMPLETE.  0 WARNING(S),  0 ERROR(S)
