C51 COMPILER V9.59.0.0   ONEWIRE                                                           04/02/2023 16:11:45 PAGE 1   


C51 COMPILER V9.59.0.0, COMPILATION OF MODULE ONEWIRE
OBJECT MODULE PLACED IN .\Objects\onewire.obj
COMPILER INVOKED BY: C:\Keil_v5\C51\BIN\C51.EXE onewire.c OPTIMIZE(8,SPEED) BROWSE DEBUG OBJECTEXTEND PRINT(.\Listings\o
                    -newire.lst) TABS(2) OBJECT(.\Objects\onewire.obj)

line level    source

   1          /*  #   å•æ€»çº¿ä»£ç ç‰‡æ®µè¯´æ˜
   2            1.  æœ¬æ–‡ä»¶å¤¹ä¸­æä¾›çš„é©±åŠ¨ä»£ç ä¾›å‚èµ›é€‰æ‰‹å®Œæˆç¨‹åºè®¾è®¡å‚è€ƒã€‚
   3            2.  å‚èµ›é€‰æ‰‹å¯ä»¥è‡ªè¡Œç¼–å†™ç›¸å…³ä»£ç æˆ–ä»¥è¯¥ä»£ç ä¸ºåŸºç¡€ï¼Œæ ¹æ®æ‰€é€‰å•ç‰‡æœºç±»å‹ã€è¿
             -è¡Œé€Ÿåº¦å’Œè¯•é¢˜
   4              ä¸­å¯¹å•ç‰‡æœºæ—¶é’Ÿé¢‘ç‡çš„è¦æ±‚ï¼Œè¿›è¡Œä»£ç è°ƒè¯•å’Œä¿®æ”¹ã€‚
   5          */
   6          #include "onewire.h"
   7          //
   8          void Delay_OneWire(unsigned int t)  
   9          {
  10   1        unsigned char i;
  11   1        while(t--){
  12   2          for(i=0;i<12;i++);
  13   2        }
  14   1      }
  15          
  16          //
  17          void Write_DS18B20(unsigned char dat)//P1^4
  18          {
  19   1        unsigned char i;
  20   1        for(i=0;i<8;i++)
  21   1        {
  22   2          DQ = 0;
  23   2          DQ = dat&0x01;
  24   2          Delay_OneWire(5);
  25   2          DQ = 1;
  26   2          dat >>= 1;
  27   2        }
  28   1        Delay_OneWire(5);
  29   1      }
  30          
  31          //
  32          unsigned char Read_DS18B20(void)
  33          {
  34   1        unsigned char i;
  35   1        unsigned char dat;
  36   1        
  37   1        for(i=0;i<8;i++)
  38   1        {
  39   2          DQ = 0;
  40   2          dat >>= 1;
  41   2          DQ = 1;
  42   2          if(DQ)
  43   2          {
  44   3            dat |= 0x80;
  45   3          }     
  46   2          Delay_OneWire(5);
  47   2        }
  48   1        return dat;
  49   1      }
  50          
  51          //
  52          bit init_ds18b20(void)
  53          {
C51 COMPILER V9.59.0.0   ONEWIRE                                                           04/02/2023 16:11:45 PAGE 2   

  54   1          bit initflag = 0;
  55   1          
  56   1          DQ = 1;
  57   1          Delay_OneWire(12);
  58   1          DQ = 0;
  59   1          Delay_OneWire(80);
  60   1          DQ = 1;
  61   1          Delay_OneWire(10); 
  62   1          initflag = DQ;     
  63   1          Delay_OneWire(5);
  64   1        
  65   1          return initflag;
  66   1      }
  67          
  68          void Init_18b20()
  69          {
  70   1        init_ds18b20();
  71   1        Write_DS18B20(0xcc);
  72   1        Write_DS18B20(0x4e);
  73   1        Write_DS18B20(0x00);
  74   1        Write_DS18B20(0x00);
  75   1        Write_DS18B20(0x7f);
  76   1      }
  77          
  78          unsigned int Read_Temp()
  79          {
  80   1        unsigned char H,L;
  81   1        init_ds18b20();
  82   1        Write_DS18B20(0xcc);
  83   1        Write_DS18B20(0xbe);
  84   1        L = Read_DS18B20();
  85   1        H = Read_DS18B20();
  86   1        
  87   1        init_ds18b20();
  88   1        Write_DS18B20(0xcc);
  89   1        Write_DS18B20(0x44);
  90   1        return ((H<<8)+L)*5/8;
  91   1      }


MODULE INFORMATION:   STATIC OVERLAYABLE
   CODE SIZE        =    235    ----
   CONSTANT SIZE    =   ----    ----
   XDATA SIZE       =   ----    ----
   PDATA SIZE       =   ----    ----
   DATA SIZE        =   ----       1
   IDATA SIZE       =   ----    ----
   BIT SIZE         =   ----       1
END OF MODULE INFORMATION.


C51 COMPILATION COMPLETE.  0 WARNING(S),  0 ERROR(S)
