C51 COMPILER V9.59.0.0   ONEWIRE                                                           03/30/2023 16:06:47 PAGE 1   


C51 COMPILER V9.59.0.0, COMPILATION OF MODULE ONEWIRE
OBJECT MODULE PLACED IN .\Objects\onewire.obj
COMPILER INVOKED BY: C:\Keil_v5\C51\BIN\C51.EXE onewire.c OPTIMIZE(8,SPEED) BROWSE DEBUG OBJECTEXTEND PRINT(.\Listings\o
                    -newire.lst) TABS(2) OBJECT(.\Objects\onewire.obj)

line level    source

   1          #include "onewire.h"
   2          
   3          //单总线内部延时函数
   4          void Delay_OneWire(unsigned int t)  
   5          {
   6   1        unsigned char i;
   7   1        while(t--)
   8   1        {
   9   2          for(i = 0;i< 12;i++);
  10   2        }
  11   1        
  12   1      }
  13          
  14          //单总线写操作
  15          void Write_DS18B20(unsigned char dat)
  16          {
  17   1        unsigned char i;
  18   1        for(i=0;i<8;i++)
  19   1        {
  20   2          DQ = 0;
  21   2          DQ = dat&0x01;
  22   2          Delay_OneWire(5);
  23   2          DQ = 1;
  24   2          dat >>= 1;
  25   2        }
  26   1        Delay_OneWire(5);
  27   1      }
  28          
  29          //单总线读操作
  30          unsigned char Read_DS18B20(void)
  31          {
  32   1        unsigned char i;
  33   1        unsigned char dat;
  34   1        
  35   1        for(i=0;i<8;i++)
  36   1        {
  37   2          DQ = 0;
  38   2          dat >>= 1;
  39   2          DQ = 1;
  40   2          if(DQ)
  41   2          {
  42   3            dat |= 0x80;
  43   3          }     
  44   2          Delay_OneWire(5);
  45   2        }
  46   1        return dat;
  47   1      }
  48          
  49          //DS18B20初始化
  50          bit init_ds18b20(void)
  51          {
  52   1          bit initflag = 0;
  53   1          
  54   1          DQ = 1;
C51 COMPILER V9.59.0.0   ONEWIRE                                                           03/30/2023 16:06:47 PAGE 2   

  55   1          Delay_OneWire(12);
  56   1          DQ = 0;
  57   1          Delay_OneWire(80);
  58   1          DQ = 1;
  59   1          Delay_OneWire(10); 
  60   1          initflag = DQ;     
  61   1          Delay_OneWire(5);
  62   1        
  63   1          return initflag;
  64   1      }
  65          void Init_18b20()
  66          {
  67   1        init_ds18b20();
  68   1        Write_DS18B20(0xcc);
  69   1        Write_DS18B20(0x4e);
  70   1        Write_DS18B20(0x00);
  71   1        Write_DS18B20(0x00);
  72   1        Write_DS18B20(0x7f);
  73   1      }
  74          unsigned int Read_Temperature(void)
  75          {
  76   1        unsigned char H,L;
  77   1        init_ds18b20();
  78   1        Write_DS18B20(0xcc);
  79   1        Write_DS18B20(0xbe);
  80   1        L = Read_DS18B20();
  81   1        H = Read_DS18B20();
  82   1        
  83   1        init_ds18b20();
  84   1        Write_DS18B20(0xcc);
  85   1        Write_DS18B20(0x44);
  86   1        
  87   1        return ((H<<8)+L)*25/4;
  88   1      }


MODULE INFORMATION:   STATIC OVERLAYABLE
   CODE SIZE        =    235    ----
   CONSTANT SIZE    =   ----    ----
   XDATA SIZE       =   ----    ----
   PDATA SIZE       =   ----    ----
   DATA SIZE        =   ----       1
   IDATA SIZE       =   ----    ----
   BIT SIZE         =   ----       1
END OF MODULE INFORMATION.


C51 COMPILATION COMPLETE.  0 WARNING(S),  0 ERROR(S)
