C51 COMPILER V9.59.0.0   PWM____                                                           03/03/2023 14:17:14 PAGE 1   


C51 COMPILER V9.59.0.0, COMPILATION OF MODULE PWM____
OBJECT MODULE PLACED IN .\Objects\PWM调光.obj
COMPILER INVOKED BY: C:\Keil_v5\C51\BIN\C51.EXE PWM调光.c OPTIMIZE(8,SPEED) BROWSE DEBUG OBJECTEXTEND PRINT(.\Listings\P
                    -WM调光.lst) TABS(2) OBJECT(.\Objects\PWM调光.obj)

line level    source

   1          #include "reg52.h"
   2          
   3          sbit L1 = P0^0;
   4          sbit S7 = P3^0;//独立按键
   5          
   6          void SelectHC573()
   7          {
   8   1        P2 = (P2 & 0x1f) | 0x80;
   9   1      }
  10          //=================定时器相关函数=====
  11          unsigned char count = 0;
  12          unsigned char pwm_dut = 0;//占空比
  13          void InitTimer0()
  14          {
  15   1        TMOD = 0x01;
  16   1        TH0 = (65535 - 100) / 256;//    100us  10ms分成100份
  17   1        TL0 = (65535 - 100) % 256;
  18   1        
  19   1        ET0 = 1;
  20   1        EA = 1;
  21   1      }
  22          
  23          void ServiceTimer0() interrupt 1
  24          {
  25   1        TH0 = (65535 - 100) / 256;//    100us  10ms分成100份
  26   1        TL0 = (65535 - 100) % 256;
  27   1        
  28   1        count++;
  29   1        if(count <= pwm_dut)
  30   1        {
  31   2          L1 = 0;
  32   2        }
  33   1        else if(count < 100)
  34   1        {
  35   2          L1 = 1;
  36   2        }
  37   1        else if(count == 100)
  38   1        {
  39   2          L1 = 0;
  40   2          count = 0;
  41   2        }
  42   1      }
  43          //===================================
  44          
  45          //=================按键相关函数=====
  46          void DelayKey(unsigned int t)
  47          {
  48   1        while(t--);
  49   1      }
  50          
  51          unsigned char Stat = 0;
  52          void ScanKeys()
  53          {
  54   1        if(S7 == 0)
C51 COMPILER V9.59.0.0   PWM____                                                           03/03/2023 14:17:14 PAGE 2   

  55   1        {
  56   2          DelayKey(100);
  57   2          if(S7 == 0)
  58   2          {
  59   3            switch(Stat)
  60   3            {
  61   4              case 0:
  62   4                L1 = 0;
  63   4                TR0 = 1;
  64   4                pwm_dut = 10;
  65   4                Stat = 1;
  66   4              break;
  67   4              
  68   4              case 1:
  69   4                L1 = 0;
  70   4                pwm_dut = 50;
  71   4                Stat = 2;
  72   4              break;
  73   4              
  74   4              case 2:
  75   4                L1 = 0;
  76   4                pwm_dut = 90;
  77   4                Stat = 3;
  78   4              break;
  79   4              
  80   4              case 3:
  81   4                L1 = 1;
  82   4                TR0 = 0;
  83   4                Stat = 0;
  84   4              break;
  85   4            }
  86   3            while(S7 == 0);
  87   3          }
  88   2        }
  89   1      //==================================
  90   1        
  91   1        
  92   1      }
  93          
  94          void main()
  95          {
  96   1        SelectHC573();
  97   1        L1 = 1;
  98   1        InitTimer0();
  99   1        while(1)
 100   1        {
 101   2          ScanKeys();
 102   2        }
 103   1      }


MODULE INFORMATION:   STATIC OVERLAYABLE
   CODE SIZE        =    185    ----
   CONSTANT SIZE    =   ----    ----
   XDATA SIZE       =   ----    ----
   PDATA SIZE       =   ----    ----
   DATA SIZE        =      3    ----
   IDATA SIZE       =   ----    ----
   BIT SIZE         =   ----    ----
END OF MODULE INFORMATION.


C51 COMPILATION COMPLETE.  0 WARNING(S),  0 ERROR(S)
