C51 COMPILER V9.60.7.0   DS1302                                                            04/11/2024 00:53:51 PAGE 1   


C51 COMPILER V9.60.7.0, COMPILATION OF MODULE DS1302
OBJECT MODULE PLACED IN .\Objects\ds1302.obj
COMPILER INVOKED BY: C:\Keil_v5\C51\BIN\C51.EXE ds1302.c OPTIMIZE(8,SPEED) BROWSE DEBUG OBJECTEXTEND PRINT(.\Listings\ds
                    -1302.lst) OBJECT(.\Objects\ds1302.obj)

line level    source

   1          /*      #       DS1302ä»£ç ç‰‡æ®µè¯´æ˜
   2                  1.      æœ¬æ–‡ä»¶å¤¹ä¸­æä¾›çš„é©±åŠ¨ä»£ç ä¾›å‚èµ›é€‰æ‰‹å®Œæˆç¨‹åºè®¾è®¡å‚è€ƒã€‚
   3                  2.      å‚èµ›é€‰æ‰‹å¯ä»¥è‡ªè¡Œç¼–å†™ç›¸å…³ä»£ç æˆ–ä»¥è¯¥ä»£ç ä¸ºåŸºç¡€ï¼Œæ ¹æ®æ‰€é€‰å•ç‰‡æœºç±»å‹ã€è¿
             -è¡Œé€Ÿåº¦å’Œè¯•é¢˜
   4                          ä¸­å¯¹å•ç‰‡æœºæ—¶é’Ÿé¢‘ç‡çš„è¦æ±‚ï¼Œè¿›è¡Œä»£ç è°ƒè¯•å’Œä¿®æ”¹ã€‚
   5          */                                                              
   6          
   7          //
   8          #include "ds1302.h"
   9          
  10          void Write_Ds1302(unsigned  char temp) 
  11          {
  12   1              unsigned char i;
  13   1              for (i=0;i<8;i++)       
  14   1              { 
  15   2                      SCK = 0;
  16   2                      SDA1 = temp&0x01;
  17   2                      temp>>=1; 
  18   2                      SCK=1;
  19   2              }
  20   1      }   
  21          
  22          //
  23          void Write_Ds1302_Byte( unsigned char address,unsigned char dat )     
  24          {
  25   1              RST=0;  _nop_();
  26   1              SCK=0;  _nop_();
  27   1              RST=1;  _nop_();  
  28   1              Write_Ds1302(address);  
  29   1              Write_Ds1302(dat);              
  30   1              RST=0; 
  31   1      }
  32          
  33          //
  34          unsigned char Read_Ds1302_Byte ( unsigned char address )
  35          {
  36   1              unsigned char i,temp=0x00;
  37   1              RST=0;  _nop_();
  38   1              SCK=0;  _nop_();
  39   1              RST=1;  _nop_();
  40   1              Write_Ds1302(address);
  41   1              for (i=0;i<8;i++)       
  42   1              {               
  43   2                      SCK=0;
  44   2                      temp>>=1;       
  45   2                      if(SDA1)
  46   2                      temp|=0x80;     
  47   2                      SCK=1;
  48   2              } 
  49   1              RST=0;  _nop_();
  50   1              SCK=0;  _nop_();
  51   1              SCK=1;  _nop_();
  52   1              SDA1=0; _nop_();
  53   1              SDA1=1; _nop_();
C51 COMPILER V9.60.7.0   DS1302                                                            04/11/2024 00:53:51 PAGE 2   

  54   1              return (temp);                  
  55   1      }


MODULE INFORMATION:   STATIC OVERLAYABLE
   CODE SIZE        =     91    ----
   CONSTANT SIZE    =   ----    ----
   XDATA SIZE       =   ----    ----
   PDATA SIZE       =   ----    ----
   DATA SIZE        =   ----    ----
   IDATA SIZE       =   ----    ----
   BIT SIZE         =   ----    ----
END OF MODULE INFORMATION.


C51 COMPILATION COMPLETE.  0 WARNING(S),  0 ERROR(S)
