C51 COMPILER V9.55   DS1302                                                                05/04/2022 20:26:33 PAGE 1   


C51 COMPILER V9.55, COMPILATION OF MODULE DS1302
OBJECT MODULE PLACED IN .\Objects\ds1302.obj
COMPILER INVOKED BY: D:\keilc\pack_file\C51\BIN\C51.EXE ds1302.c OPTIMIZE(8,SPEED) BROWSE DEBUG OBJECTEXTEND PRINT(.\Lis
                    -tings\ds1302.lst) TABS(2) OBJECT(.\Objects\ds1302.obj)

line level    source

   1          #include "ds1302.h"                   
   2          
   3          //写字节
   4          void Write_Ds1302(unsigned  char temp) 
   5          {
   6   1        unsigned char i;
   7   1        for (i=0;i<8;i++)       
   8   1        { 
   9   2          SCK = 0;
  10   2          SDA = temp&0x01;
  11   2          temp>>=1; 
  12   2          SCK=1;
  13   2        }
  14   1      }   
  15          
  16          //向DS1302寄存器写入数据
  17          void Write_Ds1302_Byte( unsigned char address,unsigned char dat )     
  18          {
  19   1        RST=0;  _nop_();
  20   1        SCK=0;  _nop_();
  21   1        RST=1;  _nop_();  
  22   1        Write_Ds1302(address);  
  23   1        Write_Ds1302(dat);    
  24   1        RST=0; 
  25   1      }
  26          
  27          //从DS1302寄存器读出数据
  28          unsigned char Read_Ds1302_Byte ( unsigned char address )
  29          {
  30   1        unsigned char i,temp=0x00;
  31   1        RST=0;  _nop_();
  32   1        SCK=0;  _nop_();
  33   1        RST=1;  _nop_();
  34   1        Write_Ds1302(address);
  35   1        for (i=0;i<8;i++)   
  36   1        {   
  37   2          SCK=0;
  38   2          temp>>=1; 
  39   2          if(SDA)
  40   2          temp|=0x80; 
  41   2          SCK=1;
  42   2        } 
  43   1        RST=0;  _nop_();
  44   1        SCK=0;  _nop_();
  45   1        SCK=1;  _nop_();
  46   1        SDA=0;  _nop_();
  47   1        SDA=1;  _nop_();
  48   1        return (temp);      
  49   1      }


MODULE INFORMATION:   STATIC OVERLAYABLE
   CODE SIZE        =     91    ----
   CONSTANT SIZE    =   ----    ----
C51 COMPILER V9.55   DS1302                                                                05/04/2022 20:26:33 PAGE 2   

   XDATA SIZE       =   ----    ----
   PDATA SIZE       =   ----    ----
   DATA SIZE        =   ----    ----
   IDATA SIZE       =   ----    ----
   BIT SIZE         =   ----    ----
END OF MODULE INFORMATION.


C51 COMPILATION COMPLETE.  0 WARNING(S),  0 ERROR(S)
