C51 COMPILER V9.55   MAIN                                                                  04/06/2022 14:08:48 PAGE 1   


C51 COMPILER V9.55, COMPILATION OF MODULE MAIN
OBJECT MODULE PLACED IN .\Objects\main.obj
COMPILER INVOKED BY: D:\keilc\pack_file\C51\BIN\C51.EXE main.c OPTIMIZE(8,SPEED) BROWSE DEBUG OBJECTEXTEND PRINT(.\Listi
                    -ngs\main.lst) TABS(2) OBJECT(.\Objects\main.obj)

line level    source

   1          #include <STC15F2K60S2.h>
   2          #include <intrins.h>
   3          
   4          #define uchar unsigned char 
   5          #define uint unsigned int 
   6            
   7          uchar code type1[]={
   8                                0xC0,
   9                                0xF9,
  10                                0xA4,
  11                                0xB0,
  12                                0x99,
  13                                0x92,
  14                                0x82,
  15                                0xF8,
  16                                0x80,
  17                                0x90,0xff};
  18          uchar code type2[]={0x01,0x02,0x04,0x08,0x10,0x20,0x40,0x80};
  19          uchar num1,num2,num3,num4,num5,num6,num7,num8;
  20          uchar f_2ms;
  21          uint t_2ms;
  22          bit flag=0;
  23          uchar temp1,temp2;
  24          bit FZ;
  25          
  26          
  27          void smg_display(uchar n1,uchar n2,uchar n3,uchar n4,uchar n5,uchar n6,uchar n7,uchar n8)
  28          {
  29   1        char i;
  30   1        P0=0xff;
  31   1        P2=(P2&0x1f)|0xc0;
  32   1        P0=type2[i];
  33   1        P2=(P2&0x1f);
  34   1        switch(i)
  35   1        {
  36   2          case 0:P2=(P2&0x1f)|0xe0;P0=type1[n1];P2=(P2&0x1f);break;
  37   2          case 1:P2=(P2&0x1f)|0xe0;P0=type1[n2];P2=(P2&0x1f);break;   
  38   2          case 2:P2=(P2&0x1f)|0xe0;P0=type1[n3];P2=(P2&0x1f);break;   
  39   2          case 3:P2=(P2&0x1f)|0xe0;P0=type1[n4];P2=(P2&0x1f);break;   
  40   2          case 4:P2=(P2&0x1f)|0xe0;P0=type1[n5];P2=(P2&0x1f);break;   
  41   2          case 5:P2=(P2&0x1f)|0xe0;P0=type1[n6];P2=(P2&0x1f);break;   
  42   2          case 6:P2=(P2&0x1f)|0xe0;P0=type1[n7];P2=(P2&0x1f);break;   
  43   2          case 7:P2=(P2&0x1f)|0xe0;P0=type1[n8];P2=(P2&0x1f);break;   
  44   2        }
  45   1        if(++i==8)
  46   1          i=0;
  47   1      }
  48          
  49          void time1_int1()
  50          {
  51   1        EA=1;
  52   1        ET1=1;
  53   1        TR1=1;
  54   1        TMOD=(TMOD&0x0f)|0x10;
C51 COMPILER V9.55   MAIN                                                                  04/06/2022 14:08:48 PAGE 2   

  55   1        TH1=(65536-2000)/256;
  56   1        TL1=(65536-2000)%256; 
  57   1      }
  58          void led_display()
  59          {
  60   1        if(++t_2ms==500)
  61   1        {
  62   2          t_2ms=0;
  63   2          flag=~flag;
  64   2          if(flag==1)
  65   2          {
  66   3            temp1++;
  67   3            FZ=~FZ;
  68   3            temp2++;
  69   3            if(temp2==10)
  70   3              temp2=0;
  71   3          }
  72   2          
  73   2          if(temp1==100)
  74   2            temp1=0;
  75   2        }
  76   1        if(flag==1)
  77   1        {
  78   2          P0=0xff;
  79   2          P2=(P2&0x1f)|0x80;
  80   2          P0=0x7f;
  81   2          P2=(P2&0x1f);   
  82   2        }
  83   1        if(flag==0)
  84   1        {
  85   2          
  86   2          P0=0xff;
  87   2          P2=(P2&0x1f)|0x80;
  88   2          P0=0xff;
  89   2          P2=(P2&0x1f);   
  90   2        } 
  91   1        if(FZ==0)
  92   1        {
  93   2          //P0=0xff;
  94   2          P2=(P2&0x1f)|0x80;
  95   2          P0&=0xfe;
  96   2          P2=(P2&0x1f);       
  97   2        }
  98   1        if(FZ==1)
  99   1        {
 100   2          //P0=0xff;
 101   2          P2=(P2&0x1f)|0x80;
 102   2          P0&=0xfd;
 103   2          P2=(P2&0x1f);       
 104   2        } 
 105   1        
 106   1        
 107   1      }
 108          
 109          void main()
 110          {
 111   1        P2=(P2&0x1f)|0xa0;
 112   1        P0=0x00;
 113   1        P2=(P2&0x1f); 
 114   1        P2=(P2&0x1f)|0x80;
 115   1        P0=0xff;
 116   1        P2=(P2&0x1f);   
C51 COMPILER V9.55   MAIN                                                                  04/06/2022 14:08:48 PAGE 3   

 117   1        time1_int1();
 118   1        while(1)
 119   1        {
 120   2          if(f_2ms==1)
 121   2          {
 122   3           f_2ms=0;
 123   3           led_display();
 124   3            
 125   3            
 126   3            
 127   3            
 128   3            
 129   3            
 130   3            
 131   3            
 132   3        
 133   3            num1=temp2;
 134   3            num2=num3=num4=num5=num6=10;
 135   3            num7=temp1/10;num8=temp1%10;
 136   3            
 137   3            
 138   3      
 139   3          }//f_2ms
 140   2        } 
 141   1      }
 142          void cl_time1_int1() interrupt 3
 143          {
 144   1        TH1=(65536-2000)/256;
 145   1        TL1=(65536-2000)%256;   
 146   1        smg_display(num1,num2,num3,num4,num5,num6,num7,num8);
 147   1        f_2ms=1;
 148   1        
 149   1        
 150   1        
 151   1      }


MODULE INFORMATION:   STATIC OVERLAYABLE
   CODE SIZE        =    484    ----
   CONSTANT SIZE    =     19    ----
   XDATA SIZE       =   ----    ----
   PDATA SIZE       =   ----    ----
   DATA SIZE        =     13       9
   IDATA SIZE       =   ----    ----
   BIT SIZE         =      2    ----
END OF MODULE INFORMATION.


C51 COMPILATION COMPLETE.  0 WARNING(S),  0 ERROR(S)
