C51 COMPILER V9.59.0.0   ONEWIRE                                                           03/05/2023 00:18:31 PAGE 1   


C51 COMPILER V9.59.0.0, COMPILATION OF MODULE ONEWIRE
OBJECT MODULE PLACED IN .\Objects\onewire.obj
COMPILER INVOKED BY: C:\Keil_v5\C51\BIN\C51.EXE onewire.c OPTIMIZE(8,SPEED) BROWSE DEBUG OBJECTEXTEND PRINT(.\Listings\o
                    -newire.lst) TABS(2) OBJECT(.\Objects\onewire.obj)

line level    source

   1          #include "onewire.h"
   2          
   3          //单总线内部延时函数
   4          void Delay_OneWire(unsigned int t)  
   5          {
   6   1        while(t--);
   7   1      }
   8          
   9          //单总线写操作
  10          void Write_DS18B20(unsigned char dat)
  11          {
  12   1        unsigned char i;
  13   1        for(i=0;i<8;i++)
  14   1        {
  15   2          DQ = 0;
  16   2          DQ = dat&0x01;
  17   2          Delay_OneWire(50);
  18   2          DQ = 1;
  19   2          dat >>= 1;
  20   2        }
  21   1        Delay_OneWire(50);
  22   1      }
  23          
  24          //单总线读操作
  25          unsigned char Read_DS18B20(void)
  26          {
  27   1        unsigned char i;
  28   1        unsigned char dat;
  29   1        
  30   1        for(i=0;i<8;i++)
  31   1        {
  32   2          DQ = 0;
  33   2          dat >>= 1;
  34   2          DQ = 1;
  35   2          if(DQ)
  36   2          {
  37   3            dat |= 0x80;
  38   3          }     
  39   2          Delay_OneWire(50);
  40   2        }
  41   1        return dat;
  42   1      }
  43          
  44          //DS18B20初始化
  45          bit init_ds18b20(void)
  46          {
  47   1          bit initflag = 0;
  48   1          
  49   1          DQ = 1;
  50   1          Delay_OneWire(120);
  51   1          DQ = 0;
  52   1          Delay_OneWire(800);
  53   1          DQ = 1;
  54   1          Delay_OneWire(100); 
C51 COMPILER V9.59.0.0   ONEWIRE                                                           03/05/2023 00:18:31 PAGE 2   

  55   1          initflag = DQ;     
  56   1          Delay_OneWire(50);
  57   1        
  58   1          return initflag;
  59   1      }


MODULE INFORMATION:   STATIC OVERLAYABLE
   CODE SIZE        =    128    ----
   CONSTANT SIZE    =   ----    ----
   XDATA SIZE       =   ----    ----
   PDATA SIZE       =   ----    ----
   DATA SIZE        =   ----    ----
   IDATA SIZE       =   ----    ----
   BIT SIZE         =   ----       1
END OF MODULE INFORMATION.


C51 COMPILATION COMPLETE.  0 WARNING(S),  0 ERROR(S)
