C51 COMPILER V9.59.0.0   ____________                                                      03/06/2023 21:23:20 PAGE 1   


C51 COMPILER V9.59.0.0, COMPILATION OF MODULE ____________
OBJECT MODULE PLACED IN .\Objects\串口通信基础.obj
COMPILER INVOKED BY: C:\Keil_v5\C51\BIN\C51.EXE 串口通信基础.c OPTIMIZE(8,SPEED) BROWSE DEBUG OBJECTEXTEND PRINT(.\Listi
                    -ngs\串口通信基础.lst) TABS(2) OBJECT(.\Objects\串口通信基础.obj)

line level    source

   1          #include "reg52.h"
   2          
   3          sfr AUXR = 0x8e;
   4          
   5          unsigned char urdat;
   6          
   7          void GetByte(unsigned char dat);
   8          void Init_Uart()
   9          {
  10   1        TMOD = 0x20;
  11   1        TH1 = 0xfd;
  12   1        TL1 = 0xfd;
  13   1        ET1 = 0;        //禁止定时器1中断
  14   1        TR1 = 1;        //启动定时器1
  15   1        
  16   1        SCON = 0x50;
  17   1        AUXR = 0x00;
  18   1        
  19   1        
  20   1        
  21   1        ES = 1;
  22   1        EA = 1;
  23   1      }
  24          
  25          void ServiceUart() interrupt 4
  26          {
  27   1        if(RI == 1)
  28   1        {
  29   2          RI = 0;//人工清零
  30   2          urdat = SBUF;
  31   2          GetByte(urdat + 1);
  32   2          GetByte(0x5a);
  33   2          GetByte(0xa5);
  34   2        }
  35   1      }
  36          
  37          void GetByte(unsigned char dat)
  38          {
  39   1        SBUF = dat;
  40   1        while(TI == 0);
  41   1        TI = 0;
  42   1      }
  43          
  44          void main()
  45          {
  46   1        Init_Uart();
  47   1        GetByte(0x5a);
  48   1        GetByte(0xa5);
  49   1        while(1)
  50   1        {
  51   2          
  52   2        }
  53   1      }
  54          
C51 COMPILER V9.59.0.0   ____________                                                      03/06/2023 21:23:20 PAGE 2   



MODULE INFORMATION:   STATIC OVERLAYABLE
   CODE SIZE        =    128    ----
   CONSTANT SIZE    =   ----    ----
   XDATA SIZE       =   ----    ----
   PDATA SIZE       =   ----    ----
   DATA SIZE        =      1    ----
   IDATA SIZE       =   ----    ----
   BIT SIZE         =   ----    ----
END OF MODULE INFORMATION.


C51 COMPILATION COMPLETE.  0 WARNING(S),  0 ERROR(S)
