C51 COMPILER V9.59.0.0   EX10                                                              04/06/2022 13:49:56 PAGE 1   


C51 COMPILER V9.59.0.0, COMPILATION OF MODULE EX10
OBJECT MODULE PLACED IN .\Objects\ex10.obj
COMPILER INVOKED BY: C:\Keil_v5\C51\BIN\C51.EXE ex10.c OPTIMIZE(8,SPEED) BROWSE DEBUG OBJECTEXTEND PRINT(.\Listings\ex10
                    -.lst) TABS(2) OBJECT(.\Objects\ex10.obj)

line level    source

   1          /*******************************************************************************
   2          * 文件名称：ADC转换实验
   3          * 实验目的：1.掌握I2C总线通讯基本特点和工作时序
   4          *           2.掌握51单片机模拟I2C总线时序的程序设计方法
   5          *           3.掌握PCF8591 ADC芯片的操作方法
   6          * 实验配置：J3跳线配置为IO方式，J5配置为BTN、J2配置为1-3和2-4
   7          * 程序现象：旋转Rb2电位器，数码管显示数字在0~255之间进行变化
   8          * 硬件环境：IAP15F2K61S2@11.0592MHz
   9          * 注意事项：无
  10          * 日期版本：2022/02/08
  11          *******************************************************************************/
  12          
  13          #include "reg52.h"  //定义51单片机特殊功能寄存器
  14          #include "i2c.h"    //I2C总线驱动库 
  15          #include "intrins.h"
  16          
  17          sbit p27 = P2 ^ 7;
  18          sbit p26 = P2 ^ 6;
  19          sbit p25 = P2 ^ 5;
  20          sfr AUXR = 0x8E;  //IAP15F2K61S2单片机特殊功能寄存器
  21          
  22          code unsigned char tab[] = { 0xc0, 0xf9, 0xa4, 0xb0, 0x99, 0x92, 0x82, 0xf8, 0x80, 0x90,0xff};
  23          unsigned char dspbuf[8] = {10, 10, 10, 10, 10, 10, 10, 10}; //显示缓冲区
  24          unsigned char dspcom = 0;
  25          unsigned char intr;
  26          bit adc_flag;
  27          
  28          void display(void);
  29          void cls_buzz()
  30          {
  31   1          P2 = (P2 & 0x1F | 0xA0);
  32   1          P0 = 0x00;
  33   1          P2 &= 0x1F;
  34   1      }
  35          void cls_led()
  36          {
  37   1          P2 = (P2 & 0x1F | 0x80);
  38   1          P0 = 0xFF;
  39   1          P2 &= 0x1F;
  40   1      }
  41          
  42          //主函数
  43          void main(void)
  44          {
  45   1          unsigned char adc_value;  //ADC转换数据
  46   1          cls_buzz();
  47   1          cls_led();
  48   1          P1 &= 0x7f;
  49   1          AUXR |= 0x80;
  50   1          TMOD &= 0xF0;
  51   1          TL0 = 0xCD;
  52   1          TH0 = 0xD4;
  53   1          TF0 = 0;
  54   1          TR0 = 1;
C51 COMPILER V9.59.0.0   EX10                                                              04/06/2022 13:49:56 PAGE 2   

  55   1          ET0 = 1;
  56   1          EA = 1;
  57   1          init_pcf8591();  //PCF8591初始化
  58   1      
  59   1          while(1)
  60   1          {
  61   2              if(adc_flag)
  62   2              {
  63   3                  adc_flag = 0;  //清除ADC扫描标志位
  64   3                  adc_value = adc_pcf8591();
  65   3                  //更新显示数据
  66   3                  (adc_value >= 100) ? (dspbuf[5] = adc_value / 100) : (dspbuf[5] = 10);
  67   3                  (adc_value >= 10) ? (dspbuf[6] = adc_value % 100 / 10) : (dspbuf[6] = 10);
  68   3                  dspbuf[7] = adc_value % 10;
  69   3              }
  70   2          }
  71   1      }
  72          
  73          //定时器中断服务函数
  74          void isr_timer_0(void)  interrupt 1  //默认中断优先级 1
  75          {
  76   1          if(++intr == 50)
  77   1          {
  78   2              intr = 0;
  79   2              adc_flag = 1;
  80   2          }
  81   1          display();
  82   1      }
  83          
  84          //显示函数
  85          void display(void)
  86          {
  87   1          p27 = 1;
  88   1          p26 = 1;
  89   1          p25 = 1;
  90   1          P0 = 0xff;
  91   1          p27 = 0;
  92   1          p26 = 0;
  93   1          p25 = 0;
  94   1      
  95   1          p27 = 1;
  96   1          p26 = 1;
  97   1          p25 = 0;
  98   1          P0 = (1 << dspcom);
  99   1          p27 = 0;
 100   1          p26 = 0;
 101   1          p25 = 0;
 102   1      
 103   1          p27 = 1;
 104   1          p26 = 1;
 105   1          p25 = 1;
 106   1          P0 = tab[dspbuf[dspcom]];
 107   1          p27 = 0;
 108   1          p26 = 0;
 109   1          p25 = 0;
 110   1      
 111   1          if(++dspcom == 8)
 112   1          {
 113   2              dspcom = 0;
 114   2          }
 115   1      }

C51 COMPILER V9.59.0.0   EX10                                                              04/06/2022 13:49:56 PAGE 3   


MODULE INFORMATION:   STATIC OVERLAYABLE
   CODE SIZE        =    286    ----
   CONSTANT SIZE    =     11    ----
   XDATA SIZE       =   ----    ----
   PDATA SIZE       =   ----    ----
   DATA SIZE        =     10       1
   IDATA SIZE       =   ----    ----
   BIT SIZE         =      1    ----
END OF MODULE INFORMATION.


C51 COMPILATION COMPLETE.  0 WARNING(S),  0 ERROR(S)
