C51 COMPILER V9.59.0.0   I2C                                                               04/06/2022 13:49:56 PAGE 1   


C51 COMPILER V9.59.0.0, COMPILATION OF MODULE I2C
OBJECT MODULE PLACED IN .\Objects\i2c.obj
COMPILER INVOKED BY: C:\Keil_v5\C51\BIN\C51.EXE i2c.c OPTIMIZE(8,SPEED) BROWSE DEBUG OBJECTEXTEND PRINT(.\Listings\i2c.l
                    -st) TABS(2) OBJECT(.\Objects\i2c.obj)

line level    source

   1          #include "reg52.h"
   2          #include "intrins.h"
   3          
   4          #define DELAY_TIME 5
   5          
   6          /** 定义I2C总线时钟线和数据线 */
   7          sbit scl = P2^0;
   8          sbit sda = P2^1;
   9          
  10          /**
  11          * @brief I2C总线中一些必要的延时
  12          *
  13          * @param[in] i - 延时时间调整.
  14          * @return none
  15          */
  16          void i2c_delay(unsigned char i)
  17          {
  18   1          do
  19   1          {
  20   2              _nop_();
  21   2          }
  22   1          while(i--);        
  23   1      }
  24          
  25          /**
  26          * @brief 产生I2C总线启动条件.
  27          *
  28          * @param[in] none
  29          * @param[out] none
  30          * @return none
  31          */
  32          void i2c_start(void)
  33          {
  34   1          sda = 1;
  35   1          scl = 1;
  36   1          i2c_delay(DELAY_TIME);
  37   1          sda = 0;
  38   1          i2c_delay(DELAY_TIME);
  39   1          scl = 0;    
  40   1      }
  41          
  42          /**
  43          * @brief 产生I2C总线停止条件
  44          *
  45          * @param[in] none
  46          * @param[out] none.
  47          * @return none
  48          */
  49          void i2c_stop(void)
  50          {
  51   1          sda = 0;
  52   1          scl = 1;
  53   1          i2c_delay(DELAY_TIME);
  54   1          sda = 1;
C51 COMPILER V9.59.0.0   I2C                                                               04/06/2022 13:49:56 PAGE 2   

  55   1          i2c_delay(DELAY_TIME);       
  56   1      }
  57          
  58          /**
  59          * @brief I2C发送一个字节的数据
  60          *
  61          * @param[in] byt - 待发送的字节
  62          * @return none
  63          */
  64          void i2c_sendbyte(unsigned char byt)
  65          {
  66   1          unsigned char i;
  67   1      //
  68   1        EA = 0;
  69   1          for(i=0; i<8; i++){
  70   2              scl = 0;
  71   2              i2c_delay(DELAY_TIME);
  72   2              if(byt & 0x80){
  73   3                  sda = 1;
  74   3              }
  75   2              else{
  76   3                  sda = 0;
  77   3              }
  78   2              i2c_delay(DELAY_TIME);
  79   2              scl = 1;
  80   2              byt <<= 1;
  81   2              i2c_delay(DELAY_TIME);
  82   2          }
  83   1        EA = 1;
  84   1      //
  85   1          scl = 0;  
  86   1      }
  87          
  88          /**
  89          * @brief 等待应答
  90          *
  91          * @param[in] none
  92          * @param[out] none
  93          * @return none
  94          */
  95          unsigned char i2c_waitack(void)
  96          {
  97   1        unsigned char ackbit;
  98   1        
  99   1          scl = 1;
 100   1          i2c_delay(DELAY_TIME);
 101   1          ackbit = sda; //while(sda);  //wait ack
 102   1          scl = 0;
 103   1          i2c_delay(DELAY_TIME);
 104   1        
 105   1        return ackbit;
 106   1      }
 107          
 108          /**
 109          * @brief I2C接收一个字节数据
 110          *
 111          * @param[in] none
 112          * @param[out] da
 113          * @return da - 从I2C总线上接收到得数据
 114          */
 115          unsigned char i2c_receivebyte(void)
 116          {
C51 COMPILER V9.59.0.0   I2C                                                               04/06/2022 13:49:56 PAGE 3   

 117   1        unsigned char da;
 118   1        unsigned char i;
 119   1      //
 120   1        EA = 0; 
 121   1        for(i=0;i<8;i++){   
 122   2          scl = 1;
 123   2          i2c_delay(DELAY_TIME);
 124   2          da <<= 1;
 125   2          if(sda) 
 126   2            da |= 0x01;
 127   2          scl = 0;
 128   2          i2c_delay(DELAY_TIME);
 129   2        }
 130   1        EA = 1;
 131   1      //
 132   1        return da;    
 133   1      }
 134          
 135          /**
 136          * @brief 发送应答
 137          *
 138          * @param[in] ackbit - 设定是否发送应答
 139          * @return - none
 140          */
 141          void i2c_sendack(unsigned char ackbit)
 142          {
 143   1          scl = 0;
 144   1          sda = ackbit;  //0：发送应答信号；1：发送非应答信号
 145   1          i2c_delay(DELAY_TIME);
 146   1          scl = 1;
 147   1          i2c_delay(DELAY_TIME);
 148   1          scl = 0; 
 149   1        sda = 1;
 150   1          i2c_delay(DELAY_TIME);
 151   1      }
 152          
 153          /**
 154          * @brief 读写操作过程中一些必要的延时
 155          *
 156          * @param[in] i - 指定延时时间
 157          * @return - none
 158          */
 159          void operate_delay(unsigned char t)
 160          {
 161   1        unsigned char i;
 162   1        
 163   1        while(t--){
 164   2          for(i=0; i<112; i++);
 165   2        }
 166   1      }
 167          
 168          /**
 169          * @brief PCF8591初始化
 170          *
 171          * @param[in] none
 172          * @param[out] none
 173          * @return none
 174          */
 175          void init_pcf8591(void)
 176          {
 177   1        i2c_start();
 178   1        i2c_sendbyte(0x90);
C51 COMPILER V9.59.0.0   I2C                                                               04/06/2022 13:49:56 PAGE 4   

 179   1        i2c_waitack();
 180   1        i2c_sendbyte(0x03);  //ADC通道3
 181   1        i2c_waitack();
 182   1        i2c_stop();
 183   1        operate_delay(10);
 184   1      }
 185          
 186          /**
 187          * @brief 通过I2C总线读取ADC结果
 188          *
 189          * @param[in] none
 190          * @param[out] temp - AD转换结果
 191          * @return - temp
 192          */
 193          unsigned char adc_pcf8591(void)
 194          {
 195   1        unsigned char temp;
 196   1      
 197   1        i2c_start();
 198   1        i2c_sendbyte(0x91);
 199   1        i2c_waitack();
 200   1        temp = i2c_receivebyte();
 201   1        i2c_sendack(1);
 202   1        i2c_stop();
 203   1        
 204   1        return temp;
 205   1      }
 206          


MODULE INFORMATION:   STATIC OVERLAYABLE
   CODE SIZE        =    253    ----
   CONSTANT SIZE    =   ----    ----
   XDATA SIZE       =   ----    ----
   PDATA SIZE       =   ----    ----
   DATA SIZE        =   ----    ----
   IDATA SIZE       =   ----    ----
   BIT SIZE         =   ----    ----
END OF MODULE INFORMATION.


C51 COMPILATION COMPLETE.  0 WARNING(S),  0 ERROR(S)
