C51 COMPILER V9.55   MAIN                                                                  05/03/2022 15:25:08 PAGE 1   


C51 COMPILER V9.55, COMPILATION OF MODULE MAIN
OBJECT MODULE PLACED IN .\Objects\main.obj
COMPILER INVOKED BY: D:\keilc\pack_file\C51\BIN\C51.EXE main.c OPTIMIZE(8,SPEED) BROWSE DEBUG OBJECTEXTEND PRINT(.\Listi
                    -ngs\main.lst) TABS(2) OBJECT(.\Objects\main.obj)

line level    source

   1          //判断 00H 单元数据是否是 123，若不是则往 00H 单元写入 123，数据管显示此值。
   2          
   3          #include <STC15F2K60S2.H>
   4          #include "iic.h"
   5          #include <intrins.h>
   6          #define uchar unsigned char 
   7          #define uint unsigned int 
   8            
   9          uchar code type1[]={  0xC0,
  10                                0xF9,
  11                                0xA4,
  12                                0xB0,
  13                                0x99,
  14                                0x92,
  15                                0x82,
  16                                0xF8,
  17                                0x80,
  18                                0x90,0xff};
  19          uchar code type2[]={0x01,0x02,0x04,0x08,0x10,0x20,0x40,0x80};
  20          uchar num1,num2,num3,num4,num5,num6,num7,num8;
  21          uchar f_2ms;
  22          uchar t_2ms;
  23          uint temp;
  24          
  25          
  26          
  27          void Delay10ms()    //@11.0592MHz
  28          {
  29   1        unsigned char i, j;
  30   1      
  31   1        i = 108;
  32   1        j = 145;
  33   1        do
  34   1        {
  35   2          while (--j);
  36   2        } while (--i);
  37   1      }
  38          
  39          void smg_display(char n1,char n2,char n3,char n4,char n5,char n6,char n7,char n8)
  40          {
  41   1        char i;
  42   1        P0=0xff;
  43   1        P2=(P2&0x1f)|0xc0;
  44   1        P0=type2[i];
  45   1        P2=(P2&0x1f);
  46   1        switch(i)
  47   1        {
  48   2          case 0:P2=(P2&0x1f)|0xe0; P0=type1[n1]; P2=(P2&0x1f);break;
  49   2          case 1:P2=(P2&0x1f)|0xe0; P0=type1[n2]; P2=(P2&0x1f);break;   
  50   2          case 2:P2=(P2&0x1f)|0xe0; P0=type1[n3]; P2=(P2&0x1f);break;   
  51   2          case 3:P2=(P2&0x1f)|0xe0; P0=type1[n4]; P2=(P2&0x1f);break;   
  52   2          case 4:P2=(P2&0x1f)|0xe0; P0=type1[n5]; P2=(P2&0x1f);break;   
  53   2          case 5:P2=(P2&0x1f)|0xe0; P0=type1[n6]; P2=(P2&0x1f);break;   
  54   2          case 6:P2=(P2&0x1f)|0xe0; P0=type1[n7]; P2=(P2&0x1f);break;   
C51 COMPILER V9.55   MAIN                                                                  05/03/2022 15:25:08 PAGE 2   

  55   2          case 7:P2=(P2&0x1f)|0xe0; P0=type1[n8]; P2=(P2&0x1f);break;   
  56   2          
  57   2        }
  58   1        if(++i==8)
  59   1          i=0;
  60   1      }
  61          //////////////////////////////////24c02
  62          void xie_24c02(uchar addr,uchar dat)
  63          {
  64   1        IIC_Start( );
  65   1        IIC_SendByte( 0xa0+0 );
  66   1        IIC_WaitAck( );
  67   1        IIC_SendByte( addr );
  68   1        IIC_WaitAck( );
  69   1        IIC_SendByte( dat );
  70   1        IIC_WaitAck( ); 
  71   1        IIC_Stop( );
  72   1      }
  73          uchar du_24c02(uchar addr)
  74          {
  75   1        uchar D;
  76   1        IIC_Start( );
  77   1        IIC_SendByte( 0xa0+0 );
  78   1        IIC_WaitAck( );
  79   1        IIC_SendByte( addr );
  80   1        IIC_WaitAck( );
  81   1      
  82   1        IIC_Start( );
  83   1        IIC_SendByte( 0xa0+1 );
  84   1        IIC_WaitAck( );
  85   1        D=IIC_RecByte( );
  86   1        IIC_SendAck(1);
  87   1        IIC_Stop( );
  88   1        
  89   1        return D; 
  90   1      }
  91          
  92          
  93          void time1_int1()
  94          {
  95   1        EA=1;
  96   1        ET1=1;
  97   1        TR1=1;
  98   1        TMOD=(TMOD&0x0f)|0x10;
  99   1        TH1=(65536-2000)/256;
 100   1        TL1=(65536-2000)%256;   
 101   1      }
 102          
 103          void initial_all()
 104          {
 105   1        P2=(P2&0x1f)|0xa0;
 106   1        P0=0x00;
 107   1        P2=(P2&0x1f); 
 108   1        P2=(P2&0x1f)|0x80;
 109   1        P0=0xff;
 110   1        P2=(P2&0x1f); 
 111   1        P2=(P2&0x1f)|0xc0;
 112   1        P0=0xff;
 113   1        P2=(P2&0x1f);   
 114   1        P2=(P2&0x1f)|0xe0;
 115   1        P0=0xff;
 116   1        P2=(P2&0x1f);   
C51 COMPILER V9.55   MAIN                                                                  05/03/2022 15:25:08 PAGE 3   

 117   1      }
 118          
 119          void main()
 120          {
 121   1        initial_all();  
 122   1        time1_int1();
 123   1        while(1)
 124   1        {
 125   2         if(f_2ms==1)
 126   2         {
 127   3           f_2ms=0;
 128   3        
 129   3           temp=du_24c02(0);
 130   3           if(temp!=226)
 131   3           {
 132   4             xie_24c02(0,226);
 133   4             temp=du_24c02(0);
 134   4             Delay10ms();
 135   4           }
 136   3           num1=temp/100;num2=temp%100/10;num3=temp%10;
 137   3           num4=num5=num6=num7=num8=10;
 138   3        
 139   3        
 140   3         }//f_2ms
 141   2        }
 142   1      }
 143          
 144          
 145          
 146          void cl_time1_int1() interrupt 3
 147          {
 148   1        TH1=(65536-2000)/256;
 149   1        TL1=(65536-2000)%256;   
 150   1        
 151   1        smg_display(num1,num2,num3,num4,num5,num6,num7,num8);
 152   1        f_2ms=1;
 153   1        
 154   1        
 155   1      }
 156          
 157          
 158          
 159          
 160          
 161          
 162          
 163          
 164          
 165          
 166          
 167          
 168          
 169          
 170          
 171          
 172          
 173          
 174          


MODULE INFORMATION:   STATIC OVERLAYABLE
   CODE SIZE        =    567    ----
C51 COMPILER V9.55   MAIN                                                                  05/03/2022 15:25:08 PAGE 4   

   CONSTANT SIZE    =     19    ----
   XDATA SIZE       =   ----    ----
   PDATA SIZE       =   ----    ----
   DATA SIZE        =     12      13
   IDATA SIZE       =   ----    ----
   BIT SIZE         =   ----    ----
END OF MODULE INFORMATION.


C51 COMPILATION COMPLETE.  0 WARNING(S),  0 ERROR(S)
