C51 COMPILER V9.59.0.0   ONEWIRE                                                           04/13/2022 14:07:50 PAGE 1   


C51 COMPILER V9.59.0.0, COMPILATION OF MODULE ONEWIRE
OBJECT MODULE PLACED IN onewire.OBJ
COMPILER INVOKED BY: C:\Keil_v5\C51\BIN\C51.EXE onewire.c OPTIMIZE(8,SPEED) BROWSE DEBUG OBJECTEXTEND TABS(2)

line level    source

   1          #include "reg52.h"
   2          
   3          sbit DQ = P1^4;
   4          
   5          ////单总线延时函数
   6          void Delay_OneWire(unsigned int t)  
   7          {
   8   1        unsigned char i;
   9   1        while(t--){
  10   2          for(i=0;i<12;i++);
  11   2        }
  12   1      }
  13          
  14          //通过单总线向DS18B20写一个字节
  15          void Write_DS18B20(unsigned char dat)
  16          {
  17   1        unsigned char i;
  18   1        for(i=0;i<8;i++)
  19   1        {
  20   2          DQ = 0;
  21   2          DQ = dat&0x01;
  22   2          Delay_OneWire(5);
  23   2          DQ = 1;
  24   2          dat >>= 1;
  25   2        }
  26   1        Delay_OneWire(5);
  27   1      
  28   1      }
  29          
  30          //从DS18B20读取一个字节
  31          unsigned char Read_DS18B20(void)
  32          {
  33   1        unsigned char i;
  34   1        unsigned char dat;
  35   1        
  36   1        for(i=0;i<8;i++)
  37   1        {
  38   2          DQ = 0;
  39   2          dat >>= 1;
  40   2          DQ = 1; 
  41   2          if(DQ)  
  42   2          {
  43   3            dat |= 0x80;
  44   3          }     
  45   2          Delay_OneWire(5);
  46   2        }
  47   1        return dat;
  48   1      }
  49          
  50          //DS18B20初始化
  51          bit init_ds18b20(void)
  52          {
  53   1          bit initflag = 0;
  54   1          
  55   1          DQ = 1;
C51 COMPILER V9.59.0.0   ONEWIRE                                                           04/13/2022 14:07:50 PAGE 2   

  56   1          Delay_OneWire(12);
  57   1          DQ = 0;
  58   1          Delay_OneWire(80); // 延时大于480us
  59   1          DQ = 1;
  60   1          Delay_OneWire(10);  // 14
  61   1          initflag = DQ;     // initflag等于1初始化失败
  62   1          Delay_OneWire(5);
  63   1        
  64   1          return initflag;
  65   1      }
  66          
  67          //DS18B20温度采集程序：整数
  68          unsigned char rd_temperature(void)
  69          {
  70   1          unsigned char low,high;
  71   1          char temp;  //这是一个有符号的数
  72   1        
  73   1          init_ds18b20();
  74   1          Write_DS18B20(0xCC);
  75   1          Write_DS18B20(0x44); //启动温度转换
  76   1          Delay_OneWire(200);
  77   1      
  78   1          init_ds18b20();
  79   1          Write_DS18B20(0xCC);
  80   1          Write_DS18B20(0xBE); //读取寄存器
  81   1      
  82   1          low = Read_DS18B20(); //低字节
  83   1          high = Read_DS18B20(); //高字节
  84   1        
  85   1          temp = high<<4;   //只取了整数部分和符号位
  86   1          temp |= (low>>4);
  87   1        
  88   1          return temp;
  89   1      }
  90          


MODULE INFORMATION:   STATIC OVERLAYABLE
   CODE SIZE        =    196    ----
   CONSTANT SIZE    =   ----    ----
   XDATA SIZE       =   ----    ----
   PDATA SIZE       =   ----    ----
   DATA SIZE        =   ----    ----
   IDATA SIZE       =   ----    ----
   BIT SIZE         =   ----       1
END OF MODULE INFORMATION.


C51 COMPILATION COMPLETE.  0 WARNING(S),  0 ERROR(S)
