C51 COMPILER V9.59.0.0   LED______                                                         03/01/2023 22:38:41 PAGE 1   


C51 COMPILER V9.59.0.0, COMPILATION OF MODULE LED______
OBJECT MODULE PLACED IN .\Objects\LEDÅÜÂíµÆ.obj
COMPILER INVOKED BY: C:\Keil_v5\C51\BIN\C51.EXE LEDÅÜÂíµÆ.c OPTIMIZE(8,SPEED) BROWSE DEBUG OBJECTEXTEND PRINT(.\Listings
                    -\LEDÅÜÂíµÆ.lst) TABS(2) OBJECT(.\Objects\LEDÅÜÂíµÆ.obj)

line level    source

   1          #include "reg52.h"
   2          
   3          sbit HC138_A = P2^5;
   4          sbit HC138_B = P2^6;
   5          sbit HC138_C = P2^7;
   6          
   7          void Delay(unsigned int t)
   8          {
   9   1        while(t--);
  10   1        while(t--);
  11   1      }
  12          
  13          void SelectHC573()
  14          {
  15   1        HC138_C = 1;
  16   1        HC138_B = 0;
  17   1        HC138_A = 0;
  18   1      }
  19          
  20          void LEDRunning()//Y4 --> CBA = 100
  21          {
  22   1        unsigned char i;
  23   1        
  24   1        SelectHC573();
  25   1        
  26   1        for(i = 0;i < 3;i++)
  27   1        {
  28   2          P0 = 0x00;
  29   2          Delay(60000);
  30   2          Delay(60000);
  31   2          P0 = 0xff;
  32   2          Delay(60000);
  33   2          Delay(60000);
  34   2        }
  35   1        for(i = 1;i < 9;i++)
  36   1        {
  37   2          P0 = 0xff << i;
  38   2          Delay(60000);
  39   2          Delay(60000);
  40   2          Delay(60000);
  41   2        }
  42   1        for(i = 1;i < 9;i++)
  43   1        {
  44   2          P0 = ~(0xff << i);
  45   2          Delay(60000);
  46   2          Delay(60000);
  47   2          Delay(60000);
  48   2        }
  49   1      }
  50          
  51          void main()
  52          {
  53   1        
  54   1        while(1)
C51 COMPILER V9.59.0.0   LED______                                                         03/01/2023 22:38:41 PAGE 2   

  55   1        {
  56   2          LEDRunning();
  57   2        }
  58   1      }


MODULE INFORMATION:   STATIC OVERLAYABLE
   CODE SIZE        =    140    ----
   CONSTANT SIZE    =   ----    ----
   XDATA SIZE       =   ----    ----
   PDATA SIZE       =   ----    ----
   DATA SIZE        =   ----    ----
   IDATA SIZE       =   ----    ----
   BIT SIZE         =   ----    ----
END OF MODULE INFORMATION.


C51 COMPILATION COMPLETE.  0 WARNING(S),  0 ERROR(S)
