C51 COMPILER V9.60.0.0   ONEWIRE                                                           07/21/2022 16:10:13 PAGE 1   


C51 COMPILER V9.60.0.0, COMPILATION OF MODULE ONEWIRE
OBJECT MODULE PLACED IN .\Objects\onewire.obj
COMPILER INVOKED BY: D:\keilc\pack_file\C51\BIN\C51.EXE onewire.c OPTIMIZE(8,SPEED) BROWSE DEBUG OBJECTEXTEND PRINT(.\Li
                    -stings\onewire.lst) TABS(2) OBJECT(.\Objects\onewire.obj)

line level    source

   1          #include "onewire.h"
   2          
   3          //单总线内部延时函数
   4          void Delay_OneWire(unsigned int t)  
   5          {
   6   1        char i;
   7   1        while(t--)
   8   1          for(i=12;i!=0;i--);
   9   1      
  10   1      }
  11          
  12          
  13          //单总线写操作
  14          void Write_DS18B20(unsigned char dat)
  15          {
  16   1        unsigned char i;
  17   1        for(i=0;i<8;i++)
  18   1        {
  19   2          DQ = 0;
  20   2          DQ = dat&0x01;
  21   2          Delay_OneWire(5);
  22   2          DQ = 1;
  23   2          dat >>= 1;
  24   2        }
  25   1        Delay_OneWire(5);
  26   1      }
  27          
  28          //单总线读操作
  29          unsigned char Read_DS18B20(void)
  30          {
  31   1        unsigned char i;
  32   1        unsigned char dat;
  33   1        
  34   1        for(i=0;i<8;i++)
  35   1        {
  36   2          DQ = 0;
  37   2          dat >>= 1;
  38   2          DQ = 1;
  39   2          if(DQ)
  40   2          {
  41   3            dat |= 0x80;
  42   3          }     
  43   2          Delay_OneWire(5);
  44   2        }
  45   1        return dat;
  46   1      }
  47          
  48          //DS18B20初始化
  49          bit init_ds18b20(void)
  50          {
  51   1          bit initflag = 0;
  52   1          
  53   1          DQ = 1;
  54   1          Delay_OneWire(12);
C51 COMPILER V9.60.0.0   ONEWIRE                                                           07/21/2022 16:10:13 PAGE 2   

  55   1          DQ = 0;
  56   1          Delay_OneWire(80);
  57   1          DQ = 1;
  58   1          Delay_OneWire(10); 
  59   1          initflag = DQ;     
  60   1          Delay_OneWire(5);
  61   1        
  62   1          return initflag;
  63   1      }
  64          
  65          
  66          void initial_18b20()
  67          {
  68   1        init_ds18b20( );
  69   1        Write_DS18B20( 0xcc );
  70   1        Write_DS18B20( 0x4e );
  71   1        Write_DS18B20( 0x00 );
  72   1        Write_DS18B20( 0x00 );
  73   1        Write_DS18B20( 0x7f );
  74   1      }
  75          void change_18b20()
  76          {
  77   1        init_ds18b20( );
  78   1        Write_DS18B20( 0xcc );
  79   1        Write_DS18B20( 0x44 );
  80   1        
  81   1      }
  82          
  83          
  84          unsigned int rd_temperature(void)
  85          {
  86   1       unsigned int L,H;
  87   1        init_ds18b20( );
  88   1        Write_DS18B20( 0xcc );
  89   1        Write_DS18B20( 0xbe );  
  90   1        L=Read_DS18B20( );
  91   1        H=Read_DS18B20( );
  92   1        change_18b20();
  93   1      
  94   1      //  return ((H<<8)+(L))*0.0625;//九位分辨率数据处理方法 
  95   1        return ((H<<4)+(L>>4));  //九位分辨率数据处理方法 (无小数)
  96   1      
  97   1      ////  return ((H<<8)+L)*0.625;  //(1位小数)
  98   1      ////   return ((H<<8)+L)*5/8; 
  99   1      //  
 100   1      ////   return ((H<<8)+L)* 6.25;   //(两位小数)
 101   1      //  return ((H<<8)+L)*25/4;   
 102   1        
 103   1        
 104   1      
 105   1      }


MODULE INFORMATION:   STATIC OVERLAYABLE
   CODE SIZE        =    250    ----
   CONSTANT SIZE    =   ----    ----
   XDATA SIZE       =   ----    ----
   PDATA SIZE       =   ----    ----
   DATA SIZE        =   ----       3
   IDATA SIZE       =   ----    ----
   BIT SIZE         =   ----       1
END OF MODULE INFORMATION.

C51 COMPILER V9.60.0.0   ONEWIRE                                                           07/21/2022 16:10:13 PAGE 3   


C51 COMPILATION COMPLETE.  0 WARNING(S),  0 ERROR(S)
