C51 COMPILER V9.59.0.0   ________                                                          03/07/2023 16:59:40 PAGE 1   


C51 COMPILER V9.59.0.0, COMPILATION OF MODULE ________
OBJECT MODULE PLACED IN .\Objects\¾ØÕó°´¼ü.obj
COMPILER INVOKED BY: C:\Keil_v5\C51\BIN\C51.EXE ¾ØÕó°´¼ü.c OPTIMIZE(8,SPEED) BROWSE DEBUG OBJECTEXTEND PRINT(.\Listings\
                    -¾ØÕó°´¼ü.lst) TABS(2) OBJECT(.\Objects\¾ØÕó°´¼ü.obj)

line level    source

   1          #include "reg52.h"
   2          
   3          sfr P4 = 0xc0;
   4          
   5          sbit C1 = P3^0;
   6          sbit C2 = P3^1;
   7          sbit C3 = P3^2;
   8          sbit C4 = P3^3;
   9          
  10          sbit R1 = P4^4;
  11          sbit R2 = P4^2;
  12          sbit R3 = P3^5;
  13          sbit R4 = P3^4;
  14          
  15          void Init_Sys()
  16          {
  17   1        P2 = (P2 & 0x1f) | 0x80;
  18   1        P0 = 0xff;
  19   1        P2 &= 0x1f;
  20   1        
  21   1        P2 = (P2 & 0x1f) | 0xa0;
  22   1        P0 = 0x00;
  23   1        P2 &= 0x1f;
  24   1      }
  25          
  26          void Delay(unsigned int t)
  27          {
  28   1        while(t--);
  29   1      }
  30          
  31          void Scan_Keys()
  32          {
  33   1        C1 = 0;
  34   1        C2 = C3 = C4 = 1;
  35   1        if(R1 == 0)
  36   1        {
  37   2          P2 = (P2 & 0x1f) | 0xe0;
  38   2          P0 = 0xc0;
  39   2          P2 &= 0x1f;
  40   2        }
  41   1        else if(R2 == 0)
  42   1        {
  43   2          P2 = (P2 & 0x1f) | 0xe0;
  44   2          P0 = 0xf9;
  45   2          P2 &= 0x1f;
  46   2        }
  47   1        else if(R3 == 0)
  48   1        {
  49   2          P2 = (P2 & 0x1f) | 0xe0;
  50   2          P0 = 0xa4;
  51   2          P2 &= 0x1f;
  52   2        }
  53   1        else if(R4 == 0)
  54   1        {
C51 COMPILER V9.59.0.0   ________                                                          03/07/2023 16:59:40 PAGE 2   

  55   2          P2 = (P2 & 0x1f) | 0xe0;
  56   2          P0 = 0xb0;
  57   2          P2 &= 0x1f;
  58   2        }
  59   1        
  60   1        
  61   1        C2 = 0;
  62   1        C1 = C3 = C4 = 1;
  63   1        if(R1 == 0)
  64   1        {
  65   2          P2 = (P2 & 0x1f) | 0xe0;
  66   2          P0 = 0xb0;
  67   2          P2 &= 0x1f;
  68   2        }
  69   1        else if(R2 == 0)
  70   1        {
  71   2          P2 = (P2 & 0x1f) | 0xe0;
  72   2          P0 = 0xa4;
  73   2          P2 &= 0x1f;
  74   2        }
  75   1        else if(R3 == 0)
  76   1        {
  77   2          P2 = (P2 & 0x1f) | 0xe0;
  78   2          P0 = 0xf9;
  79   2          P2 &= 0x1f;
  80   2        }
  81   1        else if(R4 == 0)
  82   1        {
  83   2          P2 = (P2 & 0x1f) | 0xe0;
  84   2          P0 = 0xc0;
  85   2          P2 &= 0x1f;
  86   2        }
  87   1        
  88   1        
  89   1      }
  90          
  91          void main()
  92          {
  93   1        Init_Sys();
  94   1        P2 = (P2 & 0x1f) | 0xc0;
  95   1        P0 = 0x01;
  96   1        P2 &= 0x1f;
  97   1        while(1)
  98   1        {
  99   2          Scan_Keys();
 100   2        }
 101   1      }


MODULE INFORMATION:   STATIC OVERLAYABLE
   CODE SIZE        =    209    ----
   CONSTANT SIZE    =   ----    ----
   XDATA SIZE       =   ----    ----
   PDATA SIZE       =   ----    ----
   DATA SIZE        =   ----    ----
   IDATA SIZE       =   ----    ----
   BIT SIZE         =   ----    ----
END OF MODULE INFORMATION.


C51 COMPILATION COMPLETE.  0 WARNING(S),  0 ERROR(S)
