C51 COMPILER V9.59.0.0   PWM____LED                                                        03/14/2023 22:12:55 PAGE 1   


C51 COMPILER V9.59.0.0, COMPILATION OF MODULE PWM____LED
OBJECT MODULE PLACED IN .\Objects\PWM控制Led.obj
COMPILER INVOKED BY: C:\Keil_v5\C51\BIN\C51.EXE PWM控制Led.c OPTIMIZE(8,SPEED) BROWSE DEBUG OBJECTEXTEND PRINT(.\Listing
                    -s\PWM控制Led.lst) TABS(2) OBJECT(.\Objects\PWM控制Led.obj)

line level    source

   1          #include "reg52.h"
   2          
   3          sbit L1 = P0^0;
   4          sbit S7 = P3^0;
   5          
   6          unsigned char count = 0;
   7          unsigned char pwm_dut = 0;
   8          
   9          void Init_T0_PWM()
  10          {
  11   1        TMOD = 0x01;
  12   1        TH0 = (65536 - 100) / 256;
  13   1        TL0 = (65536 - 100) % 256;
  14   1        
  15   1        ET0 = 1;
  16   1        EA = 1;
  17   1      }
  18          
  19          void Service_T0() interrupt 1
  20          {
  21   1        TH0 = (65536 - 100) / 256;
  22   1        TL0 = (65536 - 100) % 256;
  23   1        
  24   1        count++;
  25   1        if(count <= pwm_dut)
  26   1        {
  27   2          L1 = 0;
  28   2        }
  29   1        else if(count < 100)
  30   1        {
  31   2          L1 = 1;
  32   2        }
  33   1        else if(count == 100)
  34   1        {
  35   2          L1 = 0;
  36   2          count = 0;
  37   2        }
  38   1      }
  39          
  40          void Delay(unsigned int t)
  41          {
  42   1        while(t--);
  43   1      }
  44          
  45          unsigned char key_stat = 0;
  46          void Scan_Key()
  47          {
  48   1        if(S7 == 0)
  49   1        {
  50   2          Delay(100);
  51   2          if(S7 == 0)
  52   2          {
  53   3            switch(key_stat)
  54   3            {
C51 COMPILER V9.59.0.0   PWM____LED                                                        03/14/2023 22:12:55 PAGE 2   

  55   4              case 0:
  56   4                L1 = 0;
  57   4                key_stat = 1;
  58   4                TR0 = 1;
  59   4                pwm_dut = 10;
  60   4              break;
  61   4              
  62   4              case 1:
  63   4                L1 = 0;
  64   4                key_stat = 2;
  65   4                pwm_dut = 50;
  66   4              break;
  67   4              
  68   4              case 2:
  69   4                L1 = 0;
  70   4                key_stat = 3;
  71   4                pwm_dut = 100;
  72   4              break;
  73   4              
  74   4              case 3:
  75   4                L1 = 1;
  76   4                TR0 = 0;
  77   4                key_stat = 0;
  78   4              break;
  79   4            }
  80   3            
  81   3            while(S7 == 0);
  82   3          }
  83   2        }
  84   1      }
  85          
  86          void Init_Sys()
  87          {
  88   1        P2 = (P2 & 0x1f) | 0xa0;
  89   1        P0 = 0xff;
  90   1        P2 &= 0x1f;
  91   1        
  92   1        P2 = (P2 & 0x1f) | 0x80;
  93   1        P0 = 0xff;
  94   1      }
  95          
  96          void main()
  97          {
  98   1        Init_Sys();
  99   1        Init_T0_PWM();
 100   1        while(1)
 101   1        {
 102   2          Scan_Key();
 103   2        }
 104   1      }


MODULE INFORMATION:   STATIC OVERLAYABLE
   CODE SIZE        =    200    ----
   CONSTANT SIZE    =   ----    ----
   XDATA SIZE       =   ----    ----
   PDATA SIZE       =   ----    ----
   DATA SIZE        =      3    ----
   IDATA SIZE       =   ----    ----
   BIT SIZE         =   ----    ----
END OF MODULE INFORMATION.


C51 COMPILATION COMPLETE.  0 WARNING(S),  0 ERROR(S)
