C51 COMPILER V9.55   ONEWIRE                                                               06/15/2022 20:19:38 PAGE 1   


C51 COMPILER V9.55, COMPILATION OF MODULE ONEWIRE
OBJECT MODULE PLACED IN .\Objects\onewire.obj
COMPILER INVOKED BY: D:\keilc\pack_file\C51\BIN\C51.EXE onewire.c OPTIMIZE(8,SPEED) BROWSE DEBUG OBJECTEXTEND PRINT(.\Li
                    -stings\onewire.lst) TABS(2) OBJECT(.\Objects\onewire.obj)

line level    source

   1          #include "onewire.h"
   2          
   3          //
   4          void Delay_OneWire(unsigned int t)  
   5          {char i;
   6   1        while(t--)
   7   1          for(i=12;i!=0;i--);
   8   1      }
   9          
  10          //
  11          void Write_DS18B20(unsigned char dat)
  12          {
  13   1        unsigned char i;
  14   1        for(i=0;i<8;i++)
  15   1        {
  16   2          DQ = 0;
  17   2          DQ = dat&0x01;
  18   2          Delay_OneWire(5);
  19   2          DQ = 1;
  20   2          dat >>= 1;
  21   2        }
  22   1        Delay_OneWire(5);
  23   1      }
  24          
  25          //
  26          unsigned char Read_DS18B20(void)
  27          {
  28   1        unsigned char i;
  29   1        unsigned char dat;
  30   1        
  31   1        for(i=0;i<8;i++)
  32   1        {
  33   2          DQ = 0;
  34   2          dat >>= 1;
  35   2          DQ = 1;
  36   2          if(DQ)
  37   2          {
  38   3            dat |= 0x80;
  39   3          }     
  40   2          Delay_OneWire(5);
  41   2        }
  42   1        return dat;
  43   1      }
  44          
  45          //
  46          bit init_ds18b20(void)
  47          {
  48   1          bit initflag = 0;
  49   1          
  50   1          DQ = 1;
  51   1          Delay_OneWire(12);
  52   1          DQ = 0;
  53   1          Delay_OneWire(80);
  54   1          DQ = 1;
C51 COMPILER V9.55   ONEWIRE                                                               06/15/2022 20:19:38 PAGE 2   

  55   1          Delay_OneWire(10); 
  56   1          initflag = DQ;     
  57   1          Delay_OneWire(5);
  58   1        
  59   1          return initflag;
  60   1      }
  61          //===================================
  62          void initial_18b20()
  63          {
  64   1        init_ds18b20( );
  65   1        Write_DS18B20(0xcc);
  66   1        Write_DS18B20(0x4e);
  67   1        Write_DS18B20(0x00);
  68   1        Write_DS18B20(0x00);
  69   1        Write_DS18B20(0x7f);
  70   1      }
  71          void change_18b20()
  72          {
  73   1        init_ds18b20( );
  74   1        Write_DS18B20(0xcc);
  75   1        Write_DS18B20(0x44);  
  76   1      }
  77          unsigned int rd_temperature(void)
  78          {
  79   1        unsigned int H,L;
  80   1        init_ds18b20( );
  81   1        Write_DS18B20(0xcc);
  82   1        Write_DS18B20(0xbe);  
  83   1        L=Read_DS18B20( );
  84   1        H=Read_DS18B20( );
  85   1        change_18b20();
  86   1        
  87   1        return ((H<<8)+L)*0.625;  
  88   1      }


MODULE INFORMATION:   STATIC OVERLAYABLE
   CODE SIZE        =    219    ----
   CONSTANT SIZE    =   ----    ----
   XDATA SIZE       =   ----    ----
   PDATA SIZE       =   ----    ----
   DATA SIZE        =   ----       2
   IDATA SIZE       =   ----    ----
   BIT SIZE         =   ----       1
END OF MODULE INFORMATION.


C51 COMPILATION COMPLETE.  0 WARNING(S),  0 ERROR(S)
