C51 COMPILER V9.55   MAIN                                                                  05/07/2022 11:12:40 PAGE 1   


C51 COMPILER V9.55, COMPILATION OF MODULE MAIN
OBJECT MODULE PLACED IN .\Objects\main.obj
COMPILER INVOKED BY: D:\keilc\pack_file\C51\BIN\C51.EXE main.c OPTIMIZE(8,SPEED) BROWSE DEBUG OBJECTEXTEND PRINT(.\Listi
                    -ngs\main.lst) TABS(2) OBJECT(.\Objects\main.obj)

line level    source

   1          /****************************************
   2          利用定时器2作为波特率发生器，与上位机通信实现数据收发工作
   3          *********************************************/
   4          #include <STC15F2K60S2.H>
   5          #include <intrins.h>
   6          #define uchar unsigned char 
   7          #define uint unsigned int 
   8            
   9          uchar code type1[]={  0xC0,
  10                                0xF9,
  11                                0xA4,
  12                                0xB0,
  13                                0x99,
  14                                0x92,
  15                                0x82,
  16                                0xF8,
  17                                0x80,
  18                                0x90,0xff};
  19          uchar code type2[]={0x01,0x02,0x04,0x08,0x10,0x20,0x40,0x80};
  20          
  21          uchar TX[]={1,2,3,4}, TXP=0;
  22          uchar RX[]={1,2,3,4}, RXP=0;
  23          
  24          
  25          uchar num1,num2,num3,num4,num5,num6,num7,num8;
  26          uchar f_2ms;
  27          uchar t_2ms;
  28          uchar GN;
  29          
  30          uchar vary;
  31          bit f_1s;
  32          
  33          uchar a,b,c;
  34          bit k;
  35          
  36          void Delay10ms()    //@11.0592MHz
  37          {
  38   1        unsigned char i, j;
  39   1      
  40   1        i = 108;
  41   1        j = 145;
  42   1        do
  43   1        {
  44   2          while (--j);
  45   2        } while (--i);
  46   1      }
  47          
  48          void smg_display(char n1,char n2,char n3,char n4,char n5,char n6,char n7,char n8)
  49          {
  50   1        char i;
  51   1        P0=0xff;
  52   1        P2=(P2&0x1f)|0xc0;
  53   1        P0=type2[i];
  54   1        P2=(P2&0x1f);
C51 COMPILER V9.55   MAIN                                                                  05/07/2022 11:12:40 PAGE 2   

  55   1        switch(i)
  56   1        {
  57   2          case 0:P2=(P2&0x1f)|0xe0; P0=type1[n1]; P2=(P2&0x1f);break;
  58   2          case 1:P2=(P2&0x1f)|0xe0; P0=type1[n2]; P2=(P2&0x1f);break;   
  59   2          case 2:P2=(P2&0x1f)|0xe0; P0=type1[n3]; P2=(P2&0x1f);break;   
  60   2          case 3:P2=(P2&0x1f)|0xe0; P0=type1[n4]; P2=(P2&0x1f);break;   
  61   2          case 4:P2=(P2&0x1f)|0xe0; P0=type1[n5]; P2=(P2&0x1f);break;   
  62   2          case 5:P2=(P2&0x1f)|0xe0; P0=type1[n6]; P2=(P2&0x1f);break;   
  63   2          case 6:P2=(P2&0x1f)|0xe0; P0=type1[n7]; P2=(P2&0x1f);break;   
  64   2          case 7:P2=(P2&0x1f)|0xe0; P0=type1[n8]; P2=(P2&0x1f);break;   
  65   2          
  66   2        }
  67   1        if(++i==8)
  68   1          i=0;
  69   1      }
  70          
  71          
  72          ////////////////////////////key
  73          uchar key_scan()
  74          {
  75   1        uchar temp;
  76   1        temp=(~P3)&0x0f;
  77   1        if(temp==0) return 0;
  78   1        Delay10ms();
  79   1        temp=(~P3)&0x0f;
  80   1        if(temp==0) return 0; 
  81   1        return temp;
  82   1      }
  83          
  84          void key_change()
  85          {
  86   1        uchar D;
  87   1        D= key_scan();
  88   1        switch(D)
  89   1        {
  90   2          case 8:GN=4;break;
  91   2          case 4:GN=5;break;
  92   2          case 2:GN=6;break;
  93   2          case 1:GN=7;break;
  94   2          case 0:GN=0;break;
  95   2        } 
  96   1      }
  97          
  98          
  99          
 100          //////////////////////////////////串口
 101          void UartInit(void)   //9600bps@11.0592MHz
 102          {
 103   1        SCON = 0x50;    //8位数据,可变波特率
 104   1        AUXR |= 0x01;   //串口1选择定时器2为波特率发生器
 105   1        AUXR |= 0x04;   //定时器2时钟为Fosc,即1T
 106   1        T2L = 0xE0;   //设定定时初值
 107   1        T2H = 0xFE;   //设定定时初值
 108   1        AUXR |= 0x10;   //启动定时器2
 109   1        
 110   1        ES=1;//打开串口
 111   1      //  REN=1;
 112   1      }
 113            
 114          
 115          
 116          
C51 COMPILER V9.55   MAIN                                                                  05/07/2022 11:12:40 PAGE 3   

 117          void time1_int1()
 118          {
 119   1        EA=1;
 120   1        ET1=1;
 121   1        TR1=1;
 122   1        TMOD=(TMOD&0x0f)|0x10;
 123   1        TH1=(65536-2000)/256;
 124   1        TL1=(65536-2000)%256;   
 125   1      }
 126          
 127          void initial_all()
 128          {
 129   1        P2=(P2&0x1f)|0xa0;
 130   1        P0=0x00;
 131   1        P2=(P2&0x1f); 
 132   1        P2=(P2&0x1f)|0x80;
 133   1        P0=0xff;
 134   1        P2=(P2&0x1f); 
 135   1        P2=(P2&0x1f)|0xc0;
 136   1        P0=0xff;
 137   1        P2=(P2&0x1f);   
 138   1        P2=(P2&0x1f)|0xe0;
 139   1        P0=0xff;
 140   1        P2=(P2&0x1f);   
 141   1      }
 142          
 143          void main()
 144          {
 145   1        initial_all();  
 146   1        time1_int1();
 147   1        UartInit( );
 148   1        while(1)
 149   1        {
 150   2         if(f_2ms==1)
 151   2         {
 152   3           f_2ms=0;
 153   3           key_change();
 154   3           
 155   3       if(GN==4)
 156   3       {
 157   4      //   SBUF=1;
 158   4         TI=1;
 159   4         while(key_scan());
 160   4        
 161   4       }     
 162   3      
 163   3           num1=RX[0];num2=RX[1];num3=RX[2];num4=RX[3];
 164   3       
 165   3           num5=10;num6=10;num7=10; 
 166   3        
 167   3        
 168   3         }
 169   2        }
 170   1      }
 171          
 172          
 173          
 174          void cl_time1_int1() interrupt 3
 175          {
 176   1        TH1=(65536-2000)/256;
 177   1        TL1=(65536-2000)%256;   
 178   1        
C51 COMPILER V9.55   MAIN                                                                  05/07/2022 11:12:40 PAGE 4   

 179   1        smg_display(num1,num2,num3,num4,num5,num6,num7,num8);
 180   1        f_2ms=1;
 181   1        
 182   1      //  if(++t_2ms==500)
 183   1      //  {
 184   1      //    t_2ms=0;
 185   1      //    vary++;
 186   1      //    f_1s=1;
 187   1      //  }
 188   1      }
 189          
 190          
 191          void cl_UartInit() interrupt 4
 192          {
 193   1      
 194   1        
 195   1      /////////////////////////////////////对接受来的数据进行缓存
 196   1      if(RI==1)
 197   1      {
 198   2        RI=0;
 199   2        if(RXP!=4)
 200   2        {
 201   3          vary=SBUF;
 202   3          vary=(vary>>4)*10+(vary&0x0f);
 203   3          RX[RXP]=vary;
 204   3          RXP++;
 205   3        }
 206   2        else 
 207   2          RXP=0;
 208   2      } 
 209   1        
 210   1      /////////////////////////////////////向上位机发送已经缓存的数据    
 211   1        if(TI==1)
 212   1        {
 213   2             TI=0;       
 214   2              if(TXP!=4)
 215   2              {
 216   3                SBUF=TX[TXP];
 217   3                TXP++;          
 218   3              }
 219   2              else
 220   2                TXP=0;
 221   2        } 
 222   1          
 223   1      
 224   1        
 225   1      
 226   1        
 227   1      }////over
 228          
 229          
 230          
 231          
 232          
 233          
 234          
 235          
 236          


MODULE INFORMATION:   STATIC OVERLAYABLE
   CODE SIZE        =    601    ----
C51 COMPILER V9.55   MAIN                                                                  05/07/2022 11:12:40 PAGE 5   

   CONSTANT SIZE    =     19    ----
   XDATA SIZE       =   ----    ----
   PDATA SIZE       =   ----    ----
   DATA SIZE        =     25       9
   IDATA SIZE       =   ----    ----
   BIT SIZE         =      2    ----
END OF MODULE INFORMATION.


C51 COMPILATION COMPLETE.  0 WARNING(S),  0 ERROR(S)
