C51 COMPILER V9.55   MAIN                                                                  04/01/2022 15:06:43 PAGE 1   


C51 COMPILER V9.55, COMPILATION OF MODULE MAIN
OBJECT MODULE PLACED IN .\Objects\main.obj
COMPILER INVOKED BY: D:\keilc\pack_file\C51\BIN\C51.EXE main.c OPTIMIZE(8,SPEED) BROWSE DEBUG OBJECTEXTEND PRINT(.\Listi
                    -ngs\main.lst) TABS(2) OBJECT(.\Objects\main.obj)

line level    source

   1          #include <STC15F2K60S2.h>
   2          #include <onewire.h>
   3          #include <intrins.h>
   4          #define uchar unsigned char 
   5          #define uint unsigned int 
   6            
   7          sbit output=P3^4;
   8          uchar code type1[]={0xc0,0xf9,0xa4,0xb0,0x99,0x92,0x82,0xf8,0x80,0x90,0xff,0xbf,0xc6};
   9          uchar code type2[]={0x01,0x02,0x04,0x08,0x10,0x20,0x40,0x80};
  10          uchar num1,num2,num3,num4,num5,num6,num7,num8;
  11          uchar GN;
  12          uchar model;
  13          uchar time=0;
  14          uchar f_100us;
  15          uchar t_100us;
  16          uint t_1s,tt;
  17          bit flag=0;
  18          
  19          
  20          
  21          
  22          void Delay10ms()    //@11.0592MHz
  23          {
  24   1        unsigned char i, j;
  25   1      
  26   1        i = 108;
  27   1        j = 145;
  28   1        do
  29   1        {
  30   2          while (--j);
  31   2        } while (--i);
  32   1      }
  33          void smg_display(uchar n1,uchar n2,uchar n3,uchar n4,uchar n5,uchar n6,uchar n7,uchar n8)
  34          {
  35   1        uchar i;
  36   1        P0=0xff;
  37   1        P2=(P2&0x1f)|0xc0;
  38   1        P0=type2[i];
  39   1        P2=(P2&0x1f);
  40   1        switch(i)
  41   1        {
  42   2          case 0:P2=(P2&0x1f)|0xe0;P0=type1[n1];P2=(P2&0x1f);break;
  43   2          case 1:P2=(P2&0x1f)|0xe0;P0=type1[n2];P2=(P2&0x1f);break;   
  44   2          case 2:P2=(P2&0x1f)|0xe0;P0=type1[n3];P2=(P2&0x1f);break;   
  45   2          case 3:P2=(P2&0x1f)|0xe0;P0=type1[n4];P2=(P2&0x1f);break;   
  46   2          case 4:P2=(P2&0x1f)|0xe0;P0=type1[n5];P2=(P2&0x1f);break;   
  47   2          case 5:P2=(P2&0x1f)|0xe0;P0=type1[n6];P2=(P2&0x1f);break;   
  48   2          case 6:P2=(P2&0x1f)|0xe0;P0=type1[n7];P2=(P2&0x1f);break; 
  49   2          case 7:P2=(P2&0x1f)|0xe0;P0=type1[n8];P2=(P2&0x1f);break;     
  50   2        }
  51   1        i++;
  52   1        if(i==8)
  53   1          i=0;
  54   1      }
C51 COMPILER V9.55   MAIN                                                                  04/01/2022 15:06:43 PAGE 2   

  55          uchar key_scan()
  56          {
  57   1        uchar temp;
  58   1        temp=(~P3)&0x0f;
  59   1        if(temp==0) return 0;
  60   1        Delay10ms();
  61   1        temp=(~P3)&0x0f;
  62   1        if(temp==0) return 0; 
  63   1        return temp;  
  64   1      }
  65          void key_change()
  66          {
  67   1        uchar D;
  68   1        D=key_scan();
  69   1        switch(D)
  70   1        {
  71   2          case 8:GN=1;break;
  72   2          case 4:GN=2;break;    
  73   2          case 2:GN=3;break;    
  74   2          case 1:GN=4;break;    
  75   2          case 0:GN=0;break;    
  76   2        }
  77   1      }
  78          void time0_int0()
  79          {
  80   1        EA=1;
  81   1        ET0=1;
  82   1        TR0=1;
  83   1        TMOD=(TMOD&0xf0)|0x01;
  84   1        TH0=(65536-100)/256;
  85   1        TL0=(65536-100)%256;    
  86   1      }
  87          void time1_int1()
  88          {
  89   1        EA=1;
  90   1        ET1=1;
  91   1        TR1=1;
  92   1        TMOD=(TMOD&0x0f)|0x10;
  93   1        TH1=(65536-2000)/256;
  94   1        TL1=(65536-2000)%256;
  95   1      }
  96          void main()
  97          {
  98   1        P2=(P2&0x1f)|0xa0;
  99   1        P0=0x00;
 100   1        P2=(P2&0x1f); 
 101   1        P2=(P2&0x1f)|0x80;
 102   1        P0=0xff;
 103   1        P2=(P2&0x1f);   
 104   1        time1_int1();
 105   1        time0_int0();
 106   1        initial_18b20();
 107   1        while(1)
 108   1        {
 109   2          if(f_100us==1)
 110   2          {
 111   3           f_100us=0;
 112   3           key_change();  
 113   3            
 114   3           if(GN==1)
 115   3           {
 116   4            model++;
C51 COMPILER V9.55   MAIN                                                                  04/01/2022 15:06:43 PAGE 3   

 117   4            if(model==3)
 118   4              model=0;        
 119   4             while(key_scan());
 120   4           }
 121   3           if(GN==2)
 122   3           {
 123   4             time=time+60;
 124   4             if(time>120)
 125   4               time=0;
 126   4             while(key_scan());
 127   4           }
 128   3           if(GN==3)
 129   3           {
 130   4             output=0;
 131   4             time=0;
 132   4             while(key_scan());
 133   4           }     
 134   3           if(GN==4)
 135   3           {
 136   4             flag=~flag;
 137   4             while(key_scan());
 138   4           }    
 139   3      
 140   3                   if(flag==0)
 141   3                   {  
 142   4                             num1=11;num2=model+1;num3=11;
 143   4                             num4=10;
 144   4                             num5=time/1000;num6=time%1000/100;     
 145   4                             num7=time%100/10;num8=time%10;
 146   4                   }
 147   3                   if(flag==1)
 148   3                   {
 149   4                             num1=11;num2=4;num3=11;
 150   4                             num4=time/10;num5=time%10;
 151   4                                       
 152   4                             if(++tt==2000)
 153   4                             {
 154   5                               tt=0;
 155   5                              num6=rd_temperature( )/10;num7=rd_temperature( )%10;num8=12;  
 156   5                             }
 157   4                                  
 158   4                   }
 159   3                   if(++t_1s==10000)
 160   3                   {
 161   4                     t_1s=0;               
 162   4                     if(time==0)
 163   4                       time=0;
 164   4                     else
 165   4                       time--;
 166   4                   }
 167   3      
 168   3       
 169   3                                 
 170   3          switch(model)
 171   3          {
 172   4            case 0:              
 173   4                  if(time!=0)
 174   4                  {
 175   5                   t_100us++;
 176   5                   if(t_100us==10)
 177   5                   {
 178   6                     t_100us=0;
C51 COMPILER V9.55   MAIN                                                                  04/01/2022 15:06:43 PAGE 4   

 179   6                     output=1; 
 180   6                   }
 181   5                   if(t_100us==2)
 182   5                     output=0;
 183   5                  P0=0xff;
 184   5                  P2=(P2&0x1f)|0x80;
 185   5                  P0=0xfe;
 186   5                  P2=(P2&0x1f);            
 187   5                  }
 188   4                  if(time==0)
 189   4                  {
 190   5                   output=0;
 191   5                  P0=0xff;
 192   5                  P2=(P2&0x1f)|0x80;
 193   5                  P0=0xff;
 194   5                  P2=(P2&0x1f);               
 195   5                  } 
 196   4                              
 197   4                   break;
 198   4            case 1:
 199   4                  if(time!=0)
 200   4                  {
 201   5                   t_100us++;
 202   5                   if(t_100us==10)
 203   5                   {
 204   6                     t_100us=0;
 205   6                     output=1; 
 206   6                   }
 207   5                   if(t_100us==3)
 208   5                     output=0;
 209   5                  P0=0xff;
 210   5                  P2=(P2&0x1f)|0x80;
 211   5                  P0=0xfd;
 212   5                  P2=(P2&0x1f);              
 213   5                  }
 214   4                  if(time==0)
 215   4                  {
 216   5                   output=0;
 217   5                  P0=0xff;
 218   5                  P2=(P2&0x1f)|0x80;
 219   5                  P0=0xff;
 220   5                  P2=(P2&0x1f);               
 221   5                  } 
 222   4                  
 223   4                   break;
 224   4            case 2:
 225   4                  if(time!=0)
 226   4                  {
 227   5                   t_100us++;
 228   5                   if(t_100us==10)
 229   5                   {
 230   6                     t_100us=0;
 231   6                     output=1; 
 232   6                   }
 233   5                   if(t_100us==7)
 234   5                     output=0;
 235   5                  P0=0xff;
 236   5                  P2=(P2&0x1f)|0x80;
 237   5                  P0=0xfb;
 238   5                  P2=(P2&0x1f);              
 239   5                  }
 240   4                  if(time==0)
C51 COMPILER V9.55   MAIN                                                                  04/01/2022 15:06:43 PAGE 5   

 241   4                  {
 242   5                   output=0;
 243   5                  P0=0xff;
 244   5                  P2=(P2&0x1f)|0x80;
 245   5                  P0=0xff;
 246   5                  P2=(P2&0x1f);               
 247   5                  } 
 248   4                  
 249   4                   break;
 250   4           }//switch  
 251   3          
 252   3          }//f_2ms
 253   2        }
 254   1      }
 255          void cl_time1_int1() interrupt 3
 256          {
 257   1        TH1=(65536-2000)/256;
 258   1        TL1=(65536-2000)%256; 
 259   1        
 260   1        smg_display(num1,num2,num3,num4,num5,num6,num7,num8);
 261   1      
 262   1      }
 263          
 264          void cl_time0_int0() interrupt 1
 265          {
 266   1        TH0=(65536-100)/256;
 267   1        TL0=(65536-100)%256;    
 268   1        
 269   1        f_100us=1;
 270   1      
 271   1      }
 272          


MODULE INFORMATION:   STATIC OVERLAYABLE
   CODE SIZE        =    883    ----
   CONSTANT SIZE    =     21    ----
   XDATA SIZE       =   ----    ----
   PDATA SIZE       =   ----    ----
   DATA SIZE        =     17       9
   IDATA SIZE       =   ----    ----
   BIT SIZE         =      1    ----
END OF MODULE INFORMATION.


C51 COMPILATION COMPLETE.  0 WARNING(S),  0 ERROR(S)
