C51 COMPILER V9.59.0.0   ONEWIRE                                                           03/26/2023 11:16:17 PAGE 1   


C51 COMPILER V9.59.0.0, COMPILATION OF MODULE ONEWIRE
OBJECT MODULE PLACED IN .\Objects\onewire.obj
COMPILER INVOKED BY: C:\Keil_v5\C51\BIN\C51.EXE onewire.c OPTIMIZE(8,SPEED) BROWSE DEBUG OBJECTEXTEND PRINT(.\Listings\o
                    -newire.lst) TABS(2) OBJECT(.\Objects\onewire.obj)

line level    source

   1          #include "onewire.h"
   2          
   3          //单总线内部延时函数
   4          void Delay_OneWire(unsigned int t)  
   5          {
   6   1        char i;
   7   1        while(t--)
   8   1          for(i = 12;i >= 0;i--);
   9   1      }
  10          
  11          //单总线写操作
  12          void Write_DS18B20(unsigned char dat)
  13          {
  14   1        unsigned char i;
  15   1        for(i=0;i<8;i++)
  16   1        {
  17   2          DQ = 0;
  18   2          DQ = dat&0x01;
  19   2          Delay_OneWire(5);
  20   2          DQ = 1;
  21   2          dat >>= 1;
  22   2        }
  23   1        Delay_OneWire(5);
  24   1      }
  25          
  26          //单总线读操作
  27          unsigned char Read_DS18B20(void)
  28          {
  29   1        unsigned char i;
  30   1        unsigned char dat;
  31   1        
  32   1        for(i=0;i<8;i++)
  33   1        {
  34   2          DQ = 0;
  35   2          dat >>= 1;
  36   2          DQ = 1;
  37   2          if(DQ)
  38   2          {
  39   3            dat |= 0x80;
  40   3          }     
  41   2          Delay_OneWire(5);
  42   2        }
  43   1        return dat;
  44   1      }
  45          
  46          //DS18B20初始化
  47          bit init_ds18b20(void)
  48          {
  49   1          bit initflag = 0;
  50   1          
  51   1          DQ = 1;
  52   1          Delay_OneWire(12);
  53   1          DQ = 0;
  54   1          Delay_OneWire(80);
C51 COMPILER V9.59.0.0   ONEWIRE                                                           03/26/2023 11:16:17 PAGE 2   

  55   1          DQ = 1;
  56   1          Delay_OneWire(10); 
  57   1          initflag = DQ;     
  58   1          Delay_OneWire(5);
  59   1        
  60   1          return initflag;
  61   1      }
  62          void Init_18b20()
  63          {
  64   1        init_ds18b20();
  65   1        Write_DS18B20(0xcc);
  66   1        Write_DS18B20(0x4e);
  67   1        Write_DS18B20(0x00);
  68   1        Write_DS18B20(0x00);
  69   1        Write_DS18B20(0x7f);
  70   1      }
  71          
  72          unsigned int rd_temperature(void)
  73          {
  74   1        unsigned char H,L;
  75   1        init_ds18b20();
  76   1        Write_DS18B20(0xcc);
  77   1        Write_DS18B20(0xbe);
  78   1        L = Read_DS18B20();
  79   1        H = Read_DS18B20();
  80   1        
  81   1        init_ds18b20();
  82   1        Write_DS18B20(0xcc);
  83   1        Write_DS18B20(0x44);
  84   1        
  85   1        return ((H << 8) + L)*25/4;
  86   1      }


MODULE INFORMATION:   STATIC OVERLAYABLE
   CODE SIZE        =    236    ----
   CONSTANT SIZE    =   ----    ----
   XDATA SIZE       =   ----    ----
   PDATA SIZE       =   ----    ----
   DATA SIZE        =   ----       1
   IDATA SIZE       =   ----    ----
   BIT SIZE         =   ----       1
END OF MODULE INFORMATION.


C51 COMPILATION COMPLETE.  0 WARNING(S),  0 ERROR(S)
