C51 COMPILER V9.55   MAIN                                                                  06/09/2022 19:04:41 PAGE 1   


C51 COMPILER V9.55, COMPILATION OF MODULE MAIN
OBJECT MODULE PLACED IN .\Objects\main.obj
COMPILER INVOKED BY: D:\keilc\pack_file\C51\BIN\C51.EXE main.c OPTIMIZE(8,SPEED) BROWSE DEBUG OBJECTEXTEND PRINT(.\Listi
                    -ngs\main.lst) TABS(2) OBJECT(.\Objects\main.obj)

line level    source

   1          #include <STC15F2K60S2.H>
   2          #include "iic.h"
   3          #include <intrins.h>
   4          #define uchar unsigned char 
   5          #define uint unsigned int 
   6            
   7          uchar code type1[]={  0xC0,
   8                                0xF9,
   9                                0xA4,
  10                                0xB0,
  11                                0x99,
  12                                0x92,
  13                                0x82,
  14                                0xF8,
  15                                0x80,
  16                                0x90,0xff,0xc1,0x8c,0xc3,0x88};
  17          uchar code type2[]={0x01,0x02,0x04,0x08,0x10,0x20,0x40,0x80};
  18          
  19          uchar num1,num2,num3,num4,num5,num6,num7,num8;
  20          bit f_2ms;
  21          uchar t_2ms;
  22          uchar GN;
  23          sbit trig=P1^0;
  24          sbit echo=P1^1;
  25          
  26          uchar bdata U6=0xff;
  27          sbit led1=U6^0;
  28          sbit led2=U6^1;
  29          sbit led3=U6^2;
  30          sbit led8=U6^7;
  31          //======================
  32          uchar model=0;
  33          uint volt=0, H_volt=50, L_volt=5;
  34          uint H_V,L_V;
  35          bit F_HL=0;
  36          //======================
  37          bit f_csb=0;
  38          uchar tt_2ms;
  39          uint csb_juli;
  40          //======================
  41          uchar t_led;
  42          
  43          
  44          
  45          void Delay10ms()    //@12.000MHz
  46          {
  47   1        unsigned char i, j;
  48   1      
  49   1        i = 117;
  50   1        j = 184;
  51   1        do
  52   1        {
  53   2          while (--j);
  54   2        } while (--i);
C51 COMPILER V9.55   MAIN                                                                  06/09/2022 19:04:41 PAGE 2   

  55   1      }
  56          
  57          void smg_display(char n1,char n2,char n3,char n4,char n5,char n6,char n7,char n8)
  58          {
  59   1        char i;
  60   1        P0=0xff;
  61   1        P2=(P2&0x1f)|0xc0;
  62   1        P0=type2[i];
  63   1        P2=(P2&0x1f);
  64   1        P0=0xff;
  65   1        switch(i)
  66   1        {
  67   2          case 0:P2=(P2&0x1f)|0xe0; P0=type1[n1]; P2=(P2&0x1f);break;
  68   2          case 1:P2=(P2&0x1f)|0xe0; P0=type1[n2]; P2=(P2&0x1f);break;   
  69   2          case 2:P2=(P2&0x1f)|0xe0; P0=type1[n3]; P2=(P2&0x1f);break;   
  70   2          case 3:P2=(P2&0x1f)|0xe0; 
  71   2                                    if(model==1)
  72   2                                       P0=type1[n4]&0x7f;
  73   2                                    else
  74   2                                       P0=type1[n4];  
  75   2                                    P2=(P2&0x1f);break;   
  76   2          case 4:P2=(P2&0x1f)|0xe0; P0=type1[n5]; P2=(P2&0x1f);break;   
  77   2          case 5:P2=(P2&0x1f)|0xe0; 
  78   2                                   if(model==0)
  79   2                                   {
  80   3                                     P0=type1[n6]&0x7f;  
  81   3                                   }
  82   2                                   else
  83   2                                     P0=type1[n6];
  84   2                                   
  85   2                                    P2=(P2&0x1f);     
  86   2                                           break;   
  87   2          case 6:P2=(P2&0x1f)|0xe0;
  88   2                                    if(model==1)
  89   2                                       P0=type1[n7]&0x7f;
  90   2                                    else
  91   2                                       P0=type1[n7];  
  92   2                                    P2=(P2&0x1f);break;   
  93   2          case 7:P2=(P2&0x1f)|0xe0; P0=type1[n8]; P2=(P2&0x1f);break;   
  94   2          
  95   2        }
  96   1        if(++i==8)
  97   1          i=0;
  98   1      }
  99          //========================================按键
 100          uchar key_scan()
 101          {
 102   1        uchar temp;
 103   1        temp=(~P3)&0x0f;
 104   1        if(temp==0) return 0;
 105   1        Delay10ms();
 106   1        temp=(~P3)&0x0f;
 107   1        if(temp==0) return 0; 
 108   1        
 109   1        return temp;
 110   1      }
 111          void key_change()
 112          {
 113   1        uchar D;
 114   1        D=key_scan();
 115   1        switch(D)
 116   1        {
C51 COMPILER V9.55   MAIN                                                                  06/09/2022 19:04:41 PAGE 3   

 117   2          case 8:GN=4;break;
 118   2          case 4:GN=5;break;
 119   2          case 2:GN=6;break;
 120   2          case 1:GN=7;break;
 121   2          case 0:GN=0;break;
 122   2        }
 123   1      }
 124          
 125          //=======================================超声波
 126          uchar f_flag=10;
 127          uchar csb_send()
 128          {
 129   1        f_flag=10;
 130   1        trig=0;
 131   1        TR0=1;
 132   1        while(f_flag--)
 133   1        {
 134   2          while(!TF0);
 135   2          trig ^= 1;
 136   2          TH0=(65536-12)/256;
 137   2          TL0=(65536-12)%256;     
 138   2          TF0=0;
 139   2        }
 140   1        
 141   1        TR0=0;
 142   1        TH0=0;
 143   1        TL0=0;
 144   1        TR0=1;
 145   1        while(echo && !TF0);
 146   1        TR0=0;
 147   1        
 148   1        if(TF0)
 149   1        {
 150   2          TF0=0;
 151   2          return 255;
 152   2        }
 153   1        else
 154   1          return ((TH0<<8)+TL0)*0.017;
 155   1      
 156   1      }
 157          //====================================AD/DA
 158          void initial_adc()
 159          {
 160   1        IIC_Start( );
 161   1        IIC_SendByte(0x90+0);
 162   1        IIC_WaitAck( ); 
 163   1        IIC_SendByte(0x3);
 164   1        IIC_WaitAck( ); 
 165   1        IIC_Stop( );  
 166   1        
 167   1      }
 168          uint du_adc()
 169          {
 170   1        uint D;
 171   1        IIC_Start( );
 172   1        IIC_SendByte(0x90+1);
 173   1        IIC_WaitAck( );   
 174   1        D=IIC_RecByte( ); 
 175   1        IIC_SendAck(1); 
 176   1        IIC_Stop( ); 
 177   1        D=(D*500.0)/255;
 178   1        return D; 
C51 COMPILER V9.55   MAIN                                                                  06/09/2022 19:04:41 PAGE 4   

 179   1      }
 180          void xie_dac(uchar dat)
 181          {
 182   1        IIC_Start( );
 183   1        IIC_SendByte(0x90+0); 
 184   1        IIC_WaitAck( );
 185   1        IIC_SendByte(0x40);   
 186   1        IIC_WaitAck( );
 187   1        IIC_SendByte(dat);    
 188   1        IIC_WaitAck( ); 
 189   1        IIC_Stop( );
 190   1        
 191   1      }
 192          //===================================LED
 193          void led_display()
 194          {
 195   1        switch(model)
 196   1        {
 197   2          case 0:
 198   2                  P0=0xff;
 199   2                  led1=0;led2=1;led3=1;
 200   2                  P2=(P2&0x1f)|0x80;
 201   2                  P0=U6;
 202   2                  P2=(P2&0x1f);           
 203   2                break;
 204   2          case 1:
 205   2                  P0=0xff;
 206   2                  led1=1;led2=1;led3=0;
 207   2                  P2=(P2&0x1f)|0x80;
 208   2                  P0=U6;
 209   2                  P2=(P2&0x1f);           
 210   2                break;    
 211   2          case 2:
 212   2                  P0=0xff;
 213   2                  led1=1;led2=0;led3=1;
 214   2                  P2=(P2&0x1f)|0x80;
 215   2                  P0=U6;
 216   2                  P2=(P2&0x1f);           
 217   2                break;    
 218   2        }
 219   1        
 220   1        if(f_csb==1)
 221   1        {
 222   2          if(++t_led==50)
 223   2          {
 224   3            t_led=0;
 225   3            led8=~led8;
 226   3                  P0=0xff;
 227   3                  P2=(P2&0x1f)|0x80;
 228   3                  P0=U6;
 229   3                  P2=(P2&0x1f);       
 230   3          }       
 231   2        }
 232   1        else
 233   1        {
 234   2          led8=1;
 235   2          P0=0xff;
 236   2          P2=(P2&0x1f)|0x80;
 237   2          P0=U6;
 238   2          P2=(P2&0x1f);     
 239   2        } 
 240   1      }
C51 COMPILER V9.55   MAIN                                                                  06/09/2022 19:04:41 PAGE 5   

 241          //=================================dac
 242          uchar G;
 243          void dac_chuli()
 244          {
 245   1        
 246   1        if(f_csb==1)//启用
 247   1        {
 248   2          if(csb_juli<20)
 249   2          {
 250   3            xie_dac( 51 );
 251   3          }
 252   2              
 253   2          if(csb_juli>80)
 254   2          {
 255   3            xie_dac( 255 );
 256   3          }    
 257   2          if(csb_juli>20 &&  csb_juli<80)
 258   2          {
 259   3             G=(40*csb_juli)/12-18;
 260   3             xie_dac( G );
 261   3          }   
 262   2        }
 263   1        
 264   1        else//未启用
 265   1        {
 266   2          xie_dac( 0 ); 
 267   2        }
 268   1      }
 269          
 270          void time0()
 271          {
 272   1        TMOD=(TMOD&0xf0)|0x01;
 273   1        TH0=(65536-12)/256;
 274   1        TL0=(65536-12)%256;   
 275   1      }
 276          
 277          void time1_int1()
 278          {
 279   1        EA=1;
 280   1        ET1=1;
 281   1        TR1=1;
 282   1        TMOD=(TMOD&0x0f)|0x10;
 283   1        TH1=(65536-2000)/256;
 284   1        TL1=(65536-2000)%256;   
 285   1      }
 286          
 287          void initial_all()
 288          {
 289   1        P2=(P2&0x1f)|0xa0;
 290   1        P0=0x00;
 291   1        P2=(P2&0x1f); 
 292   1        P2=(P2&0x1f)|0x80;
 293   1        P0=0xff;
 294   1        P2=(P2&0x1f); 
 295   1        P2=(P2&0x1f)|0xc0;
 296   1        P0=0xff;
 297   1        P2=(P2&0x1f);   
 298   1        P2=(P2&0x1f)|0xe0;
 299   1        P0=0xff;
 300   1        P2=(P2&0x1f);   
 301   1      }
 302          
C51 COMPILER V9.55   MAIN                                                                  06/09/2022 19:04:41 PAGE 6   

 303          void main()
 304          {
 305   1        initial_all();  
 306   1        time1_int1();
 307   1        time0();
 308   1        
 309   1        initial_adc();
 310   1        
 311   1        
 312   1        while(1)
 313   1        {
 314   2         if(f_2ms==1)
 315   2         {
 316   3           f_2ms=0;
 317   3           key_change();
 318   3           led_display();
 319   3      
 320   3           
 321   3          if(++t_2ms==100)
 322   3          {
 323   4            t_2ms=0;
 324   4            initial_adc();
 325   4            volt=du_adc(); dac_chuli();
 326   4          } 
 327   3          if(++tt_2ms==50)
 328   3          {
 329   4            tt_2ms=0;
 330   4            csb_juli=csb_send();
 331   4          } 
 332   3          
 333   3           if(GN==4)
 334   3           {
 335   4             model++;
 336   4             if(model==3)
 337   4               model=0;      
 338   4             while(key_scan());
 339   4           }
 340   3           
 341   3      //==================================
 342   3           switch(model)
 343   3           {
 344   4             case 0:
 345   4                    
 346   4                    num1=11;num2=num3=num4=num5=10;
 347   4                    num6=volt/100;num7=volt%100/10;num8=volt%10;
 348   4                    
 349   4                    F_HL=0;//默认选择上限
 350   4               break;
 351   4             case 1:
 352   4                    if(GN==5)
 353   4                    {
 354   5                      F_HL=~F_HL;
 355   5                      while(key_scan());
 356   5                    }
 357   4                    if(F_HL==0)//上限
 358   4                    {
 359   5                      if(GN==6)
 360   5                      {
 361   6                        if(H_volt==50) H_volt=5; else H_volt+=5;  while(key_scan());                  
 362   6                      }
 363   5                      if(GN==7)
 364   5                      {
C51 COMPILER V9.55   MAIN                                                                  06/09/2022 19:04:41 PAGE 7   

 365   6                        if(H_volt==5) H_volt=50; else H_volt-=5;  while(key_scan());                  
 366   6                      }               
 367   5                    }
 368   4                    else//下限
 369   4                    {
 370   5                      if(GN==6)
 371   5                      {
 372   6                        if(L_volt==50) L_volt=5; else L_volt+=5;     while(key_scan());               
 373   6                      }
 374   5                      if(GN==7)
 375   5                      {
 376   6                        if(L_volt==5) L_volt=50; else L_volt-=5;     while(key_scan());               
 377   6                      }                   
 378   5                    }
 379   4                      num1=12;num2=num3=10;
 380   4                      num4=H_volt/10;num5=H_volt%10;
 381   4                      num6=10;
 382   4                      num7=L_volt/10;num8=L_volt%10;
 383   4               break;      
 384   4             case 2:
 385   4                    H_V=H_volt*10;
 386   4                    L_V=L_volt*10;
 387   4                    //---------------------------
 388   4                     if(L_V< volt && volt < H_V)
 389   4                       f_csb=1;
 390   4                     else
 391   4                       f_csb=0;
 392   4                     //--------------------------
 393   4                     
 394   4                     if(f_csb==1)
 395   4                     {
 396   5                       num1=13;num2=num3=num4=num5=10;
 397   5                       if(csb_juli<10)
 398   5                       {
 399   6                         num6=num7=10;
 400   6                         num8=csb_juli;                  
 401   6                       }
 402   5                       if(9<csb_juli<100)
 403   5                       {
 404   6                         num6=10;
 405   6                         num7=csb_juli/10;num8=csb_juli%10;                  
 406   6                       }
 407   5                       if(csb_juli>99)
 408   5                       {
 409   6                         num6=csb_juli/100;num7=csb_juli%100/10;num8=csb_juli%10;                  
 410   6                       }
 411   5                     }
 412   4                     
 413   4                     if(f_csb==0)
 414   4                     {
 415   5                       num1=13;num2=num3=num4=num5=10;
 416   5                       num6=num7=num8=14;
 417   5                     }
 418   4               break;       
 419   4           }
 420   3           
 421   3           
 422   3        
 423   3           
 424   3           
 425   3      
 426   3        
C51 COMPILER V9.55   MAIN                                                                  06/09/2022 19:04:41 PAGE 8   

 427   3         }//f_2ms
 428   2        }
 429   1      }
 430          
 431          
 432          
 433          void cl_time1_int1() interrupt 3
 434          {
 435   1        TH1=(65536-2000)/256;
 436   1        TL1=(65536-2000)%256;   
 437   1        
 438   1        smg_display(num1,num2,num3,num4,num5,num6,num7,num8);
 439   1        f_2ms=1;
 440   1        
 441   1      
 442   1      }
 443          
 444          
 445          
 446          
 447          
 448          
 449          
 450          
 451          
 452          
 453          
 454          


MODULE INFORMATION:   STATIC OVERLAYABLE
   CODE SIZE        =   1628    ----
   CONSTANT SIZE    =     23    ----
   XDATA SIZE       =   ----    ----
   PDATA SIZE       =   ----    ----
   DATA SIZE        =     28      12
   IDATA SIZE       =   ----    ----
   BIT SIZE         =      3    ----
END OF MODULE INFORMATION.


C51 COMPILATION COMPLETE.  0 WARNING(S),  0 ERROR(S)
