C51 COMPILER V9.59.0.0   ________                                                          03/07/2023 18:17:14 PAGE 1   


C51 COMPILER V9.59.0.0, COMPILATION OF MODULE ________
OBJECT MODULE PLACED IN .\Objects\按键复用.obj
COMPILER INVOKED BY: C:\Keil_v5\C51\BIN\C51.EXE 按键复用.c OPTIMIZE(8,SPEED) BROWSE DEBUG OBJECTEXTEND PRINT(.\Listings\
                    -按键复用.lst) TABS(2) OBJECT(.\Objects\按键复用.obj)

line level    source

   1          #include "reg52.h"
   2          
   3          sbit L1 = P0^0;
   4          sbit L2 = P0^1;
   5          sbit L3 = P0^2;
   6          sbit L4 = P0^3;
   7          sbit L5 = P0^4;
   8          sbit L6 = P0^5;
   9          sbit L7 = P0^6;
  10          sbit L8 = P0^7;
  11          
  12          sbit S7 = P3^0;
  13          sbit S6 = P3^1;
  14          sbit S5 = P3^2;
  15          sbit S4 = P3^3;
  16          
  17          unsigned char key_sate = 0;
  18          
  19          void Delay(unsigned int t)
  20          {
  21   1        while(t--);
  22   1      }
  23          
  24          void scan_keys()
  25          {
  26   1        if(S7 == 0 && L2 == 1)
  27   1        {
  28   2          Delay(100);
  29   2          if(S7 == 0 )
  30   2          {
  31   3            key_sate = 1;
  32   3            while(S7 == 0);
  33   3            L1 =~L1;
  34   3          }
  35   2        }
  36   1        else if(S6 == 0 && L1 == 1)
  37   1        {
  38   2          Delay(100);
  39   2          if(S6 == 0)
  40   2          {
  41   3            key_sate = 2;
  42   3            while(S6 == 0);
  43   3            L2 = ~L2;
  44   3          }
  45   2        }
  46   1        if(S5 == 0)
  47   1        {
  48   2          Delay(100);
  49   2          if(S5 == 0)
  50   2          {
  51   3            while(S5 == 0);
  52   3            if(key_sate == 1)
  53   3            {
  54   4              L3 = ~L3;
C51 COMPILER V9.59.0.0   ________                                                          03/07/2023 18:17:14 PAGE 2   

  55   4            }
  56   3            else if(key_sate == 2)
  57   3            {
  58   4              L5 = ~L5;
  59   4            }
  60   3          }
  61   2        }
  62   1        if(S4 == 0)
  63   1        {
  64   2          Delay(100);
  65   2          if(S4 == 0)
  66   2          {
  67   3            while(S4 == 0);
  68   3            if(key_sate == 1)
  69   3            {
  70   4              L4 = ~L4;
  71   4            }
  72   3            else if(key_sate == 2)
  73   3            {
  74   4              L6 = ~L6;
  75   4            }
  76   3          }
  77   2        }
  78   1      }
  79          
  80          void Init_Sys()
  81          {
  82   1        P2 = (P2 & 0x1f) | 0xa0;
  83   1        P0 = 0x00;
  84   1        P2 &= 0x1f;
  85   1        
  86   1        P2 = (P2 & 0x1f) | 0x80;
  87   1        P0 = 0xff;
  88   1        P2 &= 0x1f;
  89   1        
  90   1        
  91   1      }
  92          
  93          void main()
  94          {
  95   1        Init_Sys();
  96   1        P2 = (P2 & 0x1f) | 0x80;
  97   1        while(1)
  98   1        {
  99   2          scan_keys();
 100   2        }
 101   1      }


MODULE INFORMATION:   STATIC OVERLAYABLE
   CODE SIZE        =    168    ----
   CONSTANT SIZE    =   ----    ----
   XDATA SIZE       =   ----    ----
   PDATA SIZE       =   ----    ----
   DATA SIZE        =      1    ----
   IDATA SIZE       =   ----    ----
   BIT SIZE         =   ----    ----
END OF MODULE INFORMATION.


C51 COMPILATION COMPLETE.  0 WARNING(S),  0 ERROR(S)
