C51 COMPILER V9.59.0.0   __________________                                                03/02/2023 00:03:38 PAGE 1   


C51 COMPILER V9.59.0.0, COMPILATION OF MODULE __________________
OBJECT MODULE PLACED IN .\Objects\独立按键的扩展应用.obj
COMPILER INVOKED BY: C:\Keil_v5\C51\BIN\C51.EXE 独立按键的扩展应用.c OPTIMIZE(8,SPEED) BROWSE DEBUG OBJECTEXTEND PRINT(.
                    -\Listings\独立按键的扩展应用.lst) TABS(2) OBJECT(.\Objects\独立按键的扩展应用.obj)

line level    source

   1          #include "reg52.h"
   2          
   3          sbit S7 = P3^0;
   4          sbit S6 = P3^1;
   5          sbit S5 = P3^2;
   6          sbit S4 = P3^3;
   7          
   8          sbit L1 = P0^0;
   9          sbit L2 = P0^1;
  10          sbit L3 = P0^2;
  11          sbit L4 = P0^3;
  12          sbit L5 = P0^4;
  13          sbit L6 = P0^5;
  14          
  15          void SelectHC573(unsigned char channel);
  16          void ScanKeys_Alone();
  17          void DelayKey(unsigned int t);
  18          
  19          void DelayKey(unsigned int t)
  20          {
  21   1        while(t--);
  22   1      }
  23          
  24          unsigned char stat_k = 0;
  25          void ScanKeys_Alone()
  26          {
  27   1        if(S7 == 0)
  28   1        {
  29   2          DelayKey(100);
  30   2          if(S7 == 0)
  31   2          {
  32   3            if(stat_k == 0)
  33   3            {
  34   4              L1 = 0;
  35   4              stat_k = 1;
  36   4            }
  37   3            else if(stat_k == 1)
  38   3            {
  39   4              L1 = 1;
  40   4              stat_k = 0;
  41   4            }
  42   3            while(S7 == 0);
  43   3          }
  44   2        }
  45   1        if(S6 == 0)
  46   1        {
  47   2          DelayKey(100);
  48   2          if(S6 == 0)
  49   2          {
  50   3            if(stat_k == 0)
  51   3            {
  52   4              L2 = 0;
  53   4              stat_k = 2;
  54   4            }
C51 COMPILER V9.59.0.0   __________________                                                03/02/2023 00:03:38 PAGE 2   

  55   3            else if(stat_k == 2)
  56   3            {
  57   4              L2 = 1;
  58   4              stat_k = 0;
  59   4            }
  60   3            while(S6 == 0);
  61   3          }
  62   2        }
  63   1        if(S5 == 0)
  64   1        {
  65   2          DelayKey(100);
  66   2          if(S5 == 0)
  67   2          {
  68   3            if(stat_k == 1)
  69   3            {
  70   4              L3 = 0;
  71   4              while(S5 == 0);
  72   4              L3 = 1;
  73   4            }
  74   3            if(stat_k == 2)
  75   3            {
  76   4              L5 = 0;
  77   4              while(S5 == 0);
  78   4              L5 = 1;
  79   4            }
  80   3          }
  81   2        }
  82   1        if(S4 == 0)
  83   1        {
  84   2          DelayKey(100);
  85   2          if(S4 == 0)
  86   2          {
  87   3            if(stat_k == 1)
  88   3            {
  89   4              L4 = 0;
  90   4              while(S4 == 0);
  91   4              L4 = 1;
  92   4            }
  93   3            if(stat_k == 2)
  94   3            {
  95   4              L6 = 0;
  96   4              while(S4 == 0);
  97   4              L6 = 1;
  98   4            }
  99   3          }
 100   2        }
 101   1      }
 102          
 103          void SelectHC573(unsigned char channel)
 104          {
 105   1        switch(channel)
 106   1        {
 107   2          case 4:
 108   2            P2 = (P2 & 0x0f) | 0x80;
 109   2          break;
 110   2          case 5:
 111   2            P2 = (P2 & 0x0f) | 0xa0;
 112   2          break;
 113   2          case 6:
 114   2            P2 = (P2 & 0x0f) | 0xc0;
 115   2          break;
 116   2          case 7:
C51 COMPILER V9.59.0.0   __________________                                                03/02/2023 00:03:38 PAGE 3   

 117   2            P2 = (P2 & 0x0f) | 0xe0;
 118   2          break;
 119   2        }
 120   1      }
 121          
 122          void main()
 123          {
 124   1        SelectHC573(4);
 125   1        while(1)
 126   1        {
 127   2          ScanKeys_Alone();
 128   2        }
 129   1      }


MODULE INFORMATION:   STATIC OVERLAYABLE
   CODE SIZE        =    219    ----
   CONSTANT SIZE    =   ----    ----
   XDATA SIZE       =   ----    ----
   PDATA SIZE       =   ----    ----
   DATA SIZE        =      1    ----
   IDATA SIZE       =   ----    ----
   BIT SIZE         =   ----    ----
END OF MODULE INFORMATION.


C51 COMPILATION COMPLETE.  0 WARNING(S),  0 ERROR(S)
