C51 COMPILER V9.59.0.0   ____________                                                      03/06/2023 21:57:51 PAGE 1   


C51 COMPILER V9.59.0.0, COMPILATION OF MODULE ____________
OBJECT MODULE PLACED IN .\Objects\串口进阶应用.obj
COMPILER INVOKED BY: C:\Keil_v5\C51\BIN\C51.EXE 串口进阶应用.c OPTIMIZE(8,SPEED) BROWSE DEBUG OBJECTEXTEND PRINT(.\Listi
                    -ngs\串口进阶应用.lst) TABS(2) OBJECT(.\Objects\串口进阶应用.obj)

line level    source

   1          #include "reg52.h"
   2          
   3          sfr AUXR = 0x8e;
   4          
   5          #define BAUD         9600
   6          #define SYSTEMCLOCK  11059200L
   7          
   8          void SelectHC573(unsigned char c)
   9          {
  10   1        switch(c)
  11   1        {
  12   2          case 4:
  13   2            P2 = (P2 & 0x1f) | 0x80;
  14   2          break;
  15   2          case 5:
  16   2            P2 = (P2 & 0x1f) | 0xa0;
  17   2          break;
  18   2          case 6:
  19   2            P2 = (P2 & 0x1f) | 0xc0;
  20   2          break;
  21   2          case 7:
  22   2            P2 = (P2 & 0x1f) | 0xe0;
  23   2          break;
  24   2          case 0:
  25   2            P2 = (P2 & 0x1f) | 0x00;
  26   2          break;
  27   2        }
  28   1      }
  29          
  30          void Init_System()
  31          {
  32   1        SelectHC573(4);
  33   1        P0 = 0xff;
  34   1        SelectHC573(5);
  35   1        P0 = 0x00;
  36   1      }
  37          
  38          //==============================
  39          void Init_UART()
  40          {
  41   1        TMOD = 0x00;
  42   1        TL1 = (65535-(SYSTEMCLOCK / 4 / BAUD));
  43   1        TH1 = (65535-(SYSTEMCLOCK / 4 / BAUD)) >> 8l;
  44   1        TR1 = 1;
  45   1        
  46   1        SCON = 0x50;
  47   1        AUXR = 0x40;
  48   1        
  49   1        EA = 1;
  50   1        ES = 1;
  51   1      }
  52          
  53          unsigned char command = 0x00;
  54          void ServiceUART() interrupt 4
C51 COMPILER V9.59.0.0   ____________                                                      03/06/2023 21:57:51 PAGE 2   

  55          {
  56   1        if(RI == 1)
  57   1        {
  58   2          command = SBUF;
  59   2          RI = 0;
  60   2          //SendString();
  61   2        }
  62   1      }
  63          
  64          void SendByte(unsigned int dat)
  65          {
  66   1        SBUF = dat;
  67   1        while(TI == 0);
  68   1        TI = 0;
  69   1      }
  70          
  71          void SendString(unsigned char *str)
  72          {
  73   1        while(*str != '\0')
  74   1        {
  75   2          SendByte(*str++);
  76   2        }
  77   1      }
  78          //==============================
  79          
  80          void Working()
  81          {
  82   1        if(command != 0x00)
  83   1        {
  84   2          switch(command & 0xf0)
  85   2          {
  86   3            case 0xa0:
  87   3              SelectHC573(4);
  88   3              P0 = (P0 | 0x0f) & ((~command) | 0xf0);
  89   3              SelectHC573(0);
  90   3              command = 0x00;
  91   3            break;
  92   3            case 0xb0:
  93   3              SelectHC573(4);
  94   3              P0 = (P0 | 0xf0) & (((~command) << 4) | 0x0f);
  95   3              SelectHC573(0);
  96   3              command = 0x00;
  97   3            break;
  98   3            case 0xc0:
  99   3              SendString("system is running...!\r\n");
 100   3              command = 0x00;
 101   3            break;
 102   3            
 103   3          }
 104   2        }
 105   1      }
 106          
 107          void main()
 108          {
 109   1        Init_System();
 110   1        Init_UART();
 111   1        SendString("Welcome to XMF system!\r\n");
 112   1        while(1)
 113   1        {
 114   2          Working();
 115   2        }
 116   1      }
C51 COMPILER V9.59.0.0   ____________                                                      03/06/2023 21:57:51 PAGE 3   



MODULE INFORMATION:   STATIC OVERLAYABLE
   CODE SIZE        =    247    ----
   CONSTANT SIZE    =     49    ----
   XDATA SIZE       =   ----    ----
   PDATA SIZE       =   ----    ----
   DATA SIZE        =      1       3
   IDATA SIZE       =   ----    ----
   BIT SIZE         =   ----    ----
END OF MODULE INFORMATION.


C51 COMPILATION COMPLETE.  0 WARNING(S),  0 ERROR(S)
