C51 COMPILER V9.55   ONEWIRE                                                               03/29/2022 10:24:16 PAGE 1   


C51 COMPILER V9.55, COMPILATION OF MODULE ONEWIRE
OBJECT MODULE PLACED IN .\Objects\onewire.obj
COMPILER INVOKED BY: D:\keilc\pack_file\C51\BIN\C51.EXE onewire.c OPTIMIZE(8,SPEED) BROWSE DEBUG OBJECTEXTEND PRINT(.\Li
                    -stings\onewire.lst) TABS(2) OBJECT(.\Objects\onewire.obj)

line level    source

   1          /*
   2            程序说明: 单总线驱动程序
   3            软件环境: Keil uVision 4.10 
   4            硬件环境: CT107单片机综合实训平台(外部晶振12MHz) STC89C52RC单片机
   5            日    期: 2011-8-9
   6          */
   7          #include "reg52.h"
   8          
   9          sbit DQ = P1^4;  //单总线接口
  10          
  11          //单总线延时函数
  12          void Delay_OneWire(unsigned int t)  //STC89C52RC
  13          { 
  14   1        char i;
  15   1        while(t--)
  16   1          for(i=12;i!=0;i--);
  17   1      }
  18          
  19          //通过单总线向DS18B20写一个字节
  20          void Write_DS18B20(unsigned char dat)
  21          {
  22   1        unsigned char i;
  23   1        for(i=0;i<8;i++)
  24   1        {
  25   2          DQ = 0;
  26   2          DQ = dat&0x01;
  27   2          Delay_OneWire(5);
  28   2          DQ = 1;
  29   2          dat >>= 1;
  30   2        }
  31   1        Delay_OneWire(5);
  32   1      }
  33          
  34          //从DS18B20读取一个字节
  35          unsigned char Read_DS18B20(void)
  36          {
  37   1        unsigned char i;
  38   1        unsigned char dat;
  39   1        
  40   1        for(i=0;i<8;i++)
  41   1        {
  42   2          DQ = 0;
  43   2          dat >>= 1;
  44   2          DQ = 1;
  45   2          if(DQ)
  46   2          {
  47   3            dat |= 0x80;
  48   3          }     
  49   2          Delay_OneWire(5);
  50   2        }
  51   1        return dat;
  52   1      }
  53          
  54          //DS18B20设备初始化
C51 COMPILER V9.55   ONEWIRE                                                               03/29/2022 10:24:16 PAGE 2   

  55          bit init_ds18b20(void)
  56          {
  57   1          bit initflag = 0;
  58   1          
  59   1          DQ = 1;
  60   1          Delay_OneWire(12);
  61   1          DQ = 0;
  62   1          Delay_OneWire(80);
  63   1          DQ = 1;
  64   1          Delay_OneWire(10); 
  65   1          initflag = DQ;     
  66   1          Delay_OneWire(5);
  67   1        
  68   1          return initflag;
  69   1      }
  70          
  71          ///////////////////////////////////////////////
  72          void initial_18b20()
  73          {
  74   1        init_ds18b20( );
  75   1        Write_DS18B20(0xcc);
  76   1        Write_DS18B20(0x4e);
  77   1        Write_DS18B20(0x00);
  78   1        Write_DS18B20(0x00);
  79   1        Write_DS18B20(0x7f);  
  80   1      }
  81          void change_18b20()
  82          {
  83   1        init_ds18b20( );
  84   1        Write_DS18B20(0xcc);
  85   1        Write_DS18B20(0x44);    
  86   1      }
  87          unsigned char rd_temperature( )
  88          {
  89   1        unsigned char L,H;
  90   1        init_ds18b20( );
  91   1        Write_DS18B20(0xcc);
  92   1        Write_DS18B20(0xbe);  
  93   1        L= Read_DS18B20( );
  94   1        H= Read_DS18B20( );
  95   1        change_18b20();
  96   1        return ((H<<4)+(L>>4));
  97   1      }
  98          
  99          
 100          
 101          


MODULE INFORMATION:   STATIC OVERLAYABLE
   CODE SIZE        =    198    ----
   CONSTANT SIZE    =   ----    ----
   XDATA SIZE       =   ----    ----
   PDATA SIZE       =   ----    ----
   DATA SIZE        =   ----       1
   IDATA SIZE       =   ----    ----
   BIT SIZE         =   ----       1
END OF MODULE INFORMATION.


C51 COMPILATION COMPLETE.  0 WARNING(S),  0 ERROR(S)
