C51 COMPILER V9.59.0.0   ________                                                          03/01/2023 22:20:29 PAGE 1   


C51 COMPILER V9.59.0.0, COMPILATION OF MODULE ________
OBJECT MODULE PLACED IN .\Objects\外部中断.obj
COMPILER INVOKED BY: C:\Keil_v5\C51\BIN\C51.EXE 外部中断.c OPTIMIZE(8,SPEED) BROWSE DEBUG OBJECTEXTEND PRINT(.\Listings\
                    -外部中断.lst) TABS(2) OBJECT(.\Objects\外部中断.obj)

line level    source

   1          #include "reg52.h"
   2          
   3          sbit L1 = P0^0;
   4          sbit L8 = P0^7;
   5          
   6          void SelectHC573();
   7          
   8          void Delay(unsigned int t)
   9          {
  10   1        while(t--);
  11   1        while(t--);
  12   1        while(t--);
  13   1      }
  14          
  15          void Working()
  16          {
  17   1        SelectHC573();
  18   1        L1 = 0;
  19   1        Delay(60000);
  20   1        L1 = 1;
  21   1        Delay(60000);
  22   1      }
  23            
  24          void SelectHC573()
  25          {
  26   1        P2 = (P2 & 0x1f) | 0x80;
  27   1      }
  28          
  29          //=================================
  30          void Init_INT0()
  31          {
  32   1        IT0 = 1;//下降沿出发
  33   1        EX0 = 1;//外部中断0开
  34   1        EA = 1;//总开关开
  35   1      }
  36          unsigned char Stat_int = 0;
  37          void ServiceINT0() interrupt 0
  38          {
  39   1        Stat_int = 1;
  40   1      }
  41          
  42          void LEDINT()
  43          {
  44   1        if(Stat_int == 1)
  45   1        {
  46   2          L8 = 0;
  47   2          Delay(60000);
  48   2          Delay(60000);
  49   2          Delay(60000);
  50   2          Delay(60000);
  51   2          Delay(60000);
  52   2          Delay(60000);
  53   2          Delay(60000);
  54   2          L8 = 1;
C51 COMPILER V9.59.0.0   ________                                                          03/01/2023 22:20:29 PAGE 2   

  55   2          Stat_int = 0;
  56   2        }
  57   1        
  58   1      }
  59          //=================================
  60          
  61          void main()
  62          {
  63   1        Init_INT0();
  64   1        while(1)
  65   1        {
  66   2          Working();
  67   2          LEDINT();
  68   2        }
  69   1      }


MODULE INFORMATION:   STATIC OVERLAYABLE
   CODE SIZE        =    120    ----
   CONSTANT SIZE    =   ----    ----
   XDATA SIZE       =   ----    ----
   PDATA SIZE       =   ----    ----
   DATA SIZE        =      1    ----
   IDATA SIZE       =   ----    ----
   BIT SIZE         =   ----    ----
END OF MODULE INFORMATION.


C51 COMPILATION COMPLETE.  0 WARNING(S),  0 ERROR(S)
