C51 COMPILER V9.55   MAIN                                                                  05/02/2022 20:50:28 PAGE 1   


C51 COMPILER V9.55, COMPILATION OF MODULE MAIN
OBJECT MODULE PLACED IN .\Objects\main.obj
COMPILER INVOKED BY: D:\keilc\pack_file\C51\BIN\C51.EXE main.c OPTIMIZE(8,SPEED) BROWSE DEBUG OBJECTEXTEND PRINT(.\Listi
                    -ngs\main.lst) TABS(2) OBJECT(.\Objects\main.obj)

line level    source

   1          #include <STC15F2K60S2.H>
   2          #include <ds1302.h>
   3          #include <intrins.h>
   4          
   5          #define uchar unsigned char 
   6          #define uint unsigned int 
   7            
   8          uchar num1,num2,num3,num4,num5,num6,num7,num8;
   9          bit f_2ms;
  10          uint t_2ms;
  11          char hour,minute,second;
  12          
  13          
  14          
  15          
  16          uchar code type1[]={  0xC0,
  17                                0xF9,
  18                                0xA4,
  19                                0xB0,
  20                                0x99,
  21                                0x92,
  22                                0x82,
  23                                0xF8,
  24                                0x80,
  25                                0x90,0xff,0xbf};
  26          uchar code type2[]={0x01,0x02,0x04,0x08,0x10,0x20,0x40,0x80};
  27          
  28          void smg_display(char n1,char n2,char n3,char n4,char n5,char n6,char n7,char n8)
  29          {
  30   1        char i;
  31   1        P0=0xff;
  32   1        P2=(P2&0x1f)|0xc0;
  33   1        P0=type2[i];
  34   1        P2=(P2&0x1f);
  35   1        switch(i)
  36   1        {
  37   2          case 0:P2=(P2&0x1f)|0xe0; P0=type1[n1]; P2=(P2&0x1f);break;
  38   2          case 1:P2=(P2&0x1f)|0xe0; P0=type1[n2]; P2=(P2&0x1f);break;   
  39   2          case 2:P2=(P2&0x1f)|0xe0; P0=type1[n3]; P2=(P2&0x1f);break;   
  40   2          case 3:P2=(P2&0x1f)|0xe0; P0=type1[n4]; P2=(P2&0x1f);break;   
  41   2          case 4:P2=(P2&0x1f)|0xe0; P0=type1[n5]; P2=(P2&0x1f);break;   
  42   2          case 5:P2=(P2&0x1f)|0xe0; P0=type1[n6]; P2=(P2&0x1f);break;   
  43   2          case 6:P2=(P2&0x1f)|0xe0; P0=type1[n7]; P2=(P2&0x1f);break;   
  44   2          case 7:P2=(P2&0x1f)|0xe0; P0=type1[n8]; P2=(P2&0x1f);break;   
  45   2          
  46   2        }
  47   1        if(++i==8)
  48   1          i=0;
  49   1      }
  50          //////////////////////////1302
  51          void xie_ds1302()
  52          {
  53   1        Write_Ds1302_Byte( 0x8e,0x00 );
  54   1        Write_Ds1302_Byte( 0x84,0x23 );
C51 COMPILER V9.55   MAIN                                                                  05/02/2022 20:50:28 PAGE 2   

  55   1        Write_Ds1302_Byte( 0x82,0x59 );
  56   1        //Write_Ds1302_Byte( 0x80,0x55 );
  57   1      }
  58          void du_ds1302()
  59          {
  60   1        hour=Read_Ds1302_Byte( 0x85 );   hour=(hour>>4)*10+(hour&0x0f);
  61   1        minute=Read_Ds1302_Byte( 0x83 ); minute=(minute>>4)*10+(minute&0x0f);
  62   1        second=Read_Ds1302_Byte( 0x81 ); second=(second>>4)*10+(second&0x0f);
  63   1      }
  64          char change_bcd(char dat)
  65          {
  66   1        char dat1,dat2;
  67   1        dat1=dat/10;
  68   1        dat2=dat%10;
  69   1        dat2=dat1*16+dat2;
  70   1        return dat2;  
  71   1      }
  72          void time1_int1()
  73          {
  74   1        EA=1;
  75   1        ET1=1;
  76   1        TR1=1;
  77   1        TMOD=(TMOD&0x0f)|0x10;
  78   1        TH1=(65536-2000)/256;
  79   1        TL1=(65536-2000)%256;   
  80   1      }
  81          
  82          void initial_all()
  83          {
  84   1        P2=(P2&0x1f)|0xa0;
  85   1        P0=0x00;
  86   1        P2=(P2&0x1f); 
  87   1        P2=(P2&0x1f)|0x80;
  88   1        P0=0xff;
  89   1        P2=(P2&0x1f); 
  90   1        P2=(P2&0x1f)|0xc0;
  91   1        P0=0xff;
  92   1        P2=(P2&0x1f);   
  93   1        P2=(P2&0x1f)|0xe0;
  94   1        P0=0xff;
  95   1        P2=(P2&0x1f);   
  96   1      }
  97          
  98          void main()
  99          {
 100   1        initial_all();  
 101   1        time1_int1();
 102   1        xie_ds1302();
 103   1        Write_Ds1302_Byte( 0x80,change_bcd(20) );
 104   1        while(1)
 105   1        {
 106   2         if(f_2ms==1)
 107   2         {
 108   3           f_2ms=0;
 109   3           
 110   3           if(++t_2ms==250)
 111   3           {
 112   4             t_2ms=0;
 113   4             du_ds1302();
 114   4           }
 115   3           
 116   3           num1=hour/10;num2=hour%10;
C51 COMPILER V9.55   MAIN                                                                  05/02/2022 20:50:28 PAGE 3   

 117   3           num3=11;
 118   3           num4=minute/10;num5=minute%10;
 119   3           num6=11;
 120   3           num7=second/10;num8=second%10;
 121   3        
 122   3        
 123   3         }
 124   2        }
 125   1      }
 126          
 127          
 128          
 129          void cl_time1_int1() interrupt 3
 130          {
 131   1        TH1=(65536-2000)/256;
 132   1        TL1=(65536-2000)%256;   
 133   1        
 134   1        smg_display(num1,num2,num3,num4,num5,num6,num7,num8);
 135   1        f_2ms=1;
 136   1        
 137   1        
 138   1        
 139   1        
 140   1        
 141   1      }
 142          
 143          
 144          
 145          
 146          
 147          
 148          
 149          
 150          
 151          
 152          
 153          
 154          
 155          


MODULE INFORMATION:   STATIC OVERLAYABLE
   CODE SIZE        =    603    ----
   CONSTANT SIZE    =     20    ----
   XDATA SIZE       =   ----    ----
   PDATA SIZE       =   ----    ----
   DATA SIZE        =     13       9
   IDATA SIZE       =   ----    ----
   BIT SIZE         =      1    ----
END OF MODULE INFORMATION.


C51 COMPILATION COMPLETE.  0 WARNING(S),  0 ERROR(S)
