C51 COMPILER V9.60.0.0   MAIN                                                              07/18/2022 18:49:25 PAGE 1   


C51 COMPILER V9.60.0.0, COMPILATION OF MODULE MAIN
OBJECT MODULE PLACED IN .\Objects\main.obj
COMPILER INVOKED BY: D:\keilc\pack_file\C51\BIN\C51.EXE main.c OPTIMIZE(8,SPEED) BROWSE DEBUG OBJECTEXTEND PRINT(.\Listi
                    -ngs\main.lst) TABS(2) OBJECT(.\Objects\main.obj)

line level    source

   1          /****************************************
   2          利用定时器2作为波特率发生器，与上位机通信实现数据收发工作
   3          *********************************************/
   4          #include <STC15F2K60S2.H>
   5          #include <intrins.h>
   6          #include <string.h> //用来测试字符串长度
   7          #include <stdio.h>  //使用sprintf函数
   8          
   9          
  10          #define uchar unsigned char 
  11          #define uint unsigned int 
  12            
  13          uchar code type1[]={  0xC0,
  14                                0xF9,
  15                                0xA4,
  16                                0xB0,
  17                                0x99,
  18                                0x92,
  19                                0x82,
  20                                0xF8,
  21                                0x80,
  22                                0x90,0xff};
  23          uchar code type2[]={0x01,0x02,0x04,0x08,0x10,0x20,0x40,0x80};
  24          uchar num1,num2,num3,num4,num5,num6,num7,num8;
  25          uchar f_2ms;
  26          uint t_2ms;
  27          uchar GN;
  28          
  29          
  30          bit buzy=0; //检测是否发送完成
  31          uchar code passwd[]="LOVE YOU";//密码比对数据
  32          uchar passwd_com=0;  //密码长度变量
  33          
  34          void Delay10ms()    //@11.0592MHz
  35          {
  36   1        unsigned char i, j;
  37   1      
  38   1        i = 108;
  39   1        j = 145;
  40   1        do
  41   1        {
  42   2          while (--j);
  43   2        } while (--i);
  44   1      }
  45          
  46          void smg_display(char n1,char n2,char n3,char n4,char n5,char n6,char n7,char n8)
  47          {
  48   1        char i;
  49   1        P0=0xff;
  50   1        P2=(P2&0x1f)|0xc0;
  51   1        P0=type2[i];
  52   1        P2=(P2&0x1f);
  53   1        switch(i)
  54   1        {
C51 COMPILER V9.60.0.0   MAIN                                                              07/18/2022 18:49:25 PAGE 2   

  55   2          case 0:P2=(P2&0x1f)|0xe0; P0=type1[n1]; P2=(P2&0x1f);break;
  56   2          case 1:P2=(P2&0x1f)|0xe0; P0=type1[n2]; P2=(P2&0x1f);break;   
  57   2          case 2:P2=(P2&0x1f)|0xe0; P0=type1[n3]; P2=(P2&0x1f);break;   
  58   2          case 3:P2=(P2&0x1f)|0xe0; P0=type1[n4]; P2=(P2&0x1f);break;   
  59   2          case 4:P2=(P2&0x1f)|0xe0; P0=type1[n5]; P2=(P2&0x1f);break;   
  60   2          case 5:P2=(P2&0x1f)|0xe0; P0=type1[n6]; P2=(P2&0x1f);break;   
  61   2          case 6:P2=(P2&0x1f)|0xe0; P0=type1[n7]; P2=(P2&0x1f);break;   
  62   2          case 7:P2=(P2&0x1f)|0xe0; P0=type1[n8]; P2=(P2&0x1f);break;   
  63   2          
  64   2        }
  65   1        if(++i==8)
  66   1          i=0;
  67   1      }
  68          
  69          
  70          ////////////////////////////key
  71          uchar key_scan()
  72          {
  73   1        uchar temp;
  74   1        temp=(~P3)&0x0f;
  75   1        if(temp==0) return 0;
  76   1        Delay10ms();
  77   1        temp=(~P3)&0x0f;
  78   1        if(temp==0) return 0; 
  79   1        return temp;
  80   1      }
  81          
  82          void key_change()
  83          {
  84   1        uchar D;
  85   1        D= key_scan();
  86   1        switch(D)
  87   1        {
  88   2          case 8:GN=4;break;
  89   2          case 4:GN=5;break;
  90   2          case 2:GN=6;break;
  91   2          case 1:GN=7;break;
  92   2          case 0:GN=0;break;
  93   2        } 
  94   1      }
  95          
  96          //==============================================配置波特率要与串口波特率一致，不然会出错  
  97          void UartInit(void)   //4800bps@12.000MHz
  98          {
  99   1        SCON = 0x50;    //8位数据,可变波特率
 100   1        AUXR |= 0x01;   //串口1选择定时器2为波特率发生器
 101   1        AUXR |= 0x04;   //定时器2时钟为Fosc,即1T
 102   1        T2L = 0x8F;   //设定定时初值
 103   1        T2H = 0xFD;   //设定定时初值
 104   1        AUXR |= 0x10;   //启动定时器2
 105   1        
 106   1        ES=1;
 107   1      }
 108          
 109          
 110          
 111          void time1_int1()
 112          {
 113   1        EA=1;
 114   1        ET1=1;
 115   1        TR1=1;
 116   1        TMOD=(TMOD&0x0f)|0x10;
C51 COMPILER V9.60.0.0   MAIN                                                              07/18/2022 18:49:25 PAGE 3   

 117   1        TH1=(65536-2000)/256;
 118   1        TL1=(65536-2000)%256;   
 119   1      }
 120          
 121          void initial_all()
 122          {
 123   1        P2=(P2&0x1f)|0xa0;
 124   1        P0=0x00;
 125   1        P2=(P2&0x1f); 
 126   1        P2=(P2&0x1f)|0x80;
 127   1        P0=0xff;
 128   1        P2=(P2&0x1f); 
 129   1        P2=(P2&0x1f)|0xc0;
 130   1        P0=0xff;
 131   1        P2=(P2&0x1f);   
 132   1        P2=(P2&0x1f)|0xe0;
 133   1        P0=0xff;
 134   1        P2=(P2&0x1f);   
 135   1      }
 136          
 137          //========================================发送一字节数据
 138          void send_byte(uchar *dat,uchar len)//这个指针会指向后面的数组，相当于数组变量。len是长度
 139          {
 140   1        while(len--)
 141   1        {
 142   2          SBUF=*dat;  
 143   2          buzy=1;
 144   2          dat++;
 145   2          while(buzy);
 146   2        } 
 147   1      }
 148          
 149          void main()
 150          {
 151   1      //  uchar str[]="hello world \r\n";
 152   1        uchar str[40];   //welcome to jiangsu %f s \r\n  //定义一个存放发送字符和数据的数组尽量大一点
 153   1      
 154   1        int a;  //实时自加变量
 155   1        
 156   1        
 157   1        initial_all();  
 158   1        time1_int1();
 159   1        UartInit();
 160   1        num1=num2=num3=num4=num5=num6=num7=num8=10;     
 161   1        while(1)
 162   1        {
 163   2         if(f_2ms==1)
 164   2         {
 165   3           f_2ms=0;
 166   3             key_change();
 167   3           
 168   3           if(++t_2ms==500)
 169   3           {
 170   4              t_2ms=0;
 171   4              a++; 
 172   4           }
 173   3           
 174   3      //         if(GN==4)  //按下按键则发送数据
 175   3      //     {
 176   3      //      send_byte(str,strlen(str)); 
 177   3      //      while(key_scan()); 
 178   3      //     }
C51 COMPILER V9.60.0.0   MAIN                                                              07/18/2022 18:49:25 PAGE 4   

 179   3           
 180   3      //         if(passwd_com >= 8) //密码正确则发送数据
 181   3      //     {
 182   3      //       passwd_com=0;
 183   3      //       send_byte(str,strlen(str));  
 184   3      //     }
 185   3           
 186   3               if(passwd_com >= 8)  //密码正确则发送字符串 和 实时变量
 187   3           {
 188   4             passwd_com=0;
 189   4             
 190   4             sprintf(str,"欢迎 to jiangsu %f s \r\n", a); /*它把结果输出到指定的字符串中,
 191   4                                                                   "welcome to jiangsu %f s \r\n"到str数组中*/        
             -   
 192   4             send_byte(str,strlen(str));  
 193   4           }     
 194   3           
 195   3           
 196   3        
 197   3        
 198   3         }//f_2ms
 199   2        }
 200   1      }
 201          
 202          
 203          
 204          void cl_time1_int1() interrupt 3
 205          {
 206   1        TH1=(65536-2000)/256;
 207   1        TL1=(65536-2000)%256;   
 208   1        
 209   1        smg_display(num1,num2,num3,num4,num5,num6,num7,num8);
 210   1        f_2ms=1;
 211   1        
 212   1      }
 213          
 214          
 215          void cl_uart() interrupt 4
 216          {
 217   1        if(RI)
 218   1        {
 219   2          RI=0;
 220   2          if(passwd[passwd_com] == SBUF)//将接收到的数据与内部密码进行一一比对
 221   2          {
 222   3              passwd_com++;       //如果正确则变量加一，为接收完成在发送数据做准备
 223   3          }
 224   2          else
 225   2            passwd_com=0;
 226   2          
 227   2        }
 228   1        if(TI)
 229   1        {
 230   2          TI=0;
 231   2          buzy=0; //发送完成
 232   2        }
 233   1        
 234   1      }
 235          
 236          
 237          
 238          
 239          
C51 COMPILER V9.60.0.0   MAIN                                                              07/18/2022 18:49:25 PAGE 5   

 240          
 241          
 242          


MODULE INFORMATION:   STATIC OVERLAYABLE
   CODE SIZE        =    661    ----
   CONSTANT SIZE    =     52    ----
   XDATA SIZE       =   ----    ----
   PDATA SIZE       =   ----    ----
   DATA SIZE        =     13      51
   IDATA SIZE       =   ----    ----
   BIT SIZE         =      1    ----
END OF MODULE INFORMATION.


C51 COMPILATION COMPLETE.  0 WARNING(S),  0 ERROR(S)
