C51 COMPILER V9.60.7.0   ____________                                                      04/08/2024 23:42:37 PAGE 1   


C51 COMPILER V9.60.7.0, COMPILATION OF MODULE ____________
OBJECT MODULE PLACED IN .\Objects\串口进阶应用.obj
COMPILER INVOKED BY: C:\Keil_v5\C51\BIN\C51.EXE 串口进阶应用.c OPTIMIZE(8,SPEED) BROWSE DEBUG OBJECTEXTEND PRINT(.\Listi
                    -ngs\串口进阶应用.lst) OBJECT(.\Objects\串口进阶应用.obj)

line level    source

   1          #include "reg52.h"
   2          
   3          sfr AUXR = 0x8e;
   4          
   5          #define BAUD         9600
   6          #define SYSTEMCLOCK  12000000L
   7          
   8          void SelectHC573(unsigned char c)
   9          {
  10   1              switch(c)
  11   1              {
  12   2                      case 4:
  13   2                              P2 = (P2 & 0x1f) | 0x80;
  14   2                      break;
  15   2                      case 5:
  16   2                              P2 = (P2 & 0x1f) | 0xa0;
  17   2                      break;
  18   2                      case 6:
  19   2                              P2 = (P2 & 0x1f) | 0xc0;
  20   2                      break;
  21   2                      case 7:
  22   2                              P2 = (P2 & 0x1f) | 0xe0;
  23   2                      break;
  24   2                      case 0:
  25   2                              P2 = (P2 & 0x1f) | 0x00;
  26   2                      break;
  27   2              }
  28   1      }
  29          
  30          void Init_System()
  31          {
  32   1              SelectHC573(4);
  33   1              P0 = 0xff;
  34   1              SelectHC573(5);
  35   1              P0 = 0x00;
  36   1      }
  37          
  38          //==============================
  39          sfr T2H=0xd6;  // 定时器2高8位
  40          sfr T2L=0xd7;  // 定时器2低8位
  41          void Init_UART()
  42          {
  43   1      //      TMOD = 0x00;
  44   1              SCON = 0x50;  // 8位数据,可变波特率
  45   1          AUXR |= 0x01; // 串口1选择定时器2为波特率发生器
  46   1          AUXR |= 0x04; // 定时器时钟1T模式
  47   1      //      T2L = 0xC7;
  48   1      //      T2H = 0xFE;
  49   1              T2L = (65535-(SYSTEMCLOCK / 4 / BAUD));
  50   1              T2H = (65535-(SYSTEMCLOCK / 4 / BAUD)) >> 8l;
  51   1      //      TR1 = 1;
  52   1      //      
  53   1      //SCON = 0x50;
  54   1      //AUXR = 0x40;
C51 COMPILER V9.60.7.0   ____________                                                      04/08/2024 23:42:37 PAGE 2   

  55   1              AUXR |= 0x10; // 定时器2开始计时
  56   1              EA = 1;
  57   1              ES = 1;
  58   1      }
  59          
  60          unsigned char command = 0x00;
  61          void ServiceUART() interrupt 4
  62          {
  63   1              if(RI == 1)
  64   1              {
  65   2                      command = SBUF;
  66   2                      RI = 0;
  67   2                      //SendString();
  68   2              }
  69   1      }
  70          
  71          void SendByte(unsigned int dat)
  72          {
  73   1              SBUF = dat;
  74   1              while(TI == 0);
  75   1              TI = 0;
  76   1      }
  77          
  78          void SendString(unsigned char *str)
  79          {
  80   1              while(*str != '\0')
  81   1              {
  82   2                      SendByte(*str++);
  83   2              }
  84   1      }
  85          //==============================
  86          
  87          void Working()
  88          {
  89   1              if(command != 0x00)
  90   1              {
  91   2                      switch(command & 0xf0)
  92   2                      {
  93   3                              case 0xa0:
  94   3                                      SelectHC573(4);
  95   3                                      P0 = (P0 | 0x0f) & ((~command) | 0xf0);
  96   3                                SelectHC573(0);
  97   3                                      command = 0x00;
  98   3                              break;
  99   3                              case 0xb0:
 100   3                                      SelectHC573(4);
 101   3                                      P0 = (P0 | 0xf0) & (((~command) << 4) | 0x0f);
 102   3                                SelectHC573(0);
 103   3                                      command = 0x00;
 104   3                              break;
 105   3                              case 0xc0:
 106   3                                      SendString("system is running...!\r\n");
 107   3                                      command = 0x00;
 108   3                              break;
 109   3                              
 110   3                      }
 111   2              }
 112   1      }
 113          
 114          void main()
 115          {
 116   1              Init_System();
C51 COMPILER V9.60.7.0   ____________                                                      04/08/2024 23:42:37 PAGE 3   

 117   1              Init_UART();
 118   1              SendString("Welcome to XMF system!\r\n");
 119   1              while(1)
 120   1              {
 121   2                      Working();
 122   2              }
 123   1      }


MODULE INFORMATION:   STATIC OVERLAYABLE
   CODE SIZE        =    248    ----
   CONSTANT SIZE    =     49    ----
   XDATA SIZE       =   ----    ----
   PDATA SIZE       =   ----    ----
   DATA SIZE        =      1       3
   IDATA SIZE       =   ----    ----
   BIT SIZE         =   ----    ----
END OF MODULE INFORMATION.


C51 COMPILATION COMPLETE.  0 WARNING(S),  0 ERROR(S)
