C51 COMPILER V9.55   MAIN                                                                  06/11/2022 16:52:14 PAGE 1   


C51 COMPILER V9.55, COMPILATION OF MODULE MAIN
OBJECT MODULE PLACED IN .\Objects\main.obj
COMPILER INVOKED BY: D:\keilc\pack_file\C51\BIN\C51.EXE main.c OPTIMIZE(8,SPEED) BROWSE DEBUG OBJECTEXTEND PRINT(.\Listi
                    -ngs\main.lst) TABS(2) OBJECT(.\Objects\main.obj)

line level    source

   1          #include <STC15F2K60S2.H>
   2          #include "iic.h"
   3          #include <intrins.h>
   4          
   5          #define uchar unsigned char 
   6          #define uint unsigned  int 
   7            
   8          uchar code type1[]={  0xC0,
   9                                0xF9,
  10                                0xA4,
  11                                0xB0,
  12                                0x99,
  13                                0x92,
  14                                0x82,
  15                                0xF8,
  16                                0x80,
  17                                0x90,0xff,0x8e};
  18          uchar code type2[]={0x01,0x02,0x04,0x08,0x10,0x20,0x40,0x80};
  19          uchar num1,num2,num3,num4,num5,num6,num7,num8;
  20          uchar t_2ms;
  21          bit f_2ms;
  22          uchar GN;
  23          sbit trig=P1^0;
  24          sbit echo=P1^1;
  25          
  26          uchar bdata U6=0xff;
  27          sbit led1=U6^0;
  28          sbit led7=U6^6;
  29          sbit led8=U6^7;
  30          //--------------------
  31          uchar model=0;
  32          uchar distan1,distan2;
  33          uint num_12;
  34          char num_d1,num_d2,num_d3;
  35          bit f_dis=0;
  36          uchar type3_dis[11];
  37          //====================
  38          bit hui=0;
  39          char num_fan;
  40          //====================
  41          bit can=0;
  42          uint mangqu=0;
  43          //====================
  44          bit f_led=0;
  45          uchar t_led;
  46          
  47          
  48          void Delay10ms()    //@12.000MHz
  49          {
  50   1        unsigned char i, j;
  51   1      
  52   1        i = 117;
  53   1        j = 184;
  54   1        do
C51 COMPILER V9.55   MAIN                                                                  06/11/2022 16:52:14 PAGE 2   

  55   1        {
  56   2          while (--j);
  57   2        } while (--i);
  58   1      }
  59          
  60          void smg_display(char n1,char n2,char n3,char n4,char n5,char n6,char n7,char n8)
  61          {
  62   1        char i;
  63   1        P2=(P2&0x1f)|0xc0;
  64   1        P0=type2[i];
  65   1        P2=(P2&0x1f);
  66   1        P0=0xff;
  67   1        switch(i)
  68   1        {
  69   2          case 0:P2=(P2&0x1f)|0xe0;P0=type1[n1];P2=(P2&0x1f);break;
  70   2          case 1:P2=(P2&0x1f)|0xe0;P0=type1[n2];P2=(P2&0x1f);break;
  71   2          case 2:P2=(P2&0x1f)|0xe0;P0=type1[n3];P2=(P2&0x1f);break;
  72   2          case 3:P2=(P2&0x1f)|0xe0;P0=type1[n4];P2=(P2&0x1f);break;
  73   2          case 4:P2=(P2&0x1f)|0xe0;P0=type1[n5];P2=(P2&0x1f);break;
  74   2          case 5:P2=(P2&0x1f)|0xe0;P0=type1[n6];P2=(P2&0x1f);break;
  75   2          case 6:P2=(P2&0x1f)|0xe0;P0=type1[n7];P2=(P2&0x1f);break;
  76   2          case 7:P2=(P2&0x1f)|0xe0;P0=type1[n8];P2=(P2&0x1f);break;   
  77   2        }
  78   1        if(++i==8)
  79   1          i=0;
  80   1      }
  81          //=================================key
  82          uchar key_scan()
  83          {
  84   1        uchar temp;
  85   1        temp=(~P3)&0x0f;
  86   1        if(temp==0) return 0;
  87   1        Delay10ms();
  88   1        temp=(~P3)&0x0f;
  89   1        if(temp==0) return 0; 
  90   1        
  91   1        return temp;  
  92   1      }
  93          void key_change()
  94          {
  95   1        uchar D;
  96   1        D=key_scan();
  97   1        switch(D)
  98   1        {
  99   2          case 8:GN=4;break;
 100   2          case 4:GN=5;break;
 101   2          case 2:GN=6;break;
 102   2          case 1:GN=7;break;
 103   2          case 0:GN=0;break;
 104   2        }
 105   1      }
 106          //================================超声波
 107          uchar f_count=10;
 108          uchar csb_send()
 109          {
 110   1        f_count=10;
 111   1        trig=0;
 112   1        TR0=1;
 113   1        while(f_count--)
 114   1        {
 115   2          while(!TF0);
 116   2          trig ^= 1;
C51 COMPILER V9.55   MAIN                                                                  06/11/2022 16:52:14 PAGE 3   

 117   2          TH0=(65536-12)/256;
 118   2          TL0=(65536-12)%256;     
 119   2          TF0=0;  
 120   2        }
 121   1        
 122   1        TR0=0;
 123   1        TH0=0;
 124   1        TL0=0;
 125   1        TR0=1;
 126   1        while(echo && !TF0);
 127   1        TR0=0;
 128   1        if(TF0)
 129   1        {
 130   2          TF0=0;
 131   2          return 255;
 132   2        }
 133   1        else
 134   1        {
 135   2          return ((TH0<<8)+TL0)*0.017;
 136   2        }
 137   1      }
 138          //=====================================24c02
 139          void xie_24c02(uchar addr,uchar dat)
 140          {
 141   1        IIC_Start( ); 
 142   1        IIC_SendByte(0xa0+0);
 143   1        IIC_WaitAck( );
 144   1        IIC_SendByte(addr);
 145   1        IIC_WaitAck( ); 
 146   1        IIC_SendByte(dat);
 147   1        IIC_WaitAck( );   
 148   1        IIC_Stop( );
 149   1      }
 150          uchar du_24c02(uchar addr)
 151          {
 152   1        uchar D;
 153   1        IIC_Start( ); 
 154   1        IIC_SendByte(0xa0+0);
 155   1        IIC_WaitAck( );
 156   1        IIC_SendByte(addr);
 157   1        IIC_WaitAck( );   
 158   1        
 159   1        IIC_Start( ); 
 160   1        IIC_SendByte(0xa0+1); 
 161   1        IIC_WaitAck( );
 162   1        D=IIC_RecByte( ); 
 163   1        IIC_SendAck(1);
 164   1        IIC_Stop( ); 
 165   1        return D;
 166   1      }
 167          //=======================================8591
 168          void xie_dac(uchar dat)
 169          {
 170   1        IIC_Start( ); 
 171   1        IIC_SendByte(0x90+0); 
 172   1        IIC_WaitAck( ); 
 173   1        IIC_SendByte(0x40); 
 174   1        IIC_WaitAck( );   
 175   1        IIC_SendByte(dat);  
 176   1        IIC_WaitAck( ); 
 177   1        IIC_Stop( );
 178   1      }
C51 COMPILER V9.55   MAIN                                                                  06/11/2022 16:52:14 PAGE 4   

 179          //=======================================dac输出
 180          uint D;
 181          void dac_shuchu()
 182          { 
 183   1        D=(type3_dis[num_d3]-mangqu)/50.0;
 184   1        D=(D*255.0)/5;
 185   1        if(mangqu >= type3_dis[num_d3])
 186   1        {
 187   2          xie_dac(0);   
 188   2        }
 189   1        if(mangqu < type3_dis[num_d3])
 190   1        {   
 191   2           xie_dac(D);  
 192   2        } 
 193   1      }
 194          //============================================led
 195          uchar count_led;
 196          void led_display()
 197          {
 198   1        if(f_led==1)
 199   1        {
 200   2          if(++t_led==50)
 201   2          {
 202   3            t_led=0;
 203   3            led1=~led1;
 204   3            count_led++;
 205   3            P0=0xff;  
 206   3            P2=(P2&0x1f)|0x80;
 207   3            P0=U6;
 208   3            P2=(P2&0x1f);       
 209   3          }   
 210   2          if(count_led==20)
 211   2            {
 212   3              count_led=0;
 213   3              f_led=0;
 214   3            }   
 215   2        }
 216   1      //---------------------------------
 217   1        if(model==2)
 218   1        {
 219   2            P0=0xff;
 220   2            led7=0; led8=1; led1=1;
 221   2            P2=(P2&0x1f)|0x80;
 222   2            P0=U6;
 223   2            P2=(P2&0x1f); 
 224   2        }   
 225   1      //--------------------------------
 226   1        if(model==1)
 227   1        {
 228   2            P0=0xff;
 229   2            led8=0; led7=1; led1=1;
 230   2            P2=(P2&0x1f)|0x80;
 231   2            P0=U6;
 232   2            P2=(P2&0x1f); 
 233   2        } 
 234   1      //------------------------------- 
 235   1        if(model==0)
 236   1        {
 237   2            P0=0xff;
 238   2            led7=1;led8=1;    
 239   2            P2=(P2&0x1f)|0x80;
 240   2            P0=U6;
C51 COMPILER V9.55   MAIN                                                                  06/11/2022 16:52:14 PAGE 5   

 241   2            P2=(P2&0x1f); 
 242   2        } 
 243   1      }
 244          //========================================保存到24c02
 245          char S,f_save;
 246          void save_24c02()
 247          { 
 248   1        if(f_save==1)
 249   1        {
 250   2          for(S=0;S!=10;S++)
 251   2          {
 252   3              xie_24c02(S,type3_dis[S]);
 253   3              Delay10ms();
 254   3          }
 255   2              xie_24c02(11,mangqu);
 256   2              Delay10ms();  
 257   2          f_save=0;
 258   2        }
 259   1      }
 260          //====================================上电时读出EEPROM中的十个距离数据和盲区数据
 261          char du_data;
 262          void du_save()
 263          {
 264   1        for(du_data=0;du_data!=10;du_data++)
 265   1        {
 266   2          type3_dis[du_data]=du_24c02(du_data);
 267   2          _nop_();
 268   2          _nop_();
 269   2          _nop_();
 270   2        }
 271   1        mangqu=du_24c02(11);
 272   1      }
 273          
 274          void time0()
 275          {
 276   1        TMOD=(TMOD&0xf0)|0x01;
 277   1        TH0=(65536-12)/256;
 278   1        TL0=(65536-12)%256;   
 279   1      }
 280          
 281          void time1_int1()
 282          {
 283   1        EA=1;
 284   1        ET1=1;
 285   1        TR1=1;
 286   1        TMOD=(TMOD&0x0f)|0x10;
 287   1        TH1=(65536-2000)/256;
 288   1        TL1=(65536-2000)%256; 
 289   1      }
 290          
 291          void initial_all()
 292          {
 293   1        P2=(P2&0x1f)|0xa0;
 294   1        P0=0x00;
 295   1        P2=(P2&0x1f); 
 296   1        P2=(P2&0x1f)|0x80;
 297   1        P0=0xff;
 298   1        P2=(P2&0x1f); 
 299   1        P2=(P2&0x1f)|0xc0;
 300   1        P0=0xff;
 301   1        P2=(P2&0x1f);   
 302   1        P2=(P2&0x1f)|0xe0;
C51 COMPILER V9.55   MAIN                                                                  06/11/2022 16:52:14 PAGE 6   

 303   1        P0=0xff;
 304   1        P2=(P2&0x1f);   
 305   1      }
 306          void main()
 307          {
 308   1        initial_all();
 309   1        time1_int1();
 310   1        time0();
 311   1        du_save();
 312   1        while(1)
 313   1        {
 314   2         if(f_2ms==1)
 315   2         {
 316   3          f_2ms=0;
 317   3          key_change(); 
 318   3          dac_shuchu(); 
 319   3          save_24c02();    
 320   3          if(++t_2ms==100)
 321   3          {
 322   4           t_2ms=0;
 323   4           distan2=csb_send();  
 324   4          }
 325   3      //----------------------------    
 326   3          if(GN==4)
 327   3          {
 328   4            type3_dis[num_d1]=distan2;
 329   4            num_d1++;
 330   4            if(num_d1==10)
 331   4              num_d1=0;
 332   4            model=0;
 333   4            while(key_scan());
 334   4            f_led=1;
 335   4            f_save=1;
 336   4          }     
 337   3          if(GN==5)
 338   3          {
 339   4            hui=~hui;
 340   4            if(hui==1)
 341   4             model=1;
 342   4            else
 343   4             model=0;
 344   4            while(key_scan());
 345   4          }
 346   3          if(GN==6)
 347   3          {
 348   4            can=~can;
 349   4            if(can==1)
 350   4              model=2;
 351   4            else
 352   4             model=0;       
 353   4           while(key_scan());
 354   4          }     
 355   3      //----------------------------
 356   3        switch(model)
 357   3        {
 358   4          case 0:
 359   4                if(GN==7)
 360   4                {
 361   5                  f_dis=~f_dis;
 362   5                 while(key_scan()); 
 363   5                }
 364   4                if(f_dis==0)//上次数据
C51 COMPILER V9.55   MAIN                                                                  06/11/2022 16:52:14 PAGE 7   

 365   4                {
 366   5                  if(num_d1==1) num_d2=9; else num_d2=num_d1-2;
 367   5                  if(num_d1==0) num_d2=8; else num_d2=num_d1-2;
 368   5                  if(num_d1==0) num_d3=9; else num_d3=num_d1-1; 
 369   5                                                          
 370   5                  num1=0;num2=10;
 371   5                  num3=type3_dis[num_d2]/100;num4=type3_dis[num_d2]%100/10;num5=type3_dis[num_d2]%10;
 372   5                  num6=type3_dis[num_d3]/100;num7=type3_dis[num_d3]%100/10;num8=type3_dis[num_d3]%10;
 373   5                }           
 374   4                if(f_dis==1)//加操作
 375   4                {
 376   5                  if(num_d1==1) num_d2=9; else num_d2=num_d1-2;
 377   5                  if(num_d1==0) num_d2=8; else num_d2=num_d1-2;
 378   5                  if(num_d1==0) num_d3=9; else num_d3=num_d1-1;           
 379   5                  
 380   5                  num_12=type3_dis[num_d2]+type3_dis[num_d3];
 381   5                  num1=1;num2=10;
 382   5                  num3=num_12/100;num4=num_12%100/10;num5=num_12%10;
 383   5                  num6=type3_dis[num_d3]/100;num7=type3_dis[num_d3]%100/10;num8=type3_dis[num_d3]%10;         
 384   5                }         
 385   4                break;
 386   4      
 387   4          case 1:
 388   4                 if(GN==7)
 389   4                 {
 390   5                   num_fan++;
 391   5                   if(num_fan==10)
 392   5                     num_fan=0; 
 393   5                   while(key_scan());
 394   5                 }
 395   4                 num1=0;num2=num_fan;
 396   4                 num3=num4=num5=10;
 397   4                 num6=type3_dis[num_fan]/100;num7=type3_dis[num_fan]%100/10;num8=type3_dis[num_fan]%10; 
 398   4                break;
 399   4      
 400   4          case 2:
 401   4                 if(GN==7)
 402   4                 {
 403   5                  mangqu+=10;
 404   5                  if(mangqu > 90)
 405   5                    mangqu=0;
 406   5                  while(key_scan()); 
 407   5                 }
 408   4                 num1=11;num2=num3=num4=num5=10;
 409   4                 num6=mangqu/100;num7=mangqu%100/10;num8=mangqu%10;
 410   4                 break;
 411   4      
 412   4           }  //switch
 413   3           
 414   3      
 415   3         }//f_2ms
 416   2        }
 417   1      }
 418          
 419          void cl_time1_int1() interrupt 3
 420          {
 421   1        TH1=(65536-2000)/256;
 422   1        TL1=(65536-2000)%256;   
 423   1        smg_display(num1,num2,num3,num4,num5,num6,num7,num8);
 424   1        f_2ms=1;
 425   1        led_display();
 426   1      }
C51 COMPILER V9.55   MAIN                                                                  06/11/2022 16:52:14 PAGE 8   

 427          
 428          
 429          
 430          


MODULE INFORMATION:   STATIC OVERLAYABLE
   CODE SIZE        =   1591    ----
   CONSTANT SIZE    =     20    ----
   XDATA SIZE       =   ----    ----
   PDATA SIZE       =   ----    ----
   DATA SIZE        =     41      14
   IDATA SIZE       =   ----    ----
   BIT SIZE         =      5    ----
END OF MODULE INFORMATION.


C51 COMPILATION COMPLETE.  0 WARNING(S),  0 ERROR(S)
