C51 COMPILER V9.59.0.0   2021414057_2_                                                     03/20/2023 20:33:04 PAGE 1   


C51 COMPILER V9.59.0.0, COMPILATION OF MODULE 2021414057_2_
OBJECT MODULE PLACED IN .\Objects\2021414057(2).obj
COMPILER INVOKED BY: C:\Keil_v5\C51\BIN\C51.EXE 2021414057(2).c OPTIMIZE(8,SPEED) BROWSE DEBUG OBJECTEXTEND PRINT(.\List
                    -ings\2021414057(2).lst) TABS(2) OBJECT(.\Objects\2021414057(2).obj)

line level    source

   1          #include "reg52.h"
   2          #include "iic.h"
   3          
   4          #define uchar unsigned char
   5          
   6          uchar type1[] = {0xc0,0xf9,0xa4,0xb0,0x99,0x92,0x82,0xf8,0x80,0x90,0xff,0xbf};
   7          uchar type2[] = {0x01,0x02,0x04,0x08,0x10,0x20,0x40,0x80};//数码管的位置
   8          uchar type3[] = {0xfe,0xfd,0xfb,0xf7,0xef,0xdf,0xbf,0x7f};
   9          uchar type4[] = {0x7f,0xbf,0xdf,0xef,0xf7,0xfb,0xfd,0xfe};
  10          uchar type5[] = {0x7e,0xbd,0xdb,0xe7};
  11          uchar type6[] = {0xe7,0xdb,0xbd,0x7e};
  12          
  13          uchar num1,num2,num3,num4,num5,num6,num7,num8;
  14          uchar led1,led2,led3,led4;
  15          uchar GN;
  16          uchar t_10ms;
  17          uchar f_2ms;
  18          
  19          unsigned int t_2ms,tt_2ms;//2ms标志
  20          uchar a,b;
  21          uchar model,led_mod;
  22          unsigned int gap = 400;
  23          bit f_led,shanshuo;
  24          
  25          //=====数码管部分=====
  26          void Delay_Smg(unsigned int t)
  27          {
  28   1        while(t--);
  29   1      }
  30          void Display_SMG(uchar n1,uchar n2,uchar n3,uchar n4,uchar n5,uchar n6,uchar n7,uchar n8)
  31          {
  32   1        char i;
  33   1        P0 = 0xff;
  34   1        P2 = (P2 & 0x1f) | 0xc0;
  35   1        P0 = type2[i];
  36   1        P2 &= 0x1f;
  37   1        switch(i)
  38   1        {
  39   2          case 0: P2=(P2 & 0x1f)|0xe0;P0=type1[n1];P2 &= 0x1f;break;
  40   2          case 1: P2=(P2 & 0x1f)|0xe0;P0=type1[n2];P2 &= 0x1f;break;
  41   2          case 2: P2=(P2 & 0x1f)|0xe0;P0=type1[n3];P2 &= 0x1f;break;
  42   2          case 3: P2=(P2 & 0x1f)|0xe0;P0=type1[n4];P2 &= 0x1f;break;
  43   2          case 4: P2=(P2 & 0x1f)|0xe0;P0=type1[n5];P2 &= 0x1f;break;
  44   2          case 5: P2=(P2 & 0x1f)|0xe0;P0=type1[n6];P2 &= 0x1f;break;
  45   2          case 6: P2=(P2 & 0x1f)|0xe0;P0=type1[n7];P2 &= 0x1f;break;
  46   2          case 7: P2=(P2 & 0x1f)|0xe0;P0=type1[n8];P2 &= 0x1f;break;
  47   2        }
  48   1        if(++i == 8)
  49   1          i = 0;
  50   1      }
  51          //=====按键部分========
  52          unsigned char Scan_Keys()
  53          {
  54   1        uchar d;
C51 COMPILER V9.59.0.0   2021414057_2_                                                     03/20/2023 20:33:04 PAGE 2   

  55   1        d = (~P3) & 0x0f;
  56   1        if(d == 0) return 0;
  57   1        Delay_Smg(100);
  58   1        d = (~P3) & 0x0f;
  59   1        if(d == 0) return 0;
  60   1        return d;
  61   1      }
  62          
  63          void Key_Change()
  64          {
  65   1        switch(Scan_Keys())
  66   1        {
  67   2          case 8: GN = 1;break;
  68   2          case 4: GN = 2;break;
  69   2          case 2: GN = 3;break;
  70   2          case 1: GN = 4;break;
  71   2          case 0: GN = 0;break;
  72   2        }
  73   1      }
  74          //===========ADC部分=====
  75          void Init_ADc()
  76          {
  77   1        IIC_Start();
  78   1        IIC_SendByte(0x90);
  79   1        IIC_WaitAck();
  80   1        IIC_SendByte(0x03);
  81   1        IIC_WaitAck();
  82   1        IIC_Stop();
  83   1      }
  84          
  85          unsigned char Read_ADc()
  86          {
  87   1        uchar temp;
  88   1        IIC_Start();
  89   1        IIC_SendByte(0x91);
  90   1        IIC_WaitAck();
  91   1        temp = IIC_RecByte();
  92   1        IIC_SendAck(1);
  93   1        IIC_Stop();
  94   1        return temp;
  95   1      }
  96          unsigned char Change_ADc()
  97          {
  98   1        uchar d,f;
  99   1        d = Read_ADc();
 100   1        if(d<64)
 101   1        {
 102   2          f = 1,a = 1;
 103   2        }
 104   1        else if((d >= 64) && (d < 128))
 105   1        {
 106   2          f = 3,a = 2;
 107   2        }
 108   1        else if((d >= 128) && (d < 192))
 109   1        {
 110   2          f = 5,a = 3;
 111   2        }
 112   1        else if((d >= 192) && (d < 256))
 113   1        {
 114   2          f = 7,a = 4;
 115   2        }
 116   1        return f;
C51 COMPILER V9.59.0.0   2021414057_2_                                                     03/20/2023 20:33:04 PAGE 3   

 117   1      }
 118          //==========EEPROM--24C02部分===
 119          void Write_24c02(uchar addr,uchar dat)
 120          {
 121   1        IIC_Start();
 122   1        IIC_SendByte(0xa0);
 123   1        IIC_WaitAck();
 124   1        IIC_SendByte(addr);
 125   1        IIC_WaitAck();
 126   1        IIC_SendByte(dat);
 127   1        IIC_WaitAck();
 128   1        IIC_Stop();
 129   1      }
 130          unsigned char Read_24c02(uchar addr)
 131          {
 132   1        uchar temp;
 133   1        IIC_Start();
 134   1        IIC_SendByte(0xa0);
 135   1        IIC_WaitAck();
 136   1        IIC_SendByte(addr);
 137   1        IIC_WaitAck();
 138   1        IIC_Stop();
 139   1        
 140   1        IIC_Start();
 141   1        IIC_SendByte(0xa1);
 142   1        IIC_WaitAck();
 143   1        temp = IIC_RecByte();
 144   1        IIC_SendAck(1);
 145   1        IIC_Stop();
 146   1        return temp;
 147   1      }
 148          //===========定时器部分====
 149          void Init_T0()
 150          {
 151   1        TMOD = 0x01;
 152   1        TH0 = (65536 - 2000) / 256;//  2ms
 153   1        TL0 = (65536 - 2000) % 256;
 154   1        
 155   1        EA = 1;
 156   1        ET0 = 1;
 157   1        TR0 = 1;
 158   1      }
 159          void Service_T0() interrupt 1
 160          {
 161   1        TH0 = (65536 - 2000) / 256;//  2ms
 162   1        TL0 = (65536 - 2000) % 256;
 163   1        
 164   1        Display_SMG(num1,num2,num3,num4,num5,num6,num7,num8);
 165   1        f_2ms = 1;
 166   1      }
 167          //==========led、按键控制部分===========================
 168          void Control()
 169          {
 170   1        if(f_2ms == 1)
 171   1        {
 172   2          f_2ms = 0;
 173   2          Key_Change();
 174   2          if(GN == 4)
 175   2          {
 176   3            f_led = ~f_led;
 177   3            while(Scan_Keys());
 178   3          }
C51 COMPILER V9.59.0.0   2021414057_2_                                                     03/20/2023 20:33:04 PAGE 4   

 179   2          if(f_led == 0)
 180   2          {
 181   3            P0 = 0xff;
 182   3            P2 = (P2 & 0x1f) | 0x80;
 183   3            P0 = 0xff;
 184   3            P2 &= 0x1f;
 185   3            b = Change_ADc();
 186   3            if(GN == 1)
 187   3            {
 188   4              num1=10;num2=10;num3=10;num4=10;num5=10;num6=10;num7=11;num8=a;
 189   4              while(Scan_Keys());
 190   4              num1=10;num2=10;num3=10;num4=10;num5=10;num6=10;num7=10;num8=10;
 191   4            }
 192   3          }
 193   2          if(f_led == 1)
 194   2          {
 195   3            if(GN == 3)
 196   3            {
 197   4              model++;
 198   4              if(model == 3)
 199   4                model = 0;
 200   4              while(Scan_Keys());
 201   4            }
 202   3            switch(model)
 203   3            {
 204   4              case 0://led闪烁
 205   4                if(GN == 1)
 206   4                {
 207   5                  num1=10;num2=10;num3=10;num4=10;num5=10;num6=10;num7=11;num8=a;
 208   5                  while(Scan_Keys());
 209   5                }
 210   4                num1=10;num2=10;num3=10;num4=10;num5=10;num6=10;num7=10;num8=10;
 211   4                if(led_mod == 0)//led模式1
 212   4                {
 213   5                  if(++t_10ms == 10)
 214   5                  {
 215   6                    t_10ms = 0;
 216   6                    P0 = 0xff;
 217   6                    P2 = (P2 & 0x1f) | 0x80;
 218   6                    P0 = type3[led1];
 219   6                    P2 &= 0x1f;
 220   6                  }
 221   5                  if(t_10ms == Change_ADc())
 222   5                  {
 223   6                    P0 = 0xff;         //调整亮度
 224   6                    P2 = (P2 & 0x1f) | 0x80;
 225   6                    P0 = 0xff;        
 226   6                    P2 &= 0x1f;
 227   6                  }
 228   5                  if(++t_2ms == gap/2)
 229   5                  {
 230   6                    t_2ms = 0;
 231   6                    led1++;
 232   6                    if(led1 == 8)
 233   6                      led1 = 0;
 234   6                  }
 235   5                }
 236   4                if(led_mod == 1)//led模式1
 237   4                {
 238   5                  if(++t_10ms == 10)
 239   5                  {
 240   6                    t_10ms = 0;
C51 COMPILER V9.59.0.0   2021414057_2_                                                     03/20/2023 20:33:04 PAGE 5   

 241   6                    P0 = 0xff;
 242   6                    P2 = (P2 & 0x1f) | 0x80;
 243   6                    P0 = type4[led2];
 244   6                    P2 &= 0x1f;
 245   6                  }
 246   5                  if(t_10ms == Change_ADc())
 247   5                  {
 248   6                    P0 = 0xff;         //调整亮度
 249   6                    P2 = (P2 & 0x1f) | 0x80;
 250   6                    P0 = 0xff;        
 251   6                    P2 &= 0x1f;
 252   6                  }
 253   5                  if(++t_2ms == gap/2)
 254   5                  {
 255   6                    t_2ms = 0;
 256   6                    led2++;
 257   6                    if(led2 == 8)
 258   6                      led2 = 0;
 259   6                  }
 260   5                }
 261   4                if(led_mod == 2)//led模式1
 262   4                {
 263   5                  if(++t_10ms == 10)
 264   5                  {
 265   6                    t_10ms = 0;
 266   6                    P0 = 0xff;
 267   6                    P2 = (P2 & 0x1f) | 0x80;
 268   6                    P0 = type5[led3];
 269   6                    P2 &= 0x1f;
 270   6                  }
 271   5                  if(t_10ms == Change_ADc())
 272   5                  {
 273   6                    P0 = 0xff;         //调整亮度
 274   6                    P2 = (P2 & 0x1f) | 0x80;
 275   6                    P0 = 0xff;        
 276   6                    P2 &= 0x1f;
 277   6                  }
 278   5                  if(++t_2ms == gap/2)
 279   5                  {
 280   6                    t_2ms = 0;
 281   6                    led3++;
 282   6                    if(led3 == 4)
 283   6                      led3 = 0;
 284   6                  }
 285   5                }
 286   4                if(led_mod == 3)//led模式1
 287   4                {
 288   5                  if(++t_10ms == 10)
 289   5                  {
 290   6                    t_10ms = 0;
 291   6                    P0 = 0xff;
 292   6                    P2 = (P2 & 0x1f) | 0x80;
 293   6                    P0 = type6[led4];
 294   6                    P2 &= 0x1f;
 295   6                  }
 296   5                  if(t_10ms == Change_ADc())
 297   5                  {
 298   6                    P0 = 0xff;         //调整亮度
 299   6                    P2 = (P2 & 0x1f) | 0x80;
 300   6                    P0 = 0xff;        
 301   6                    P2 &= 0x1f;
 302   6                  }
C51 COMPILER V9.59.0.0   2021414057_2_                                                     03/20/2023 20:33:04 PAGE 6   

 303   5                  if(++t_2ms == gap/2)
 304   5                  {
 305   6                    t_2ms = 0;
 306   6                    led4++;
 307   6                    if(led4 == 4)
 308   6                      led4 = 0;
 309   6                  }
 310   5                }
 311   4              break;
 312   4              
 313   4              case 1://led模式选择
 314   4                if(GN == 2)
 315   4                {
 316   5                  if(led_mod == 3)
 317   5                    led_mod = 3;
 318   5                  else
 319   5                    led_mod++;
 320   5                  while(Scan_Keys());
 321   5                }
 322   4                if(GN == 1)
 323   4                {
 324   5                  if(led_mod == 0)
 325   5                    led_mod = 0;
 326   5                  else
 327   5                    led_mod--;
 328   5                  while(Scan_Keys());
 329   5                }
 330   4                if(++tt_2ms == 400)
 331   4                {
 332   5                  tt_2ms = 0;
 333   5                  shanshuo = ~shanshuo;
 334   5                }
 335   4                if(shanshuo == 0)
 336   4                {
 337   5                  num1=11;num2=led_mod+1;num3=11;
 338   5                }
 339   4                else
 340   4                {
 341   5                  num1=10;num2=10;num3=10;
 342   5                }
 343   4                num4=10;
 344   4                if(gap > 999)
 345   4                {
 346   5                  num5=gap/1000;num6=gap/100%10;num7=gap/10%10;num8=gap%10;
 347   5                }
 348   4                else
 349   4                {
 350   5                  num5=10;num6=gap/100;num7=gap/10%10;num8=gap%10;
 351   5                }
 352   4              break;
 353   4              
 354   4              case 2://流转时间间隔设置
 355   4                if(GN == 2)
 356   4                {
 357   5                  if(gap > 1100)
 358   5                    gap = 1200;
 359   5                  else
 360   5                    gap+=100;
 361   5                  Write_24c02(0,gap/10);
 362   5                  while(Scan_Keys());
 363   5                }
 364   4                if(GN == 1)
C51 COMPILER V9.59.0.0   2021414057_2_                                                     03/20/2023 20:33:04 PAGE 7   

 365   4                {
 366   5                  if(gap < 500)
 367   5                    gap = 400;
 368   5                  else
 369   5                    gap-=100;
 370   5                  Write_24c02(0,gap/10);
 371   5                  while(Scan_Keys());
 372   5                }
 373   4                if(++tt_2ms == 300)
 374   4                {
 375   5                  tt_2ms = 0;
 376   5                  shanshuo = ~shanshuo;
 377   5                }
 378   4                if(shanshuo == 0)
 379   4                {
 380   5                  if(gap > 999)
 381   5                  {
 382   6                    num5=gap/1000;num6=gap/100%10;num7=gap/10%10;num8=gap%10;
 383   6                  }
 384   5                  else
 385   5                  {
 386   6                    num5=10;num6=gap/100;num7=gap/10%10;num8=gap%10;
 387   6                  }
 388   5                }
 389   4                else
 390   4                {
 391   5                  num5=10;num6=10;num7=10;num8=10;
 392   5                }
 393   4                num1=11;num2=led_mod+1;num3=11;num4=10;
 394   4              break;
 395   4            }
 396   3          }
 397   2        }
 398   1      }
 399          
 400          //===========初始化函===
 401          void Init_Sys()
 402          {
 403   1        P2 = (P2 & 0x1f) | 0x80;
 404   1        P0 = 0xff;
 405   1        P2 &= 0x1f;
 406   1        
 407   1        P2 = (P2 & 0x1f) | 0xa0;
 408   1        P0 = 0x00;
 409   1        P2 &= 0x1f;
 410   1        
 411   1        Init_T0();
 412   1        Init_ADc();
 413   1        gap = Read_24c02(0)*10;
 414   1        num1=10;num2=10;num3=10;num4=10;num5=10;num6=10;num7=10;num8=10;
 415   1      }
 416          void main()
 417          {
 418   1        Init_Sys();
 419   1        while(1)
 420   1        {
 421   2          Control();
 422   2        }
 423   1      }


MODULE INFORMATION:   STATIC OVERLAYABLE
C51 COMPILER V9.59.0.0   2021414057_2_                                                     03/20/2023 20:33:04 PAGE 8   

   CODE SIZE        =   1776    ----
   CONSTANT SIZE    =   ----    ----
   XDATA SIZE       =   ----    ----
   PDATA SIZE       =   ----    ----
   DATA SIZE        =     69      15
   IDATA SIZE       =   ----    ----
   BIT SIZE         =      2    ----
END OF MODULE INFORMATION.


C51 COMPILATION COMPLETE.  0 WARNING(S),  0 ERROR(S)
