C51 COMPILER V9.55   MAIN                                                                  04/06/2022 14:57:07 PAGE 1   


C51 COMPILER V9.55, COMPILATION OF MODULE MAIN
OBJECT MODULE PLACED IN .\Objects\main.obj
COMPILER INVOKED BY: D:\keilc\pack_file\C51\BIN\C51.EXE main.c OPTIMIZE(8,SPEED) BROWSE DEBUG OBJECTEXTEND PRINT(.\Listi
                    -ngs\main.lst) TABS(2) OBJECT(.\Objects\main.obj)

line level    source

   1          #include <STC15F2K60S2.h>
   2          #include <iic.h>
   3          #include <intrins.h>
   4          
   5          #define uchar unsigned char 
   6          #define uint unsigned int 
   7            
   8          uchar code type1[]={
   9                                0xC0,
  10                                0xF9,
  11                                0xA4,
  12                                0xB0,
  13                                0x99,
  14                                0x92,
  15                                0x82,
  16                                0xF8,
  17                                0x80,
  18                                0x90,0xff,0xbf};
  19          uchar code type2[]={0x01,0x02,0x04,0x08,0x10,0x20,0x40,0x80};
  20          uchar num1,num2,num3,num4,num5,num6,num7,num8;
  21          uchar GN;
  22          uchar f_2ms;
  23          uint t_2ms;
  24          
  25          uchar temp1,temp2,temp3,temp4;
  26          
  27          
  28          
  29          
  30          void Delay10ms()    //@12.000MHz
  31          {
  32   1        unsigned char i, j;
  33   1      
  34   1        i = 117;
  35   1        j = 184;
  36   1        do
  37   1        {
  38   2          while (--j);
  39   2        } while (--i);
  40   1      }
  41          
  42          void smg_display(uchar n1,uchar n2,uchar n3,uchar n4,uchar n5,uchar n6,uchar n7,uchar n8)
  43          {
  44   1        char i;
  45   1        P0=0xff;
  46   1        P2=(P2&0x1f)|0xc0;
  47   1        P0=type2[i];
  48   1        P2=(P2&0x1f);
  49   1        switch(i)
  50   1        {
  51   2          case 0:P2=(P2&0x1f)|0xe0;P0=type1[n1];P2=(P2&0x1f);break;
  52   2          case 1:P2=(P2&0x1f)|0xe0;P0=type1[n2];P2=(P2&0x1f);break;   
  53   2          case 2:P2=(P2&0x1f)|0xe0;P0=type1[n3];P2=(P2&0x1f);break;   
  54   2          case 3:P2=(P2&0x1f)|0xe0;P0=type1[n4];P2=(P2&0x1f);break;   
C51 COMPILER V9.55   MAIN                                                                  04/06/2022 14:57:07 PAGE 2   

  55   2          case 4:P2=(P2&0x1f)|0xe0;P0=type1[n5];P2=(P2&0x1f);break;   
  56   2          case 5:P2=(P2&0x1f)|0xe0;P0=type1[n6];P2=(P2&0x1f);break;   
  57   2          case 6:P2=(P2&0x1f)|0xe0;P0=type1[n7];P2=(P2&0x1f);break;   
  58   2          case 7:P2=(P2&0x1f)|0xe0;P0=type1[n8];P2=(P2&0x1f);break;   
  59   2        }
  60   1        if(++i==8)
  61   1          i=0;
  62   1      }
  63          uchar key_scan()
  64          {
  65   1        uchar temp;
  66   1        temp=(~P3)&0x0f;
  67   1        if(temp==0) return 0;
  68   1        Delay10ms();
  69   1        temp=(~P3)&0x0f;
  70   1        if(temp==0) return 0; 
  71   1        return temp;
  72   1      }
  73          void key_change ()
  74          {
  75   1        uchar D;
  76   1        D=key_scan();
  77   1        switch(D)
  78   1        {
  79   2          case 8:GN=1;break;
  80   2          case 4:GN=2;break;    
  81   2          case 2:GN=3;break;    
  82   2          case 1:GN=4;break;    
  83   2          case 0:GN=0;break;      
  84   2        }
  85   1      }
  86          /////////////////////////////////
  87          void xie_24c02(uchar addr,uchar dat)
  88          {
  89   1        IIC_Start( );
  90   1        IIC_SendByte(0xa0+0);
  91   1        IIC_WaitAck( );
  92   1        IIC_SendByte(addr);
  93   1        IIC_WaitAck( ); 
  94   1        IIC_SendByte(dat);
  95   1        IIC_WaitAck( ); 
  96   1        IIC_Stop( );
  97   1        
  98   1      }
  99          uchar du_24c02(uchar addr)
 100          {
 101   1        uchar D;
 102   1        IIC_Start( );
 103   1        IIC_SendByte(0xa0+0);
 104   1        IIC_WaitAck( );
 105   1        IIC_SendByte(addr);
 106   1        IIC_WaitAck( );   
 107   1        
 108   1        IIC_Start( );
 109   1        IIC_SendByte(0xa0+1);
 110   1        IIC_WaitAck( ); 
 111   1        D=IIC_RecByte( );
 112   1        IIC_SendAck(1);
 113   1        IIC_Stop( );
 114   1        return D;
 115   1      }
 116          
C51 COMPILER V9.55   MAIN                                                                  04/06/2022 14:57:07 PAGE 3   

 117          void time1_int1()
 118          {
 119   1        EA=1;
 120   1        ET1=1;
 121   1        TR1=1;
 122   1        TMOD=(TMOD&0x0f)|0x10;
 123   1        TH1=(65536-2000)/256;
 124   1        TL1=(65536-2000)%256; 
 125   1      }
 126          
 127          
 128          void main()
 129          {
 130   1        P2=(P2&0x1f)|0xa0;
 131   1        P0=0x00;
 132   1        P2=(P2&0x1f); 
 133   1        P2=(P2&0x1f)|0x80;
 134   1        P0=0xff;
 135   1        P2=(P2&0x1f);   
 136   1        time1_int1();
 137   1        while(1)
 138   1        {
 139   2          if(f_2ms==1)
 140   2          {
 141   3           f_2ms=0;
 142   3           key_change ();
 143   3      
 144   3          if(++t_2ms==50)
 145   3          {   
 146   4           t_2ms=0;     
 147   4          
 148   4            
 149   4            
 150   4            if(temp1+1 <10)
 151   4            {
 152   5              xie_24c02(0x01,temp1+1);
 153   5              Delay10ms();        
 154   5            }
 155   4            else
 156   4            {
 157   5              temp1=0;
 158   5              xie_24c02(0x01,temp1);
 159   5              Delay10ms();
 160   5            }       
 161   4      
 162   4      
 163   4            if(temp2+2 <20)
 164   4            {
 165   5              xie_24c02(0x03,temp2+2);
 166   5              Delay10ms();        
 167   5            }
 168   4            else
 169   4            {
 170   5              temp2=0;
 171   5              xie_24c02(0x03,temp2);
 172   5              Delay10ms();
 173   5            } 
 174   4      
 175   4      
 176   4            if(temp3+3 <30)
 177   4            {
 178   5              xie_24c02(0x05,temp3+3);
C51 COMPILER V9.55   MAIN                                                                  04/06/2022 14:57:07 PAGE 4   

 179   5              Delay10ms();        
 180   5            }
 181   4            else
 182   4            {
 183   5              temp3=0;
 184   5              xie_24c02(0x05,temp3);
 185   5              Delay10ms();
 186   5            } 
 187   4            
 188   4           temp1=du_24c02(0x01);  
 189   4           temp2=du_24c02(0x03);      
 190   4           temp3=du_24c02(0x05);  
 191   4      
 192   4      
 193   4            
 194   4          num1=temp1/10;num2=temp1%10;  
 195   4          num3=11;
 196   4          num4=temp2/10;num5=temp2%10;
 197   4          num6=10;
 198   4          num7=temp3/10;num8=temp3%10;  
 199   4          } 
 200   3            
 201   3            
 202   3      
 203   3          }//f_2ms
 204   2        } 
 205   1      }
 206          void cl_time1_int1() interrupt 3
 207          {
 208   1        TH1=(65536-2000)/256;
 209   1        TL1=(65536-2000)%256;   
 210   1        smg_display(num1,num2,num3,num4,num5,num6,num7,num8);
 211   1        f_2ms=1;
 212   1        
 213   1      
 214   1      
 215   1      }


MODULE INFORMATION:   STATIC OVERLAYABLE
   CODE SIZE        =    693    ----
   CONSTANT SIZE    =     20    ----
   XDATA SIZE       =   ----    ----
   PDATA SIZE       =   ----    ----
   DATA SIZE        =     16      13
   IDATA SIZE       =   ----    ----
   BIT SIZE         =   ----    ----
END OF MODULE INFORMATION.


C51 COMPILATION COMPLETE.  0 WARNING(S),  0 ERROR(S)
