C51 COMPILER V9.55   IIC                                                                   05/20/2022 20:58:07 PAGE 1   


C51 COMPILER V9.55, COMPILATION OF MODULE IIC
OBJECT MODULE PLACED IN .\Objects\iic.obj
COMPILER INVOKED BY: D:\keilc\pack_file\C51\BIN\C51.EXE iic.c OPTIMIZE(8,SPEED) BROWSE DEBUG OBJECTEXTEND PRINT(.\Listin
                    -gs\iic.lst) TABS(2) OBJECT(.\Objects\iic.obj)

line level    source

   1          #include "iic.h"
   2          
   3          #define DELAY_TIME 5
   4          
   5          //I2C总线内部延时函数
   6          void IIC_Delay(unsigned char i)
   7          {
   8   1          do{_nop_();}
   9   1          while(i--);        
  10   1      }
  11          
  12          //I2C总线启动信号
  13          void IIC_Start(void)
  14          {
  15   1          SDA = 1;
  16   1          SCL = 1;
  17   1          IIC_Delay(DELAY_TIME);
  18   1          SDA = 0;
  19   1          IIC_Delay(DELAY_TIME);
  20   1          SCL = 0;  
  21   1      }
  22          
  23          //I2C总线停止信号
  24          void IIC_Stop(void)
  25          {
  26   1          SDA = 0;
  27   1          SCL = 1;
  28   1          IIC_Delay(DELAY_TIME);
  29   1          SDA = 1;
  30   1          IIC_Delay(DELAY_TIME);
  31   1      }
  32          
  33          //发送应答或非应答信号
  34          void IIC_SendAck(bit ackbit)
  35          {
  36   1          SCL = 0;
  37   1          SDA = ackbit;           
  38   1          IIC_Delay(DELAY_TIME);
  39   1          SCL = 1;
  40   1          IIC_Delay(DELAY_TIME);
  41   1          SCL = 0; 
  42   1          SDA = 1;
  43   1          IIC_Delay(DELAY_TIME);
  44   1      }
  45          
  46          //等待应答
  47          bit IIC_WaitAck(void)
  48          {
  49   1          bit ackbit;
  50   1        
  51   1          SCL  = 1;
  52   1          IIC_Delay(DELAY_TIME);
  53   1          ackbit = SDA;
  54   1          SCL = 0;
C51 COMPILER V9.55   IIC                                                                   05/20/2022 20:58:07 PAGE 2   

  55   1          IIC_Delay(DELAY_TIME);
  56   1          return ackbit;
  57   1      }
  58          
  59          //I2C总线发送一个字节数据
  60          void IIC_SendByte(unsigned char byt)
  61          {
  62   1          unsigned char i;
  63   1      
  64   1          for(i=0; i<8; i++)
  65   1          {
  66   2              SCL  = 0;
  67   2              IIC_Delay(DELAY_TIME);
  68   2              if(byt & 0x80) SDA  = 1;
  69   2              else SDA  = 0;
  70   2              IIC_Delay(DELAY_TIME);
  71   2              SCL = 1;
  72   2              byt <<= 1;
  73   2              IIC_Delay(DELAY_TIME);
  74   2          }
  75   1          SCL  = 0;  
  76   1      }
  77          
  78          //I2C总线接收一个字节数据
  79          unsigned char IIC_RecByte(void)
  80          {
  81   1          unsigned char i, da;
  82   1          for(i=0; i<8; i++)
  83   1          {   
  84   2            SCL = 1;
  85   2        IIC_Delay(DELAY_TIME);
  86   2        da <<= 1;
  87   2        if(SDA) da |= 1;
  88   2        SCL = 0;
  89   2        IIC_Delay(DELAY_TIME);
  90   2          }
  91   1          return da;    
  92   1      }
  93          //==================================
  94          void initial_adc(unsigned char addr)
  95          {
  96   1        IIC_Start( );
  97   1        IIC_SendByte(0x90+0);
  98   1        IIC_WaitAck( ); 
  99   1        IIC_SendByte(addr);
 100   1        IIC_WaitAck( );   
 101   1        IIC_Stop( );
 102   1        
 103   1      }
 104          unsigned int  du_adc()
 105          {
 106   1      unsigned int D;
 107   1        IIC_Start( );
 108   1        IIC_SendByte(0x90+1);
 109   1        IIC_WaitAck( );   
 110   1        D=IIC_RecByte( );
 111   1        IIC_SendAck(1);
 112   1        IIC_Stop( );
 113   1        D=(D*500.0)/255;
 114   1        return D; 
 115   1      }
 116          
C51 COMPILER V9.55   IIC                                                                   05/20/2022 20:58:07 PAGE 3   

 117          void xie_adc(unsigned char D)
 118          {
 119   1        IIC_Start( );
 120   1        IIC_SendByte(0x90+0);
 121   1        IIC_WaitAck( ); 
 122   1        IIC_SendByte(0x40);
 123   1        IIC_WaitAck( ); 
 124   1        IIC_SendByte(D);
 125   1        IIC_WaitAck( ); 
 126   1        IIC_Stop( );  
 127   1      }
 128          
 129          
 130          
 131          
 132          
 133          
 134          
 135          
 136          
 137          
 138          
 139          
 140          
 141          
 142          
 143          
 144          


MODULE INFORMATION:   STATIC OVERLAYABLE
   CODE SIZE        =    252    ----
   CONSTANT SIZE    =   ----    ----
   XDATA SIZE       =   ----    ----
   PDATA SIZE       =   ----    ----
   DATA SIZE        =   ----    ----
   IDATA SIZE       =   ----    ----
   BIT SIZE         =   ----       2
END OF MODULE INFORMATION.


C51 COMPILATION COMPLETE.  0 WARNING(S),  0 ERROR(S)
