C51 COMPILER V9.55   MAIN                                                                  05/20/2022 20:58:07 PAGE 1   


C51 COMPILER V9.55, COMPILATION OF MODULE MAIN
OBJECT MODULE PLACED IN .\Objects\main.obj
COMPILER INVOKED BY: D:\keilc\pack_file\C51\BIN\C51.EXE main.c OPTIMIZE(8,SPEED) BROWSE DEBUG OBJECTEXTEND PRINT(.\Listi
                    -ngs\main.lst) TABS(2) OBJECT(.\Objects\main.obj)

line level    source

   1          #include <STC15F2K60S2.H>
   2          #include "iic.h"
   3          #include <intrins.h>
   4          
   5          #define uchar unsigned char 
   6          #define uint unsigned int 
   7          
   8          uchar type1[]={   0xC0,
   9                            0xF9,
  10                            0xA4,
  11                            0xB0,
  12                            0x99,
  13                            0x92,
  14                            0x82,
  15                            0xF8,
  16                            0x80,
  17                            0x90,0xff,0xc1,0x8c,0xc7,0x88};
  18          uchar type2[]={0x01,0x02,0x04,0x08,0x10,0x20,0x40,0x80};
  19          uchar num1,num2,num3,num4,num5,num6,num7,num8;
  20          uchar t_2ms,tt_2ms;
  21          bit f_100ms;
  22          bit f_2ms;
  23          uchar GN;
  24          
  25          sbit trig=P1^0;
  26          sbit echo=P1^1;
  27          
  28          uchar bdata U6=0xff;
  29          sbit led1=U6^0;
  30          sbit led2=U6^1;
  31          sbit led3=U6^2;
  32          sbit led8=U6^7;
  33          
  34          uchar model=0;
  35          uint volt;
  36          uint H_lim,L_lim,H=45,L=5;
  37          bit f_HL;
  38          bit start_csb=0;
  39          uchar juli;
  40          
  41          
  42          void Delay10ms()    //@12.000MHz
  43          {
  44   1        unsigned char i, j;
  45   1      
  46   1        i = 117;
  47   1        j = 184;
  48   1        do
  49   1        {
  50   2          while (--j);
  51   2        } while (--i);
  52   1      }
  53          
  54          void smg_display(char n1,char n2,char n3,char n4,char n5,char n6,char n7,char n8)
C51 COMPILER V9.55   MAIN                                                                  05/20/2022 20:58:07 PAGE 2   

  55          {
  56   1        char i;
  57   1        P2=(P2&0x1f)|0xc0;
  58   1        P0=type2[i];
  59   1        P2=(P2&0x1f);
  60   1        switch(i)
  61   1        {
  62   2          case 0:P2=(P2&0x1f)|0xe0;P0=type1[n1];P2=(P2&0x1f);break;
  63   2          case 1:P2=(P2&0x1f)|0xe0;P0=type1[n2];P2=(P2&0x1f);break; 
  64   2          case 2:P2=(P2&0x1f)|0xe0;P0=type1[n3];P2=(P2&0x1f);break; 
  65   2          case 3:P2=(P2&0x1f)|0xe0;P0=type1[n4];P2=(P2&0x1f);break;
  66   2          case 4:P2=(P2&0x1f)|0xe0;P0=type1[n5];P2=(P2&0x1f);break;
  67   2          case 5:P2=(P2&0x1f)|0xe0;P0=type1[n6];P2=(P2&0x1f);break;
  68   2          case 6:P2=(P2&0x1f)|0xe0;P0=type1[n7];P2=(P2&0x1f);break;
  69   2          case 7:P2=(P2&0x1f)|0xe0;P0=type1[n8];P2=(P2&0x1f);break;   
  70   2        }
  71   1        if(++i==8)
  72   1          i=0;
  73   1      }
  74          //==============================key
  75          uchar key_scan()
  76          {
  77   1        uchar temp;
  78   1        temp=(~P3)&0x0f;
  79   1        if(temp==0) return 0;
  80   1        Delay10ms();
  81   1        temp=(~P3)&0x0f;
  82   1        if(temp==0) return 0; 
  83   1        return temp;
  84   1      }
  85          void key_change()
  86          {
  87   1        uchar D;
  88   1        D=key_scan();
  89   1        switch(D)
  90   1        {
  91   2          case 8:GN=4;break;
  92   2          case 4:GN=5;break;  
  93   2          case 2:GN=6;break;
  94   2          case 1:GN=7;break;
  95   2          case 0:GN=0;break;    
  96   2        }
  97   1      }
  98          //===================================csb
  99          uchar num;
 100          uchar csb_send()
 101          {
 102   1        num=10;
 103   1        trig=0;
 104   1        TR0=1;
 105   1        while(num--)
 106   1        {
 107   2          while(!TF0);
 108   2          TH0=0xff;
 109   2          TL0=0xf4;
 110   2          TF0=0;
 111   2          trig ^= 1;  
 112   2        }
 113   1        
 114   1        TR0=0;
 115   1        TH0=0;
 116   1        TL0=0;
C51 COMPILER V9.55   MAIN                                                                  05/20/2022 20:58:07 PAGE 3   

 117   1        TR0=1;
 118   1        while(echo==1 && TF0==0);
 119   1        TR0=0;
 120   1        if(TF0)
 121   1        {
 122   2          TF0=0;
 123   2          return 255;
 124   2        }
 125   1        else
 126   1          return ((TH0<<8)+TL0)*0.017;  
 127   1      }
 128          void time0()
 129          {
 130   1        TMOD=(TMOD&0xf0)|0x01;  
 131   1        TH0=0xff;
 132   1        TL0=0xf4; 
 133   1      }
 134          
 135          void time1_int1()
 136          {
 137   1        EA=1;
 138   1        ET1=1;
 139   1        TR1=1;
 140   1        TMOD=(TMOD&0x0f)|0x10;
 141   1        TH1=(65536-2000)/256;
 142   1        TL1=(65536-2000)%256;   
 143   1      }
 144          
 145          void initial_all()
 146          {
 147   1        P2=(P2&0x1f)|0xa0;
 148   1        P0=0x00;
 149   1        P2=(P2&0x1f); 
 150   1        P2=(P2&0x1f)|0x80;
 151   1        P0=0xff;
 152   1        P2=(P2&0x1f);   
 153   1        P2=(P2&0x1f)|0xc0;
 154   1        P0=0xff;
 155   1        P2=(P2&0x1f);   
 156   1        P2=(P2&0x1f)|0xe0;
 157   1        P0=0xff;
 158   1        P2=(P2&0x1f);     
 159   1      }
 160          
 161          //////////////////////////////////ÏÔÊ¾
 162          void xianshi()
 163          {
 164   1        switch(model)
 165   1        {
 166   2          case 0:
 167   2                  num1=11;num2=num3=num4=num5=10;
 168   2                  num6=volt/100;num7=volt%100/10;num8=volt%10;
 169   2                  break;
 170   2          case 1:
 171   2                  if(f_HL==0)
 172   2                  {
 173   3                      if(GN==6)
 174   3                      {
 175   4                          H+=5;               
 176   4                        while(key_scan());  
 177   4                      }             
 178   3                      if(GN==7)
C51 COMPILER V9.55   MAIN                                                                  05/20/2022 20:58:07 PAGE 4   

 179   3                      {
 180   4                          H-=5;               
 181   4                        while(key_scan());  
 182   4                      }               
 183   3                  }
 184   2                  else
 185   2                  {
 186   3                      if(GN==6)
 187   3                      {
 188   4                          L+=5;               
 189   4                        while(key_scan());  
 190   4                      }             
 191   3                      if(GN==7)
 192   3                      {
 193   4                          L-=5;               
 194   4                        while(key_scan());  
 195   4                      }               
 196   3                  }
 197   2                  if(H > 50) H=5;             
 198   2                  if(H < 5)  H=50;
 199   2                  if(L > 50) L=5;             
 200   2                  if(L < 5)  L=50;              
 201   2                  num1=12;num2=num3=10;
 202   2                  num4=H/10;num5=H%10;
 203   2                  num6=10;
 204   2                  num7=L/10;num8=L%10;
 205   2                  break;    
 206   2            case 2:
 207   2              H_lim=H*10;
 208   2              L_lim=L*10;
 209   2                   if(start_csb==1)
 210   2                   {
 211   3                     juli=csb_send();
 212   3                     num1=13;num2=num3=num4=num5=10;
 213   3                     if(juli<10)
 214   3                     {
 215   4                       num6=num7=10;
 216   4                       num8=juli;                
 217   4                     }
 218   3                     if(9<juli<100)
 219   3                     {
 220   4                       num6=10;
 221   4                       num7=juli/10;num8=juli%10;                
 222   4                     }               
 223   3                     if(juli>99)
 224   3                     {
 225   4                       num6=juli/100;
 226   4                       num7=juli%100/10;num8=juli%10;              
 227   4                     }               
 228   3                   }
 229   2                   else
 230   2                   {
 231   3                    num1=13;num2=num3=num4=num5=10;num6=num7=num8=14;  
 232   3                   }
 233   2                  break;  
 234   2        }     
 235   1      }
 236          //===================================led
 237          void led_display()
 238          {
 239   1        if(model==0)
 240   1        {
C51 COMPILER V9.55   MAIN                                                                  05/20/2022 20:58:07 PAGE 5   

 241   2          P0=0xff;
 242   2          led1=0;led2=1;led3=1;
 243   2          P2=(P2&0x1f)|0x80;
 244   2          P0=U6;
 245   2          P2=(P2&0x1f);       
 246   2        }
 247   1        if(model==1)
 248   1        {
 249   2          P0=0xff;
 250   2          led1=1;led2=1;led3=0;
 251   2          P2=(P2&0x1f)|0x80;
 252   2          P0=U6;
 253   2          P2=(P2&0x1f);       
 254   2        } 
 255   1        if(model==2)
 256   1        {
 257   2          P0=0xff;
 258   2          led1=1;led2=0;led3=1;
 259   2          P2=(P2&0x1f)|0x80;
 260   2          P0=U6;
 261   2          P2=(P2&0x1f);       
 262   2        } 
 263   1        
 264   1        if(start_csb)
 265   1        {
 266   2          if(f_100ms)
 267   2          {
 268   3          led8 ^= 1;
 269   3        //P0=0xff;
 270   3          P2=(P2&0x1f)|0x80;
 271   3          P0=U6;
 272   3          P2=(P2&0x1f); 
 273   3          }     
 274   2        }
 275   1        else
 276   1        {
 277   2          led8=1;
 278   2          P0=0xff;
 279   2          P2=(P2&0x1f)|0x80;
 280   2          P0=U6;
 281   2          P2=(P2&0x1f);       
 282   2        }
 283   1      }
 284          
 285          void main()
 286          {
 287   1        initial_all();
 288   1        time0();
 289   1        time1_int1();
 290   1        
 291   1        
 292   1        while(1)
 293   1        {
 294   2          if(f_2ms)
 295   2          {
 296   3            f_2ms=0;
 297   3            if(++tt_2ms>50)
 298   3            {
 299   4              tt_2ms=0;
 300   4              f_100ms=~f_100ms;
 301   4            }
 302   3            key_change();
C51 COMPILER V9.55   MAIN                                                                  05/20/2022 20:58:07 PAGE 6   

 303   3            
 304   3            if(GN==4)
 305   3            {
 306   4              model++;
 307   4              if(model==3)
 308   4                model=0;
 309   4              while(key_scan());
 310   4            }
 311   3            if(GN==5)
 312   3            {
 313   4              f_HL=~f_HL;
 314   4              while(key_scan());  
 315   4            }
 316   3            
 317   3            
 318   3            if(++t_2ms==50)
 319   3            {
 320   4              t_2ms=0;
 321   4              initial_adc(0x3);       
 322   4              volt=du_adc();        
 323   4            }
 324   3            if(L_lim < volt && volt < H_lim)
 325   3            {
 326   4              start_csb=1;
 327   4            }
 328   3            else
 329   3              start_csb=0;
 330   3            
 331   3            xianshi();
 332   3            led_display();
 333   3            
 334   3      
 335   3            
 336   3            
 337   3            
 338   3        
 339   3          }//f_2ms;
 340   2        }
 341   1      }
 342          
 343          void cl_time1_int1() interrupt 3
 344          {
 345   1        TH1=(65536-2000)/256;
 346   1        TL1=(65536-2000)%256;   
 347   1        smg_display(num1,num2,num3,num4,num5,num6,num7,num8);
 348   1        f_2ms=1;
 349   1      }
 350          
 351          
 352          
 353          
 354          
 355          
 356          
 357          
 358          
 359          


MODULE INFORMATION:   STATIC OVERLAYABLE
   CODE SIZE        =   1226    ----
   CONSTANT SIZE    =   ----    ----
C51 COMPILER V9.55   MAIN                                                                  05/20/2022 20:58:07 PAGE 7   

   XDATA SIZE       =   ----    ----
   PDATA SIZE       =   ----    ----
   DATA SIZE        =     48       9
   IDATA SIZE       =   ----    ----
   BIT SIZE         =      4    ----
END OF MODULE INFORMATION.


C51 COMPILATION COMPLETE.  0 WARNING(S),  0 ERROR(S)
