C51 COMPILER V9.59.0.0   ____________                                                      03/06/2023 12:14:18 PAGE 1   


C51 COMPILER V9.59.0.0, COMPILATION OF MODULE ____________
OBJECT MODULE PLACED IN .\Objects\·äÃùÆ÷¼Ä´æÆ÷.obj
COMPILER INVOKED BY: C:\Keil_v5\C51\BIN\C51.EXE ·äÃùÆ÷¼Ä´æÆ÷.c OPTIMIZE(8,SPEED) BROWSE DEBUG OBJECTEXTEND PRINT(.\Listi
                    -ngs\·äÃùÆ÷¼Ä´æÆ÷.lst) TABS(2) OBJECT(.\Objects\·äÃùÆ÷¼Ä´æÆ÷.obj)

line level    source

   1          #include "reg52.h"
   2          
   3          void Init_Sys()
   4          {
   5   1        P2 = (P2 & 0x1f) | 0x80;
   6   1        P0 = 0xff;
   7   1        P2 &= 0x1f;
   8   1        
   9   1        P2 = (P2 & 0x1f) | 0xa0;
  10   1        P0 = 0x00;
  11   1        P2 &= 0x1f;
  12   1      }
  13          
  14          void Delay()
  15          {
  16   1        unsigned char i = 9,j = 104,k = 139;
  17   1        do
  18   1        {
  19   2          do
  20   2          {
  21   3            while(--k);
  22   3          }while(--j);
  23   2        }while(--i);
  24   1          
  25   1      }
  26          
  27          void Display_led()
  28          {
  29   1        unsigned char i;
  30   1        for(i = 0;i < 3;i++)
  31   1        {
  32   2          P2 = (P2 & 0x1f) | 0x80;
  33   2          P0 = 0x00;
  34   2          P2 &= 0x1f;
  35   2          Delay();
  36   2          Delay();
  37   2          P2 = (P2 & 0x1f) | 0x80;
  38   2          P0 = 0xff;
  39   2          P2 &= 0x1f;
  40   2          Delay();
  41   2          Delay();
  42   2        }
  43   1        
  44   1        for(i = 0;i < 8;i++)
  45   1        {
  46   2          P2 = (P2 & 0x1f) | 0x80;
  47   2          P0 = 0xfe << i;
  48   2          P2 &= 0x1f;
  49   2          Delay();
  50   2          Delay();
  51   2        }
  52   1        
  53   1        P2 = (P2 & 0x1f) | 0xa0;
  54   1        P0 = 0x10;
C51 COMPILER V9.59.0.0   ____________                                                      03/06/2023 12:14:18 PAGE 2   

  55   1        P2 &= 0x1f;
  56   1        Delay();
  57   1        Delay();
  58   1        P2 = (P2 & 0x1f) | 0xa0;
  59   1        P0 = 0x00;
  60   1        P2 &= 0x1f;
  61   1        
  62   1        for(i = 0;i < 8;i++)
  63   1        {
  64   2          P2 = (P2 & 0x1f) | 0x80;
  65   2          P0 = ~(0xfe << i);
  66   2          P2 &= 0x1f;
  67   2          Delay();
  68   2          Delay();
  69   2        }
  70   1        
  71   1        P2 = (P2 & 0x1f) | 0xa0;
  72   1        P0 = 0x40;
  73   1        P2 &= 0x1f;
  74   1        Delay();
  75   1        Delay();
  76   1        P2 = (P2 & 0x1f) | 0xa0;
  77   1        P0 = 0x00;
  78   1        P2 &= 0x1f;
  79   1      }
  80          
  81          void main()
  82          {
  83   1        Init_Sys();
  84   1        while(1)
  85   1        {
  86   2          Display_led();
  87   2        }
  88   1      }


MODULE INFORMATION:   STATIC OVERLAYABLE
   CODE SIZE        =    230    ----
   CONSTANT SIZE    =   ----    ----
   XDATA SIZE       =   ----    ----
   PDATA SIZE       =   ----    ----
   DATA SIZE        =   ----    ----
   IDATA SIZE       =   ----    ----
   BIT SIZE         =   ----    ----
END OF MODULE INFORMATION.


C51 COMPILATION COMPLETE.  0 WARNING(S),  0 ERROR(S)
