C51 COMPILER V9.60.7.0   MAIN                                                              04/06/2024 22:31:52 PAGE 1   


C51 COMPILER V9.60.7.0, COMPILATION OF MODULE MAIN
OBJECT MODULE PLACED IN .\Objects\main.obj
COMPILER INVOKED BY: C:\Keil_v5\C51\BIN\C51.EXE main.c OPTIMIZE(8,SPEED) BROWSE DEBUG OBJECTEXTEND PRINT(.\Listings\main
                    -.lst) OBJECT(.\Objects\main.obj)

line level    source

   1          #include "reg52.h"
   2          
   3          #define uchar unsigned char 
   4          #define uint unsigned int
   5          
   6          // 数码管显示数据， 一般前10个为0-9， 可更具需要往里面添加
   7          uchar code type1[] = {0xc0,0xf9,0xa4,0xb0,0x99,0x92,0x82,0xf8,0x80,0x90,0xff,0xbf,0x8e,0xc8,0xc1};
   8          // xxx
   9          uchar code type2[] = {0x01,0x02,0x04,0x08,0x10,0x20,0x40,0x80};
  10          
  11          uchar num1,num2,num3,num4,num5,num6,num7,num8;  // 数码管每一位（例如 num1 = 2, 第一个数码管显示 2）
  12          uchar GN;  // 按键标志位
  13          bit f_2ms, f_50ms;  // 2ms, 50ms标志位
  14          uchar temp_Led_P0 = 0xff;  // 用来存上一次LED状态
  15          
  16          sbit S7 = P3^0;
  17          sbit S6 = P3^1;
  18          sbit S5 = P3^2;
  19          sbit S4 = P3^3;
  20          
  21          sbit L0 = P0^0;
  22          sbit L1 = P0^1;
  23          sbit L2 = P0^2;
  24          sbit L3 = P0^3;
  25          sbit L4 = P0^4;
  26          sbit L5 = P0^5;
  27          sbit L6 = P0^6;
  28          
  29          // =========================================== 代码开始 ======================================
  30          bit f_1s;  // 1s标志位
  31          
  32          uint num_2ms = 0, num_s = 0;  // 多少个2ms, 1s
  33          // =========================================== 代码结束 ======================================
  34          
  35          
  36          //=========================================普通延时函数(模板函数)=================================
  37          void Delay(uint t) {
  38   1              while( t -- );
  39   1              while( t -- );
  40   1      }
  41          //=======================================单个LED控制函数(模板函数)================================
  42          // 根据项目需要删减
  43          
  44          // ======================LED0====================
  45          void LED0_On() {
  46   1              P0 = 0xff & temp_Led_P0;  // 清除其他地方对P0的值（特别是数码管一直在刷新），并且结合LED前一次的状态
  47   1              P2 = (P2 & 0x1f) | 0x80;  // LED控制开启
  48   1              L0 = 0;  // 要将P0放在这两句代码之间，避免错乱
  49   1              temp_Led_P0 = P0;
  50   1              P2 &= 0x1f;
  51   1      }
  52          void LED0_Off() {
  53   1              P0 = 0xff & temp_Led_P0;
  54   1              P2 = (P2 & 0x1f) | 0x80;  // LED控制开启
C51 COMPILER V9.60.7.0   MAIN                                                              04/06/2024 22:31:52 PAGE 2   

  55   1              L0 = 1;  // 要将P0放在这两句代码之间，避免错乱
  56   1              temp_Led_P0 = P0;
  57   1              P2 &= 0x1f;
  58   1      }
  59          // ======================LED1====================
  60          void LED1_On() {
  61   1              P0 = 0xff & temp_Led_P0;  // 清除其他地方对P0的值（特别是数码管一直在刷新），并且结合LED前一次的状态
  62   1              P2 = (P2 & 0x1f) | 0x80;  // LED控制开启
  63   1              L1 = 0;  // 要将P0放在这两句代码之间，避免错乱
  64   1              temp_Led_P0 = P0;
  65   1              P2 &= 0x1f;
  66   1      }
  67          void LED1_Off() {
  68   1              P0 = 0xff & temp_Led_P0;
  69   1              P2 = (P2 & 0x1f) | 0x80;  // LED控制开启
  70   1              L1 = 1;  // 要将P0放在这两句代码之间，避免错乱
  71   1              temp_Led_P0 = P0;
  72   1              P2 &= 0x1f;
  73   1      }
  74          // ======================LED2====================
  75          void LED2_On() {
  76   1              P0 = 0xff & temp_Led_P0;
  77   1              P2 = (P2 & 0x1f) | 0x80;  // LED控制开启
  78   1              L2 = 0;  // 要将P0放在这两句代码之间，避免错乱
  79   1              temp_Led_P0 = P0;
  80   1              P2 &= 0x1f;
  81   1      }
  82          void LED2_Off() {
  83   1              P0 = 0xff & temp_Led_P0;
  84   1              P2 = (P2 & 0x1f) | 0x80;  // LED控制开启
  85   1              L2 = 1;  // 要将P0放在这两句代码之间，避免错乱
  86   1              temp_Led_P0 = P0;
  87   1              P2 &= 0x1f;
  88   1      }
  89          // ======================LED3====================
  90          void LED3_On() {
  91   1              P0 = 0xff & temp_Led_P0;
  92   1              P2 = (P2 & 0x1f) | 0x80;  // LED控制开启
  93   1              L3 = 0;  // 要将P0放在这两句代码之间，避免错乱
  94   1              temp_Led_P0 = P0;
  95   1              P2 &= 0x1f;
  96   1      }
  97          void LED3_Off() {
  98   1              P0 = 0xff & temp_Led_P0;
  99   1              P2 = (P2 & 0x1f) | 0x80;  // LED控制开启
 100   1              L3 = 1;  // 要将P0放在这两句代码之间，避免错乱
 101   1              temp_Led_P0 = P0;
 102   1              P2 &= 0x1f;
 103   1      }
 104          // ======================LED4====================
 105          void LED4_On() {
 106   1              P0 = 0xff & temp_Led_P0;
 107   1              P2 = (P2 & 0x1f) | 0x80;  // LED控制开启
 108   1              L4 = 0;  // 要将P0放在这两句代码之间，避免错乱
 109   1              temp_Led_P0 = P0;
 110   1              P2 &= 0x1f;
 111   1      }
 112          void LED4_Off() {
 113   1              P0 = 0xff & temp_Led_P0 & temp_Led_P0;
 114   1              P2 = (P2 & 0x1f) | 0x80;  // LED控制开启
 115   1              L4 = 1;  // 要将P0放在这两句代码之间，避免错乱
 116   1              temp_Led_P0 = P0;
C51 COMPILER V9.60.7.0   MAIN                                                              04/06/2024 22:31:52 PAGE 3   

 117   1              P2 &= 0x1f;
 118   1      }
 119          // ======================LED5====================
 120          void LED5_On() {
 121   1              P0 = 0xff & temp_Led_P0;
 122   1              P2 = (P2 & 0x1f) | 0x80;  // LED控制开启
 123   1              L5 = 0;  // 要将P0放在这两句代码之间，避免错乱
 124   1              temp_Led_P0 = P0;
 125   1              P2 &= 0x1f;
 126   1      }
 127          void LED5_Off() {
 128   1              P0 = 0xff & temp_Led_P0;
 129   1              P2 = (P2 & 0x1f) | 0x80;  // LED控制开启
 130   1              L5 = 1;  // 要将P0放在这两句代码之间，避免错乱
 131   1              temp_Led_P0 = P0;
 132   1              P2 &= 0x1f;
 133   1      }
 134          // ======================LED6====================
 135          void LED6_On() {
 136   1              P0 = 0xff & temp_Led_P0;
 137   1              P2 = (P2 & 0x1f) | 0x80;  // LED控制开启
 138   1              L6 = 0;  // 要将P0放在这两句代码之间，避免错乱
 139   1              temp_Led_P0 = P0;
 140   1              P2 &= 0x1f;
 141   1      }
 142          void LED6_Off() {
 143   1              P0 = 0xff & temp_Led_P0;
 144   1              P2 = (P2 & 0x1f) | 0x80;  // LED控制开启
 145   1              L6 = 1;  // 要将P0放在这两句代码之间，避免错乱
 146   1              temp_Led_P0 = P0;
 147   1              P2 &= 0x1f;
 148   1      }
 149          //=========================================数码管显示==============================================
 150          void Display_SMG(uchar n1,uchar n2,uchar n3,uchar n4,uchar n5,uchar n6,uchar n7,uchar n8)
 151          {
 152   1              char i;
 153   1              P0 = 0xff;
 154   1              P2 = (P2 & 0x1f) | 0xc0;//数码管位选
 155   1              P0 = type2[i];
 156   1              P2 &= 0x1f;
 157   1              switch(i)//数码管位选
 158   1              {
 159   2                      case 0:P2 = (P2 & 0x1f) | 0xe0;P0 = type1[n1];P2 &= 0x1f;break;
 160   2                      case 1:P2 = (P2 & 0x1f) | 0xe0;P0 = type1[n2];P2 &= 0x1f;break;
 161   2                      case 2:P2 = (P2 & 0x1f) | 0xe0;P0 = type1[n3];P2 &= 0x1f;break;
 162   2                      case 3:P2 = (P2 & 0x1f) | 0xe0;P0 = type1[n4];P2 &= 0x1f;break;
 163   2                      case 4:P2 = (P2 & 0x1f) | 0xe0;P0 = type1[n5];P2 &= 0x1f;break;
 164   2                      case 5:P2 = (P2 & 0x1f) | 0xe0;
 165   2                                                                              if(0)  // 根据需要的条件
 166   2                                                                              {
 167   3                                                                                      P0 = type1[n6]&0x7f;  // 加入小数点
 168   3                                                                              }
 169   2                                                                              else
 170   2                                                                                      P0 = type1[n6];
 171   2                                                                                                        P2 &= 0x1f;break;
 172   2                      case 6:P2 = (P2 & 0x1f) | 0xe0;P0 = type1[n7];P2 &= 0x1f;break;
 173   2                      case 7:P2 = (P2 & 0x1f) | 0xe0;P0 = type1[n8];P2 &= 0x1f;break;
 174   2              }
 175   1              if(++i==8)
 176   1                      i = 0;
 177   1      }
 178          //============================================独立按键============================================
C51 COMPILER V9.60.7.0   MAIN                                                              04/06/2024 22:31:52 PAGE 4   

 179          /***************************************************
 180          写法一：
 181          有按键被按下，GN标记，后面根据需要功能进行操作
 182          ***************************************************/
 183          void Delay_Keys(uint t)
 184          {
 185   1              while(t--);
 186   1      }
 187          uchar Scan_Keys_Alone()
 188          {
 189   1              char d;
 190   1              d = (~P3) & 0x0f;
 191   1              if(d == 0) return 0;
 192   1              Delay_Keys(100);
 193   1              if(d == 0) return 0;
 194   1              Delay_Keys(100);
 195   1              return d;
 196   1      }
 197          void Change_Keys_Alone()
 198          {
 199   1              switch(Scan_Keys_Alone())
 200   1              {
 201   2                      case 8:GN = 1;break;//S4
 202   2                      case 4:GN = 2;break;//S5
 203   2                      case 2:GN = 3;break;//S6
 204   2                      case 1:GN = 4;break;//S7
 205   2                      case 0:GN = 0;break;
 206   2              }
 207   1      }
 208          
 209          /***************************************************
 210          写法二：
 211          有按键被按下，按下是一种状态，松开是另一种状态
 212          （如：按下时某个灯亮，松开时灯灭）
 213          ***************************************************/
 214          void ScanKeys_Alone() 
 215          {
 216   1              if (S7 == 0) {
 217   2                      Delay_Keys(100);
 218   2                      if (S7 == 0) {
 219   3                              // =========================================== 代码开始 ======================================
 220   3                              
 221   3                              // =========================================== 代码结束 ======================================
 222   3                              while(S7 == 0);
 223   3                              // =========================================== 代码开始 ======================================
 224   3      
 225   3                              // =========================================== 代码结束 ======================================
 226   3                      }
 227   2              }
 228   1              
 229   1              if (S6 == 0) {
 230   2                      Delay_Keys(100);
 231   2                      if (S6 == 0) {
 232   3                              // =========================================== 代码开始 ======================================
 233   3                              
 234   3                              // =========================================== 代码结束 ======================================
 235   3                              while(S6 == 0);
 236   3                              // =========================================== 代码开始 ======================================
 237   3      
 238   3                              // =========================================== 代码结束 ======================================
 239   3                      }
 240   2              }
C51 COMPILER V9.60.7.0   MAIN                                                              04/06/2024 22:31:52 PAGE 5   

 241   1              
 242   1              if (S5 == 0) {
 243   2                      Delay_Keys(100);
 244   2                      if (S5 == 0) {
 245   3                              // =========================================== 代码开始 ======================================
 246   3      
 247   3                              // =========================================== 代码结束 ======================================
 248   3                              while(S5 == 0);
 249   3                              // =========================================== 代码开始 ======================================
 250   3      
 251   3                              // =========================================== 代码结束 ======================================
 252   3                      }
 253   2              }
 254   1      
 255   1              if (S4 == 0) {
 256   2                      Delay_Keys(100);
 257   2                      if (S4 == 0) {
 258   3                              // =========================================== 代码开始 ======================================
 259   3      
 260   3                              // =========================================== 代码结束 ======================================
 261   3                              while(S4 == 0);
 262   3                              // =========================================== 代码开始 ======================================
 263   3      
 264   3                              // =========================================== 代码结束 ======================================
 265   3                      }
 266   2              }
 267   1      }
 268          
 269          // ================= 代码结束 =============
 270          
 271          //============================================矩阵按键============================================
 272          sfr P4 = 0xc0;
 273          sbit P44 = P4^4;
 274          sbit P42 = P4^2;
 275          
 276          uchar Scan_Keys()
 277          {
 278   1              char H,L;
 279   1              P3 =  0xcf;P44 = 0;P42 = 0;H = (~P3) & 0x0f;
 280   1              if(H == 0) return 0;
 281   1              Delay_Keys(100);
 282   1              P3 =  0xcf;P44 = 0;P42 = 0;H = (~P3) & 0x0f;
 283   1              if(H == 0) return 0;
 284   1              P3 =  0xf0;P44 = 1;P42 = 1;L = (~P3) & 0x30;
 285   1              if(P44 == 0) L |= 0x80;
 286   1              if(P42 == 0) L |= 0x40;
 287   1              return (H+L);
 288   1      }
 289          
 290          void Change_Keys()
 291          {
 292   1              switch(Scan_Keys())
 293   1              {
 294   2                      case 0x88:GN = 4;break;  // S4
 295   2                      case 0x84:GN = 5;break;  // S5
 296   2                      case 0x82:GN = 6;break;  // S6
 297   2                      case 0x81:GN = 7;break;  // S7
 298   2                      case 0x48:GN = 8;break;  // S8
 299   2                      case 0x44:GN = 9;break;  // S9
 300   2                      case 0x42:GN = 10;break;  // S10
 301   2                      case 0x41:GN = 11;break;  // S11
 302   2                      case 0x28:GN = 12;break;  // S12
C51 COMPILER V9.60.7.0   MAIN                                                              04/06/2024 22:31:52 PAGE 6   

 303   2                      case 0x24:GN = 13;break;  // S13
 304   2                      case 0x22:GN = 14;break;  // S14
 305   2                      case 0x21:GN = 15;break;  // S15
 306   2                      case 0x18:GN = 16;break;  // S16
 307   2                      case 0x14:GN = 17;break;  // S17
 308   2                      case 0x12:GN = 18;break;  // S18
 309   2                      case 0x11:GN = 19;break;  // S19
 310   2                      case 0:GN = 0;break;
 311   2              }
 312   1      }
 313          //============================================定时器T0初始化=======================================
 314          uchar count = 0;
 315          uchar pwm_dut = 0;//占空比
 316          void Init_T0()
 317          {
 318   1              TMOD = (TMOD & 0xf0) | 0x01;  // 定时
 319   1              TH0 = (65536 - 100) / 256;  // 50ms
 320   1              TL0 = (65536 - 100) % 256; 
 321   1              
 322   1              EA = 1;
 323   1              ET0 = 1;
 324   1      //      TR0 = 1;
 325   1      }
 326          //============================================定时器T1初始化=======================================
 327          void Init_T1()
 328          {
 329   1              TMOD = (TMOD & 0x0f) | 0x10;//定时
 330   1              TH1 = (65536 - 2000) / 256;//2ms
 331   1              TL1 = (65536 - 2000) % 256;
 332   1              
 333   1              EA = 1;
 334   1              ET1 = 1;
 335   1              TR1 = 1;
 336   1      }
 337          //==========================================系统初始化=============================================
 338          void Init_Sys()
 339          {
 340   1              P2 = (P2 & 0x1f) | 0x80;  // LED
 341   1              P0 = 0xff;
 342   1              P2 &= 0x1f;
 343   1              P2 = (P2 & 0x1f) | 0xa0;  // 蜂鸣器，寄存器
 344   1              P0 = 0x00;
 345   1              P2 &= 0x1f;
 346   1              P2 = (P2 & 0x1f) | 0xc0;  // 数码管
 347   1              P0 = 0xff;
 348   1              P2 &= 0x1f;
 349   1              P2 = (P2 & 0x1f) | 0xe0;
 350   1              P0 = 0xff;
 351   1              
 352   1              num1=num2=num3=num4=num5=num6=num7=num8=10;
 353   1      }
 354          
 355          void LED_control() {
 356   1              // ================= 测试开始 =============
 357   1      //      P2 = (P2 & 0x1f) | 0x80;  // LED控制开启
 358   1      //      P0 = 0x7f;  // 要将P0放在这两句代码之间，避免错乱
 359   1      //      P2 &= 0x1f;
 360   1              // ================= 测试结束 =============
 361   1              
 362   1              // =========================================== 代码开始 ======================================
 363   1              
 364   1              // =========================================== 代码结束 ======================================
C51 COMPILER V9.60.7.0   MAIN                                                              04/06/2024 22:31:52 PAGE 7   

 365   1      }
 366          
 367          void main()
 368          {
 369   1              Init_Sys();
 370   1              Init_T1();
 371   1              
 372   1              while(1)
 373   1              {
 374   2      //              LED_control();
 375   2              if(f_2ms == 1)
 376   2              {
 377   3                  f_2ms = 0;                  
 378   3                              LED_control();  // xxx
 379   3                              // =======================按键开始========================
 380   3                              /*根据需要选择对应的按键类型*/
 381   3      //                      Change_Keys_Alone();  // 1.独立按键扫描(1)
 382   3      //                      ScanKeys_Alone();     // 2.独立按键扫描(2)
 383   3                              Change_Keys();        // 3.矩阵按键扫描
 384   3                              if (GN == 16) {  // S16
 385   4                                      // =========================================== 代码开始 ======================================
 386   4                                      LED1_On();
 387   4                                      // =========================================== 代码结束 ======================================
 388   4                                      while(Scan_Keys());
 389   4                                      // =========================================== 代码开始 ======================================
 390   4                                      LED1_Off();
 391   4                                      // =========================================== 代码结束 ======================================
 392   4                              }
 393   3                              // 根据需要添加对应按键
 394   3                              // =======================按键结束========================
 395   3                              
 396   3                              // =========================================== 代码开始 ======================================
 397   3                              
 398   3                              // =========================================== 代码结束 ======================================
 399   3              }
 400   2          }
 401   1      }
 402          
 403          void Service_T0() interrupt 2
 404          {
 405   1              TH0 = (65536 - 50000) / 256;
 406   1              TL0 = (65536 - 50000) % 256;
 407   1              
 408   1              f_50ms = 1;
 409   1              
 410   1      }
 411          
 412          void Service_T1() interrupt 3
 413          {
 414   1              TH1 = (65536 - 2000) / 256;
 415   1              TL1 = (65536 - 2000) % 256;
 416   1              
 417   1              f_2ms = 1;
 418   1              
 419   1              /***************************************************
 420   1              与时间相关的变量的更新放在里面
 421   1              注意：不要把消耗过长时间的代码（如for循环等）放在这里，容易造成错乱
 422   1              ***************************************************/
 423   1              // =========================================== 代码开始 ======================================
 424   1              num_2ms ++ ;
 425   1              if (num_2ms == 500) {
 426   2                      f_1s = 1;
C51 COMPILER V9.60.7.0   MAIN                                                              04/06/2024 22:31:52 PAGE 8   

 427   2                      num_2ms = 0;
 428   2              }
 429   1              if (f_1s == 1) {
 430   2                      f_1s = 0;
 431   2                      num_s ++ ;
 432   2                      if (num_s == 9) 
 433   2                      num_s = 0;
 434   2              }
 435   1              num1 = 2;num2 = 0; num3 = 2; num4 = 4;
 436   1              num5=num6=11;
 437   1              num7=num_s / 10, num8=num_s % 10;
 438   1              // =========================================== 代码结束 ======================================
 439   1              
 440   1              Display_SMG(num1,num2,num3,num4,num5,num6,num7,num8);//2ms刷新数码管
 441   1      }
*** WARNING C294 IN LINE 167 OF main.c: unreachable code


MODULE INFORMATION:   STATIC OVERLAYABLE
   CODE SIZE        =   1166    ----
   CONSTANT SIZE    =     23    ----
   XDATA SIZE       =   ----    ----
   PDATA SIZE       =   ----    ----
   DATA SIZE        =     16       9
   IDATA SIZE       =   ----    ----
   BIT SIZE         =      3    ----
END OF MODULE INFORMATION.


C51 COMPILATION COMPLETE.  1 WARNING(S),  0 ERROR(S)
